<?xml version="1.0" encoding="UTF-8"?>
<coverage generated="1563860325108" clover="3.2.0">
  <project timestamp="1563860325108" name="All files">
    <metrics statements="7368" coveredstatements="3630" conditionals="4190" coveredconditionals="1027" methods="2075" coveredmethods="578" elements="13633" coveredelements="5235" complexity="0" loc="7368" ncloc="7368" packages="135" files="408" classes="408">
      <package name="app-v2">
        <metrics statements="75" coveredstatements="20" conditionals="18" coveredconditionals="0" methods="39" coveredmethods="0"/>
        <file name="common.js" path="/home/tt/Desktop/trips3m_web/app-v2/common.js">
          <metrics statements="75" coveredstatements="20" conditionals="18" coveredconditionals="0" methods="39" coveredmethods="0"/>
          <line num="3" count="4" type="stmt"/>
          <line num="11" count="0" type="cond" truecount="0" falsecount="18"/>
          <line num="13" count="0" type="stmt"/>
          <line num="16" count="0" type="stmt"/>
          <line num="19" count="0" type="stmt"/>
          <line num="22" count="0" type="stmt"/>
          <line num="25" count="0" type="stmt"/>
          <line num="28" count="0" type="stmt"/>
          <line num="31" count="0" type="stmt"/>
          <line num="34" count="0" type="stmt"/>
          <line num="37" count="0" type="stmt"/>
          <line num="40" count="0" type="stmt"/>
          <line num="43" count="0" type="stmt"/>
          <line num="46" count="0" type="stmt"/>
          <line num="49" count="0" type="stmt"/>
          <line num="52" count="0" type="stmt"/>
          <line num="55" count="0" type="stmt"/>
          <line num="58" count="0" type="stmt"/>
          <line num="61" count="0" type="stmt"/>
          <line num="64" count="0" type="stmt"/>
          <line num="70" count="4" type="stmt"/>
          <line num="72" count="4" type="stmt"/>
          <line num="73" count="0" type="stmt"/>
          <line num="75" count="0" type="stmt"/>
          <line num="78" count="4" type="stmt"/>
          <line num="79" count="0" type="stmt"/>
          <line num="81" count="0" type="stmt"/>
          <line num="84" count="4" type="stmt"/>
          <line num="85" count="0" type="stmt"/>
          <line num="87" count="0" type="stmt"/>
          <line num="90" count="4" type="stmt"/>
          <line num="91" count="0" type="stmt"/>
          <line num="93" count="0" type="stmt"/>
          <line num="96" count="4" type="stmt"/>
          <line num="97" count="0" type="stmt"/>
          <line num="99" count="0" type="stmt"/>
          <line num="102" count="4" type="stmt"/>
          <line num="103" count="0" type="stmt"/>
          <line num="105" count="0" type="stmt"/>
          <line num="108" count="4" type="stmt"/>
          <line num="109" count="0" type="stmt"/>
          <line num="111" count="0" type="stmt"/>
          <line num="114" count="4" type="stmt"/>
          <line num="115" count="0" type="stmt"/>
          <line num="117" count="0" type="stmt"/>
          <line num="120" count="4" type="stmt"/>
          <line num="121" count="0" type="stmt"/>
          <line num="123" count="0" type="stmt"/>
          <line num="126" count="4" type="stmt"/>
          <line num="127" count="0" type="stmt"/>
          <line num="129" count="0" type="stmt"/>
          <line num="132" count="4" type="stmt"/>
          <line num="133" count="0" type="stmt"/>
          <line num="135" count="0" type="stmt"/>
          <line num="138" count="4" type="stmt"/>
          <line num="139" count="0" type="stmt"/>
          <line num="141" count="0" type="stmt"/>
          <line num="144" count="4" type="stmt"/>
          <line num="145" count="0" type="stmt"/>
          <line num="147" count="0" type="stmt"/>
          <line num="150" count="4" type="stmt"/>
          <line num="151" count="0" type="stmt"/>
          <line num="153" count="0" type="stmt"/>
          <line num="156" count="4" type="stmt"/>
          <line num="157" count="0" type="stmt"/>
          <line num="159" count="0" type="stmt"/>
          <line num="162" count="4" type="stmt"/>
          <line num="163" count="0" type="stmt"/>
          <line num="165" count="0" type="stmt"/>
          <line num="168" count="4" type="stmt"/>
          <line num="169" count="0" type="stmt"/>
          <line num="171" count="0" type="stmt"/>
          <line num="174" count="4" type="stmt"/>
          <line num="175" count="0" type="stmt"/>
          <line num="177" count="0" type="stmt"/>
        </file>
      </package>
      <package name="app-v2.modules.aboutUs">
        <metrics statements="6" coveredstatements="6" conditionals="0" coveredconditionals="0" methods="1" coveredmethods="1"/>
        <file name="AboutUs.js" path="/home/tt/Desktop/trips3m_web/app-v2/modules/aboutUs/AboutUs.js">
          <metrics statements="6" coveredstatements="6" conditionals="0" coveredconditionals="0" methods="1" coveredmethods="1"/>
          <line num="19" count="1" type="stmt"/>
          <line num="25" count="1" type="stmt"/>
          <line num="26" count="1" type="stmt"/>
          <line num="27" count="1" type="stmt"/>
          <line num="78" count="1" type="stmt"/>
          <line num="84" count="1" type="stmt"/>
        </file>
      </package>
      <package name="app-v2.modules.chat">
        <metrics statements="121" coveredstatements="52" conditionals="59" coveredconditionals="15" methods="31" coveredmethods="4"/>
        <file name="Chat.js" path="/home/tt/Desktop/trips3m_web/app-v2/modules/chat/Chat.js">
          <metrics statements="45" coveredstatements="10" conditionals="31" coveredconditionals="10" methods="12" coveredmethods="3"/>
          <line num="44" count="1" type="stmt"/>
          <line num="45" count="1" type="stmt"/>
          <line num="52" count="1" type="stmt"/>
          <line num="53" count="1" type="stmt"/>
          <line num="57" count="1" type="stmt"/>
          <line num="58" count="1" type="cond" truecount="1" falsecount="1"/>
          <line num="59" count="0" type="stmt"/>
          <line num="60" count="0" type="stmt"/>
          <line num="62" count="0" type="stmt"/>
          <line num="65" count="1" type="stmt"/>
          <line num="67" count="0" type="cond" truecount="0" falsecount="5"/>
          <line num="69" count="0" type="stmt"/>
          <line num="70" count="0" type="stmt"/>
          <line num="75" count="0" type="stmt"/>
          <line num="76" count="0" type="cond" truecount="0" falsecount="2"/>
          <line num="77" count="0" type="stmt"/>
          <line num="78" count="0" type="stmt"/>
          <line num="80" count="0" type="stmt"/>
          <line num="86" count="0" type="cond" truecount="0" falsecount="2"/>
          <line num="87" count="0" type="stmt"/>
          <line num="90" count="0" type="stmt"/>
          <line num="91" count="0" type="stmt"/>
          <line num="93" count="0" type="cond" truecount="0" falsecount="4"/>
          <line num="94" count="0" type="stmt"/>
          <line num="95" count="0" type="stmt"/>
          <line num="96" count="0" type="stmt"/>
          <line num="97" count="0" type="cond" truecount="0" falsecount="2"/>
          <line num="98" count="0" type="stmt"/>
          <line num="102" count="0" type="stmt"/>
          <line num="103" count="0" type="cond" truecount="0" falsecount="2"/>
          <line num="104" count="0" type="stmt"/>
          <line num="111" count="0" type="stmt"/>
          <line num="115" count="0" type="stmt"/>
          <line num="116" count="0" type="stmt"/>
          <line num="121" count="0" type="stmt"/>
          <line num="122" count="0" type="stmt"/>
          <line num="123" count="0" type="stmt"/>
          <line num="143" count="0" type="stmt"/>
          <line num="144" count="0" type="stmt"/>
          <line num="150" count="0" type="stmt"/>
          <line num="155" count="0" type="cond" truecount="0" falsecount="2"/>
          <line num="156" count="0" type="stmt"/>
          <line num="165" count="1" type="stmt"/>
          <line num="167" count="1" type="stmt"/>
          <line num="175" count="1" type="stmt"/>
        </file>
        <file name="G.js" path="/home/tt/Desktop/trips3m_web/app-v2/modules/chat/G.js">
          <metrics statements="10" coveredstatements="10" conditionals="0" coveredconditionals="0" methods="0" coveredmethods="0"/>
          <line num="3" count="13" type="stmt"/>
          <line num="8" count="13" type="stmt"/>
          <line num="33" count="13" type="stmt"/>
          <line num="44" count="13" type="stmt"/>
          <line num="59" count="13" type="stmt"/>
          <line num="66" count="13" type="stmt"/>
          <line num="72" count="13" type="stmt"/>
          <line num="89" count="13" type="stmt"/>
          <line num="95" count="13" type="stmt"/>
          <line num="104" count="13" type="stmt"/>
        </file>
        <file name="action.js" path="/home/tt/Desktop/trips3m_web/app-v2/modules/chat/action.js">
          <metrics statements="39" coveredstatements="20" conditionals="15" coveredconditionals="0" methods="14" coveredmethods="0"/>
          <line num="3" count="11" type="stmt"/>
          <line num="4" count="11" type="stmt"/>
          <line num="5" count="11" type="stmt"/>
          <line num="7" count="11" type="stmt"/>
          <line num="8" count="11" type="stmt"/>
          <line num="9" count="11" type="stmt"/>
          <line num="11" count="11" type="stmt"/>
          <line num="12" count="11" type="stmt"/>
          <line num="13" count="11" type="stmt"/>
          <line num="15" count="11" type="stmt"/>
          <line num="16" count="11" type="stmt"/>
          <line num="17" count="11" type="stmt"/>
          <line num="19" count="11" type="stmt"/>
          <line num="20" count="11" type="stmt"/>
          <line num="22" count="11" type="stmt"/>
          <line num="23" count="0" type="cond" truecount="0" falsecount="2"/>
          <line num="24" count="0" type="stmt"/>
          <line num="26" count="0" type="stmt"/>
          <line num="30" count="0" type="stmt"/>
          <line num="35" count="11" type="stmt"/>
          <line num="36" count="0" type="stmt"/>
          <line num="38" count="0" type="stmt"/>
          <line num="48" count="11" type="stmt"/>
          <line num="49" count="0" type="stmt"/>
          <line num="50" count="0" type="cond" truecount="0" falsecount="3"/>
          <line num="51" count="0" type="cond" truecount="0" falsecount="2"/>
          <line num="52" count="0" type="stmt"/>
          <line num="53" count="0" type="cond" truecount="0" falsecount="2"/>
          <line num="54" count="0" type="stmt"/>
          <line num="57" count="0" type="stmt"/>
          <line num="59" count="0" type="stmt"/>
          <line num="69" count="11" type="stmt"/>
          <line num="70" count="0" type="cond" truecount="0" falsecount="2"/>
          <line num="72" count="0" type="cond" truecount="0" falsecount="4"/>
          <line num="74" count="0" type="stmt"/>
          <line num="81" count="11" type="stmt"/>
          <line num="82" count="0" type="stmt"/>
          <line num="84" count="0" type="stmt"/>
          <line num="98" count="11" type="stmt"/>
        </file>
        <file name="index.js" path="/home/tt/Desktop/trips3m_web/app-v2/modules/chat/index.js">
          <metrics statements="4" coveredstatements="1" conditionals="0" coveredconditionals="0" methods="1" coveredmethods="0"/>
          <line num="18" count="10" type="stmt"/>
          <line num="20" count="0" type="stmt"/>
          <line num="21" count="0" type="stmt"/>
          <line num="23" count="0" type="stmt"/>
        </file>
        <file name="reducer.js" path="/home/tt/Desktop/trips3m_web/app-v2/modules/chat/reducer.js">
          <metrics statements="23" coveredstatements="11" conditionals="13" coveredconditionals="5" methods="4" coveredmethods="1"/>
          <line num="18" count="11" type="stmt"/>
          <line num="29" count="4" type="cond" truecount="4" falsecount="2"/>
          <line num="31" count="1" type="stmt"/>
          <line num="40" count="1" type="stmt"/>
          <line num="41" count="1" type="cond" truecount="1" falsecount="1"/>
          <line num="42" count="0" type="stmt"/>
          <line num="43" count="0" type="stmt"/>
          <line num="46" count="0" type="stmt"/>
          <line num="49" count="1" type="stmt"/>
          <line num="54" count="0" type="stmt"/>
          <line num="55" count="0" type="stmt"/>
          <line num="62" count="0" type="stmt"/>
          <line num="63" count="0" type="stmt"/>
          <line num="70" count="1" type="stmt"/>
          <line num="75" count="1" type="stmt"/>
          <line num="80" count="11" type="stmt"/>
          <line num="81" count="0" type="cond" truecount="0" falsecount="2"/>
          <line num="82" count="0" type="stmt"/>
          <line num="89" count="0" type="stmt"/>
          <line num="94" count="11" type="stmt"/>
          <line num="95" count="0" type="stmt"/>
          <line num="98" count="11" type="stmt"/>
          <line num="99" count="0" type="cond" truecount="0" falsecount="2"/>
        </file>
      </package>
      <package name="app-v2.modules.chat.components">
        <metrics statements="63" coveredstatements="43" conditionals="40" coveredconditionals="20" methods="23" coveredmethods="14"/>
        <file name="ChatHeader.js" path="/home/tt/Desktop/trips3m_web/app-v2/modules/chat/components/ChatHeader.js">
          <metrics statements="3" coveredstatements="3" conditionals="0" coveredconditionals="0" methods="1" coveredmethods="1"/>
          <line num="10" count="12" type="stmt"/>
          <line num="23" count="1" type="stmt"/>
          <line num="25" count="1" type="stmt"/>
        </file>
        <file name="ChatInput.js" path="/home/tt/Desktop/trips3m_web/app-v2/modules/chat/components/ChatInput.js">
          <metrics statements="30" coveredstatements="22" conditionals="14" coveredconditionals="10" methods="11" coveredmethods="7"/>
          <line num="18" count="5" type="stmt"/>
          <line num="19" count="5" type="stmt"/>
          <line num="20" count="5" type="stmt"/>
          <line num="21" count="5" type="stmt"/>
          <line num="22" count="5" type="stmt"/>
          <line num="23" count="5" type="stmt"/>
          <line num="24" count="5" type="stmt"/>
          <line num="25" count="5" type="stmt"/>
          <line num="31" count="2" type="cond" truecount="1" falsecount="1"/>
          <line num="32" count="0" type="stmt"/>
          <line num="37" count="0" type="stmt"/>
          <line num="41" count="2" type="stmt"/>
          <line num="43" count="2" type="cond" truecount="2" falsecount="0"/>
          <line num="44" count="1" type="stmt"/>
          <line num="47" count="2" type="stmt"/>
          <line num="51" count="2" type="stmt"/>
          <line num="55" count="0" type="stmt"/>
          <line num="56" count="0" type="stmt"/>
          <line num="60" count="0" type="stmt"/>
          <line num="61" count="0" type="stmt"/>
          <line num="65" count="1" type="cond" truecount="1" falsecount="1"/>
          <line num="66" count="1" type="stmt"/>
          <line num="67" count="1" type="stmt"/>
          <line num="72" count="2" type="cond" truecount="1" falsecount="1"/>
          <line num="73" count="2" type="stmt"/>
          <line num="78" count="11" type="stmt"/>
          <line num="84" count="11" type="stmt"/>
          <line num="86" count="11" type="stmt"/>
          <line num="100" count="0" type="stmt"/>
          <line num="112" count="0" type="stmt"/>
        </file>
        <file name="ChatMessages.js" path="/home/tt/Desktop/trips3m_web/app-v2/modules/chat/components/ChatMessages.js">
          <metrics statements="18" coveredstatements="9" conditionals="22" coveredconditionals="9" methods="7" coveredmethods="5"/>
          <line num="27" count="5" type="stmt"/>
          <line num="28" count="5" type="stmt"/>
          <line num="32" count="0" type="stmt"/>
          <line num="33" count="0" type="cond" truecount="0" falsecount="2"/>
          <line num="34" count="0" type="cond" truecount="0" falsecount="2"/>
          <line num="35" count="0" type="stmt"/>
          <line num="40" count="0" type="stmt"/>
          <line num="44" count="1" type="stmt"/>
          <line num="48" count="30" type="cond" truecount="1" falsecount="1"/>
          <line num="49" count="30" type="stmt"/>
          <line num="52" count="0" type="cond" truecount="0" falsecount="2"/>
          <line num="53" count="0" type="stmt"/>
          <line num="54" count="0" type="stmt"/>
          <line num="57" count="0" type="stmt"/>
          <line num="61" count="5" type="stmt"/>
          <line num="62" count="5" type="stmt"/>
          <line num="64" count="5" type="stmt"/>
          <line num="83" count="30" type="cond" truecount="1" falsecount="1"/>
        </file>
        <file name="IncomingMessage.js" path="/home/tt/Desktop/trips3m_web/app-v2/modules/chat/components/IncomingMessage.js">
          <metrics statements="6" coveredstatements="4" conditionals="2" coveredconditionals="0" methods="2" coveredmethods="0"/>
          <line num="9" count="12" type="stmt"/>
          <line num="11" count="12" type="stmt"/>
          <line num="14" count="0" type="stmt"/>
          <line num="20" count="0" type="stmt"/>
          <line num="30" count="12" type="stmt"/>
          <line num="39" count="12" type="stmt"/>
        </file>
        <file name="OutgoingMessage.js" path="/home/tt/Desktop/trips3m_web/app-v2/modules/chat/components/OutgoingMessage.js">
          <metrics statements="6" coveredstatements="5" conditionals="2" coveredconditionals="1" methods="2" coveredmethods="1"/>
          <line num="9" count="12" type="stmt"/>
          <line num="11" count="12" type="stmt"/>
          <line num="19" count="30" type="stmt"/>
          <line num="25" count="0" type="stmt"/>
          <line num="35" count="12" type="stmt"/>
          <line num="46" count="12" type="stmt"/>
        </file>
      </package>
      <package name="app-v2.modules.cityBlock.EntryFees">
        <metrics statements="18" coveredstatements="7" conditionals="15" coveredconditionals="0" methods="9" coveredmethods="0"/>
        <file name="EntryFeesDays.js" path="/home/tt/Desktop/trips3m_web/app-v2/modules/cityBlock/EntryFees/EntryFeesDays.js">
          <metrics statements="5" coveredstatements="3" conditionals="11" coveredconditionals="0" methods="2" coveredmethods="0"/>
          <line num="9" count="1" type="stmt"/>
          <line num="25" count="1" type="stmt"/>
          <line num="26" count="0" type="stmt"/>
          <line num="33" count="0" type="stmt"/>
          <line num="58" count="1" type="stmt"/>
        </file>
        <file name="EntryFeesDaysData.js" path="/home/tt/Desktop/trips3m_web/app-v2/modules/cityBlock/EntryFees/EntryFeesDaysData.js">
          <metrics statements="13" coveredstatements="4" conditionals="4" coveredconditionals="0" methods="7" coveredmethods="0"/>
          <line num="5" count="1" type="stmt"/>
          <line num="25" count="1" type="stmt"/>
          <line num="31" count="0" type="stmt"/>
          <line num="32" count="0" type="stmt"/>
          <line num="38" count="0" type="stmt"/>
          <line num="41" count="0" type="stmt"/>
          <line num="45" count="0" type="stmt"/>
          <line num="46" count="0" type="stmt"/>
          <line num="50" count="0" type="stmt"/>
          <line num="52" count="0" type="cond" truecount="0" falsecount="2"/>
          <line num="59" count="0" type="stmt"/>
          <line num="71" count="1" type="stmt"/>
          <line num="76" count="1" type="stmt"/>
        </file>
      </package>
      <package name="app-v2.modules.cityBlock.Timing">
        <metrics statements="7" coveredstatements="4" conditionals="3" coveredconditionals="0" methods="3" coveredmethods="0"/>
        <file name="TimingList.js" path="/home/tt/Desktop/trips3m_web/app-v2/modules/cityBlock/Timing/TimingList.js">
          <metrics statements="7" coveredstatements="4" conditionals="3" coveredconditionals="0" methods="3" coveredmethods="0"/>
          <line num="6" count="1" type="stmt"/>
          <line num="19" count="1" type="stmt"/>
          <line num="28" count="1" type="stmt"/>
          <line num="29" count="0" type="stmt"/>
          <line num="34" count="0" type="stmt"/>
          <line num="38" count="0" type="stmt"/>
          <line num="47" count="1" type="stmt"/>
        </file>
      </package>
      <package name="app-v2.modules.cityBlock.Tips">
        <metrics statements="6" coveredstatements="4" conditionals="3" coveredconditionals="0" methods="2" coveredmethods="0"/>
        <file name="TipsList.js" path="/home/tt/Desktop/trips3m_web/app-v2/modules/cityBlock/Tips/TipsList.js">
          <metrics statements="6" coveredstatements="4" conditionals="3" coveredconditionals="0" methods="2" coveredmethods="0"/>
          <line num="7" count="1" type="stmt"/>
          <line num="19" count="1" type="stmt"/>
          <line num="29" count="1" type="stmt"/>
          <line num="30" count="0" type="stmt"/>
          <line num="35" count="0" type="stmt"/>
          <line num="45" count="1" type="stmt"/>
        </file>
      </package>
      <package name="app-v2.modules.common">
        <metrics statements="8" coveredstatements="6" conditionals="0" coveredconditionals="0" methods="1" coveredmethods="0"/>
        <file name="SlideItem.js" path="/home/tt/Desktop/trips3m_web/app-v2/modules/common/SlideItem.js">
          <metrics statements="8" coveredstatements="6" conditionals="0" coveredconditionals="0" methods="1" coveredmethods="0"/>
          <line num="5" count="1" type="stmt"/>
          <line num="13" count="1" type="stmt"/>
          <line num="19" count="1" type="stmt"/>
          <line num="28" count="1" type="stmt"/>
          <line num="34" count="1" type="stmt"/>
          <line num="35" count="0" type="stmt"/>
          <line num="36" count="0" type="stmt"/>
          <line num="47" count="1" type="stmt"/>
        </file>
      </package>
      <package name="app-v2.modules.common.ErrorBoundary">
        <metrics statements="26" coveredstatements="6" conditionals="16" coveredconditionals="0" methods="5" coveredmethods="0"/>
        <file name="index.js" path="/home/tt/Desktop/trips3m_web/app-v2/modules/common/ErrorBoundary/index.js">
          <metrics statements="26" coveredstatements="6" conditionals="16" coveredconditionals="0" methods="5" coveredmethods="0"/>
          <line num="6" count="3" type="stmt"/>
          <line num="7" count="3" type="stmt"/>
          <line num="8" count="3" type="stmt"/>
          <line num="12" count="3" type="stmt"/>
          <line num="28" count="0" type="stmt"/>
          <line num="29" count="0" type="cond" truecount="0" falsecount="2"/>
          <line num="30" count="0" type="cond" truecount="0" falsecount="2"/>
          <line num="31" count="0" type="stmt"/>
          <line num="44" count="0" type="stmt"/>
          <line num="48" count="0" type="stmt"/>
          <line num="52" count="0" type="cond" truecount="0" falsecount="2"/>
          <line num="53" count="0" type="stmt"/>
          <line num="64" count="0" type="stmt"/>
          <line num="70" count="0" type="cond" truecount="0" falsecount="2"/>
          <line num="71" count="0" type="cond" truecount="0" falsecount="2"/>
          <line num="72" count="0" type="stmt"/>
          <line num="73" count="0" type="stmt"/>
          <line num="74" count="0" type="stmt"/>
          <line num="76" count="0" type="cond" truecount="0" falsecount="2"/>
          <line num="77" count="0" type="stmt"/>
          <line num="81" count="0" type="cond" truecount="0" falsecount="2"/>
          <line num="82" count="0" type="stmt"/>
          <line num="84" count="0" type="stmt"/>
          <line num="85" count="0" type="stmt"/>
          <line num="91" count="3" type="stmt"/>
          <line num="107" count="3" type="stmt"/>
        </file>
      </package>
      <package name="app-v2.modules.discountEngine">
        <metrics statements="78" coveredstatements="25" conditionals="36" coveredconditionals="5" methods="31" coveredmethods="4"/>
        <file name="DiscountOffer.js" path="/home/tt/Desktop/trips3m_web/app-v2/modules/discountEngine/DiscountOffer.js">
          <metrics statements="48" coveredstatements="8" conditionals="36" coveredconditionals="5" methods="16" coveredmethods="4"/>
          <line num="38" count="1" type="stmt"/>
          <line num="39" count="1" type="stmt"/>
          <line num="43" count="1" type="cond" truecount="3" falsecount="0"/>
          <line num="44" count="1" type="stmt"/>
          <line num="48" count="1" type="cond" truecount="1" falsecount="1"/>
          <line num="49" count="0" type="stmt"/>
          <line num="54" count="0" type="cond" truecount="0" falsecount="2"/>
          <line num="55" count="0" type="stmt"/>
          <line num="60" count="0" type="cond" truecount="0" falsecount="4"/>
          <line num="61" count="0" type="stmt"/>
          <line num="63" count="0" type="stmt"/>
          <line num="65" count="0" type="stmt"/>
          <line num="67" count="0" type="stmt"/>
          <line num="89" count="0" type="stmt"/>
          <line num="95" count="0" type="stmt"/>
          <line num="96" count="0" type="cond" truecount="0" falsecount="4"/>
          <line num="97" count="0" type="stmt"/>
          <line num="103" count="0" type="cond" truecount="0" falsecount="2"/>
          <line num="104" count="0" type="cond" truecount="0" falsecount="2"/>
          <line num="105" count="0" type="stmt"/>
          <line num="106" count="0" type="stmt"/>
          <line num="109" count="0" type="stmt"/>
          <line num="113" count="0" type="stmt"/>
          <line num="118" count="0" type="stmt"/>
          <line num="123" count="0" type="stmt"/>
          <line num="125" count="0" type="cond" truecount="0" falsecount="5"/>
          <line num="126" count="0" type="stmt"/>
          <line num="129" count="0" type="stmt"/>
          <line num="130" count="0" type="stmt"/>
          <line num="131" count="0" type="stmt"/>
          <line num="133" count="0" type="cond" truecount="0" falsecount="2"/>
          <line num="134" count="0" type="stmt"/>
          <line num="136" count="0" type="cond" truecount="0" falsecount="2"/>
          <line num="137" count="0" type="cond" truecount="0" falsecount="2"/>
          <line num="139" count="0" type="stmt"/>
          <line num="140" count="0" type="stmt"/>
          <line num="141" count="0" type="stmt"/>
          <line num="144" count="0" type="stmt"/>
          <line num="155" count="0" type="cond" truecount="0" falsecount="2"/>
          <line num="156" count="0" type="stmt"/>
          <line num="160" count="0" type="stmt"/>
          <line num="164" count="0" type="cond" truecount="0" falsecount="2"/>
          <line num="165" count="0" type="stmt"/>
          <line num="177" count="1" type="stmt"/>
          <line num="179" count="1" type="stmt"/>
          <line num="185" count="0" type="stmt"/>
          <line num="186" count="0" type="stmt"/>
          <line num="199" count="1" type="stmt"/>
        </file>
        <file name="action.js" path="/home/tt/Desktop/trips3m_web/app-v2/modules/discountEngine/action.js">
          <metrics statements="29" coveredstatements="17" conditionals="0" coveredconditionals="0" methods="14" coveredmethods="0"/>
          <line num="10" count="11" type="stmt"/>
          <line num="11" count="11" type="stmt"/>
          <line num="12" count="11" type="stmt"/>
          <line num="13" count="11" type="stmt"/>
          <line num="14" count="11" type="stmt"/>
          <line num="15" count="11" type="stmt"/>
          <line num="16" count="11" type="stmt"/>
          <line num="17" count="11" type="stmt"/>
          <line num="18" count="11" type="stmt"/>
          <line num="19" count="11" type="stmt"/>
          <line num="20" count="11" type="stmt"/>
          <line num="21" count="11" type="stmt"/>
          <line num="22" count="11" type="stmt"/>
          <line num="23" count="11" type="stmt"/>
          <line num="24" count="11" type="stmt"/>
          <line num="27" count="0" type="stmt"/>
          <line num="33" count="0" type="stmt"/>
          <line num="39" count="0" type="stmt"/>
          <line num="45" count="0" type="stmt"/>
          <line num="55" count="0" type="stmt"/>
          <line num="61" count="0" type="stmt"/>
          <line num="71" count="0" type="stmt"/>
          <line num="77" count="0" type="stmt"/>
          <line num="83" count="11" type="stmt"/>
          <line num="84" count="0" type="stmt"/>
          <line num="87" count="11" type="stmt"/>
          <line num="88" count="0" type="stmt"/>
          <line num="92" count="0" type="stmt"/>
          <line num="98" count="0" type="stmt"/>
        </file>
        <file name="index.js" path="/home/tt/Desktop/trips3m_web/app-v2/modules/discountEngine/index.js">
          <metrics statements="1" coveredstatements="0" conditionals="0" coveredconditionals="0" methods="1" coveredmethods="0"/>
          <line num="16" count="0" type="stmt"/>
        </file>
      </package>
      <package name="app-v2.modules.discountEngine.components">
        <metrics statements="48" coveredstatements="14" conditionals="38" coveredconditionals="0" methods="27" coveredmethods="0"/>
        <file name="AppliedCouponBanner.js" path="/home/tt/Desktop/trips3m_web/app-v2/modules/discountEngine/components/AppliedCouponBanner.js">
          <metrics statements="7" coveredstatements="4" conditionals="3" coveredconditionals="0" methods="3" coveredmethods="0"/>
          <line num="9" count="3" type="stmt"/>
          <line num="11" count="3" type="stmt"/>
          <line num="14" count="0" type="cond" truecount="0" falsecount="1"/>
          <line num="15" count="0" type="cond" truecount="0" falsecount="2"/>
          <line num="23" count="0" type="stmt"/>
          <line num="39" count="3" type="stmt"/>
          <line num="45" count="3" type="stmt"/>
        </file>
        <file name="DiscountOfferInput.js" path="/home/tt/Desktop/trips3m_web/app-v2/modules/discountEngine/components/DiscountOfferInput.js">
          <metrics statements="5" coveredstatements="2" conditionals="3" coveredconditionals="0" methods="2" coveredmethods="0"/>
          <line num="4" count="3" type="stmt"/>
          <line num="5" count="0" type="stmt"/>
          <line num="14" count="0" type="stmt"/>
          <line num="15" count="0" type="stmt"/>
          <line num="22" count="3" type="stmt"/>
        </file>
        <file name="DiscountOfferList.js" path="/home/tt/Desktop/trips3m_web/app-v2/modules/discountEngine/components/DiscountOfferList.js">
          <metrics statements="10" coveredstatements="0" conditionals="6" coveredconditionals="0" methods="6" coveredmethods="0"/>
          <line num="26" count="0" type="stmt"/>
          <line num="28" count="0" type="stmt"/>
          <line num="34" count="0" type="stmt"/>
          <line num="38" count="0" type="stmt"/>
          <line num="39" count="0" type="stmt"/>
          <line num="43" count="0" type="stmt"/>
          <line num="44" count="0" type="stmt"/>
          <line num="48" count="0" type="stmt"/>
          <line num="55" count="0" type="stmt"/>
          <line num="64" count="0" type="stmt"/>
        </file>
        <file name="DiscountOfferPopup.js" path="/home/tt/Desktop/trips3m_web/app-v2/modules/discountEngine/components/DiscountOfferPopup.js">
          <metrics statements="8" coveredstatements="0" conditionals="8" coveredconditionals="0" methods="7" coveredmethods="0"/>
          <line num="30" count="0" type="stmt"/>
          <line num="34" count="0" type="cond" truecount="0" falsecount="2"/>
          <line num="35" count="0" type="stmt"/>
          <line num="47" count="0" type="stmt"/>
          <line num="49" count="0" type="stmt"/>
          <line num="50" count="0" type="stmt"/>
          <line num="52" count="0" type="stmt"/>
          <line num="53" count="0" type="stmt"/>
        </file>
        <file name="DiscountOfferRadio.js" path="/home/tt/Desktop/trips3m_web/app-v2/modules/discountEngine/components/DiscountOfferRadio.js">
          <metrics statements="9" coveredstatements="3" conditionals="12" coveredconditionals="0" methods="4" coveredmethods="0"/>
          <line num="8" count="3" type="stmt"/>
          <line num="12" count="0" type="stmt"/>
          <line num="13" count="0" type="stmt"/>
          <line num="16" count="0" type="stmt"/>
          <line num="17" count="0" type="stmt"/>
          <line num="23" count="0" type="stmt"/>
          <line num="27" count="0" type="stmt"/>
          <line num="61" count="3" type="stmt"/>
          <line num="70" count="3" type="stmt"/>
        </file>
        <file name="OtherOffers.js" path="/home/tt/Desktop/trips3m_web/app-v2/modules/discountEngine/components/OtherOffers.js">
          <metrics statements="3" coveredstatements="0" conditionals="6" coveredconditionals="0" methods="3" coveredmethods="0"/>
          <line num="17" count="0" type="stmt"/>
          <line num="24" count="0" type="stmt"/>
          <line num="29" count="0" type="stmt"/>
        </file>
        <file name="tnc.js" path="/home/tt/Desktop/trips3m_web/app-v2/modules/discountEngine/components/tnc.js">
          <metrics statements="6" coveredstatements="5" conditionals="0" coveredconditionals="0" methods="2" coveredmethods="0"/>
          <line num="6" count="3" type="stmt"/>
          <line num="11" count="3" type="stmt"/>
          <line num="13" count="3" type="stmt"/>
          <line num="15" count="0" type="stmt"/>
          <line num="23" count="3" type="stmt"/>
          <line num="27" count="3" type="stmt"/>
        </file>
      </package>
      <package name="app-v2.modules.layout">
        <metrics statements="11" coveredstatements="8" conditionals="6" coveredconditionals="2" methods="3" coveredmethods="2"/>
        <file name="action.js" path="/home/tt/Desktop/trips3m_web/app-v2/modules/layout/action.js">
          <metrics statements="5" coveredstatements="4" conditionals="0" coveredconditionals="0" methods="2" coveredmethods="1"/>
          <line num="3" count="2" type="stmt"/>
          <line num="4" count="2" type="stmt"/>
          <line num="5" count="2" type="stmt"/>
          <line num="7" count="2" type="stmt"/>
          <line num="13" count="0" type="stmt"/>
        </file>
        <file name="reducer.js" path="/home/tt/Desktop/trips3m_web/app-v2/modules/layout/reducer.js">
          <metrics statements="6" coveredstatements="4" conditionals="6" coveredconditionals="2" methods="1" coveredmethods="1"/>
          <line num="7" count="1" type="stmt"/>
          <line num="14" count="2" type="cond" truecount="2" falsecount="2"/>
          <line num="16" count="0" type="stmt"/>
          <line num="23" count="1" type="stmt"/>
          <line num="31" count="0" type="stmt"/>
          <line num="38" count="1" type="stmt"/>
        </file>
      </package>
      <package name="app-v2.modules.mapInformation.SeeMapPopUp">
        <metrics statements="15" coveredstatements="2" conditionals="16" coveredconditionals="0" methods="7" coveredmethods="0"/>
        <file name="SeeMapPopUp.js" path="/home/tt/Desktop/trips3m_web/app-v2/modules/mapInformation/SeeMapPopUp/SeeMapPopUp.js">
          <metrics statements="15" coveredstatements="2" conditionals="16" coveredconditionals="0" methods="7" coveredmethods="0"/>
          <line num="8" count="0" type="stmt"/>
          <line num="9" count="0" type="stmt"/>
          <line num="12" count="0" type="stmt"/>
          <line num="16" count="0" type="stmt"/>
          <line num="18" count="0" type="stmt"/>
          <line num="19" count="0" type="stmt"/>
          <line num="22" count="0" type="cond" truecount="0" falsecount="2"/>
          <line num="26" count="0" type="cond" truecount="0" falsecount="2"/>
          <line num="28" count="0" type="stmt"/>
          <line num="29" count="0" type="stmt"/>
          <line num="47" count="0" type="stmt"/>
          <line num="48" count="0" type="stmt"/>
          <line num="49" count="0" type="stmt"/>
          <line num="69" count="8" type="stmt"/>
          <line num="76" count="8" type="stmt"/>
        </file>
      </package>
      <package name="app-v2.modules.notifications">
        <metrics statements="110" coveredstatements="58" conditionals="66" coveredconditionals="22" methods="38" coveredmethods="10"/>
        <file name="G.js" path="/home/tt/Desktop/trips3m_web/app-v2/modules/notifications/G.js">
          <metrics statements="8" coveredstatements="8" conditionals="2" coveredconditionals="1" methods="1" coveredmethods="1"/>
          <line num="3" count="6" type="stmt"/>
          <line num="10" count="6" type="stmt"/>
          <line num="22" count="6" type="stmt"/>
          <line num="37" count="6" type="stmt"/>
          <line num="41" count="6" type="stmt"/>
          <line num="49" count="10" type="stmt"/>
          <line num="53" count="6" type="stmt"/>
          <line num="58" count="6" type="stmt"/>
        </file>
        <file name="Notifications.js" path="/home/tt/Desktop/trips3m_web/app-v2/modules/notifications/Notifications.js">
          <metrics statements="28" coveredstatements="13" conditionals="6" coveredconditionals="0" methods="12" coveredmethods="5"/>
          <line num="34" count="1" type="stmt"/>
          <line num="35" count="1" type="stmt"/>
          <line num="36" count="1" type="stmt"/>
          <line num="40" count="1" type="stmt"/>
          <line num="42" count="1" type="stmt"/>
          <line num="43" count="1" type="stmt"/>
          <line num="45" count="0" type="stmt"/>
          <line num="50" count="0" type="stmt"/>
          <line num="51" count="0" type="cond" truecount="0" falsecount="2"/>
          <line num="52" count="0" type="stmt"/>
          <line num="54" count="0" type="stmt"/>
          <line num="57" count="0" type="stmt"/>
          <line num="62" count="0" type="cond" truecount="0" falsecount="2"/>
          <line num="63" count="0" type="stmt"/>
          <line num="68" count="1" type="stmt"/>
          <line num="69" count="1" type="stmt"/>
          <line num="70" count="1" type="stmt"/>
          <line num="73" count="0" type="stmt"/>
          <line num="74" count="0" type="stmt"/>
          <line num="75" count="0" type="stmt"/>
          <line num="80" count="0" type="stmt"/>
          <line num="84" count="1" type="stmt"/>
          <line num="89" count="0" type="cond" truecount="0" falsecount="2"/>
          <line num="90" count="0" type="stmt"/>
          <line num="95" count="0" type="stmt"/>
          <line num="109" count="1" type="stmt"/>
          <line num="113" count="1" type="stmt"/>
          <line num="115" count="1" type="stmt"/>
        </file>
        <file name="action.js" path="/home/tt/Desktop/trips3m_web/app-v2/modules/notifications/action.js">
          <metrics statements="26" coveredstatements="19" conditionals="0" coveredconditionals="0" methods="10" coveredmethods="0"/>
          <line num="4" count="5" type="stmt"/>
          <line num="5" count="5" type="stmt"/>
          <line num="6" count="5" type="stmt"/>
          <line num="8" count="5" type="stmt"/>
          <line num="9" count="5" type="stmt"/>
          <line num="10" count="5" type="stmt"/>
          <line num="12" count="5" type="stmt"/>
          <line num="13" count="5" type="stmt"/>
          <line num="15" count="5" type="stmt"/>
          <line num="16" count="5" type="stmt"/>
          <line num="17" count="5" type="stmt"/>
          <line num="19" count="5" type="stmt"/>
          <line num="20" count="5" type="stmt"/>
          <line num="21" count="5" type="stmt"/>
          <line num="25" count="5" type="stmt"/>
          <line num="27" count="0" type="stmt"/>
          <line num="31" count="5" type="stmt"/>
          <line num="33" count="0" type="stmt"/>
          <line num="37" count="5" type="stmt"/>
          <line num="38" count="0" type="stmt"/>
          <line num="39" count="0" type="stmt"/>
          <line num="40" count="0" type="stmt"/>
          <line num="42" count="0" type="stmt"/>
          <line num="52" count="5" type="stmt"/>
          <line num="57" count="5" type="stmt"/>
          <line num="59" count="0" type="stmt"/>
        </file>
        <file name="index.js" path="/home/tt/Desktop/trips3m_web/app-v2/modules/notifications/index.js">
          <metrics statements="8" coveredstatements="1" conditionals="0" coveredconditionals="0" methods="7" coveredmethods="0"/>
          <line num="21" count="0" type="stmt"/>
          <line num="31" count="0" type="stmt"/>
          <line num="32" count="0" type="stmt"/>
          <line num="33" count="0" type="stmt"/>
          <line num="34" count="0" type="stmt"/>
          <line num="35" count="0" type="stmt"/>
          <line num="36" count="0" type="stmt"/>
          <line num="40" count="4" type="stmt"/>
        </file>
        <file name="reducer.js" path="/home/tt/Desktop/trips3m_web/app-v2/modules/notifications/reducer.js">
          <metrics statements="40" coveredstatements="17" conditionals="58" coveredconditionals="21" methods="8" coveredmethods="4"/>
          <line num="18" count="5" type="stmt"/>
          <line num="29" count="2" type="stmt"/>
          <line num="31" count="2" type="cond" truecount="3" falsecount="1"/>
          <line num="32" count="2" type="cond" truecount="1" falsecount="1"/>
          <line num="36" count="2" type="stmt"/>
          <line num="40" count="2" type="stmt"/>
          <line num="53" count="2" type="cond" truecount="2" falsecount="7"/>
          <line num="55" count="0" type="stmt"/>
          <line num="61" count="1" type="stmt"/>
          <line num="62" count="1" type="cond" truecount="4" falsecount="1"/>
          <line num="63" count="1" type="stmt"/>
          <line num="65" count="1" type="stmt"/>
          <line num="68" count="1" type="stmt"/>
          <line num="84" count="0" type="stmt"/>
          <line num="91" count="0" type="stmt"/>
          <line num="92" count="0" type="cond" truecount="0" falsecount="5"/>
          <line num="93" count="0" type="stmt"/>
          <line num="95" count="0" type="stmt"/>
          <line num="97" count="0" type="stmt"/>
          <line num="108" count="0" type="stmt"/>
          <line num="109" count="0" type="stmt"/>
          <line num="116" count="0" type="cond" truecount="0" falsecount="2"/>
          <line num="117" count="0" type="stmt"/>
          <line num="119" count="0" type="stmt"/>
          <line num="121" count="0" type="cond" truecount="0" falsecount="2"/>
          <line num="123" count="0" type="stmt"/>
          <line num="131" count="0" type="stmt"/>
          <line num="139" count="0" type="stmt"/>
          <line num="148" count="0" type="stmt"/>
          <line num="153" count="1" type="stmt"/>
          <line num="158" count="5" type="stmt"/>
          <line num="159" count="0" type="cond" truecount="0" falsecount="2"/>
          <line num="162" count="5" type="stmt"/>
          <line num="163" count="0" type="cond" truecount="0" falsecount="2"/>
          <line num="166" count="5" type="stmt"/>
          <line num="167" count="0" type="stmt"/>
          <line num="168" count="0" type="stmt"/>
          <line num="173" count="0" type="stmt"/>
          <line num="177" count="5" type="stmt"/>
          <line num="178" count="0" type="cond" truecount="0" falsecount="2"/>
        </file>
      </package>
      <package name="app-v2.modules.notifications.components">
        <metrics statements="18" coveredstatements="13" conditionals="14" coveredconditionals="7" methods="7" coveredmethods="4"/>
        <file name="NotificationBell.js" path="/home/tt/Desktop/trips3m_web/app-v2/modules/notifications/components/NotificationBell.js">
          <metrics statements="6" coveredstatements="2" conditionals="6" coveredconditionals="0" methods="2" coveredmethods="0"/>
          <line num="12" count="5" type="stmt"/>
          <line num="17" count="0" type="stmt"/>
          <line num="18" count="0" type="cond" truecount="0" falsecount="2"/>
          <line num="19" count="0" type="stmt"/>
          <line num="23" count="0" type="stmt"/>
          <line num="39" count="5" type="stmt"/>
        </file>
        <file name="NotificationCard.js" path="/home/tt/Desktop/trips3m_web/app-v2/modules/notifications/components/NotificationCard.js">
          <metrics statements="3" coveredstatements="3" conditionals="2" coveredconditionals="2" methods="1" coveredmethods="1"/>
          <line num="13" count="6" type="stmt"/>
          <line num="14" count="10" type="stmt"/>
          <line num="27" count="6" type="stmt"/>
        </file>
        <file name="NotificationList.js" path="/home/tt/Desktop/trips3m_web/app-v2/modules/notifications/components/NotificationList.js">
          <metrics statements="9" coveredstatements="8" conditionals="6" coveredconditionals="5" methods="4" coveredmethods="3"/>
          <line num="9" count="6" type="stmt"/>
          <line num="15" count="4" type="cond" truecount="2" falsecount="0"/>
          <line num="16" count="2" type="stmt"/>
          <line num="22" count="2" type="stmt"/>
          <line num="25" count="10" type="cond" truecount="2" falsecount="0"/>
          <line num="26" count="10" type="stmt"/>
          <line num="32" count="0" type="stmt"/>
          <line num="43" count="6" type="stmt"/>
          <line num="52" count="6" type="stmt"/>
        </file>
      </package>
      <package name="app-v2.modules.packages">
        <metrics statements="16" coveredstatements="10" conditionals="29" coveredconditionals="0" methods="3" coveredmethods="0"/>
        <file name="PackageCard.js" path="/home/tt/Desktop/trips3m_web/app-v2/modules/packages/PackageCard.js">
          <metrics statements="11" coveredstatements="8" conditionals="24" coveredconditionals="0" methods="1" coveredmethods="0"/>
          <line num="14" count="1" type="stmt"/>
          <line num="23" count="1" type="stmt"/>
          <line num="28" count="1" type="stmt"/>
          <line num="47" count="1" type="stmt"/>
          <line num="54" count="1" type="stmt"/>
          <line num="69" count="1" type="stmt"/>
          <line num="73" count="0" type="stmt"/>
          <line num="77" count="0" type="stmt"/>
          <line num="79" count="0" type="stmt"/>
          <line num="168" count="1" type="stmt"/>
          <line num="187" count="1" type="stmt"/>
        </file>
        <file name="Packages.js" path="/home/tt/Desktop/trips3m_web/app-v2/modules/packages/Packages.js">
          <metrics statements="5" coveredstatements="2" conditionals="5" coveredconditionals="0" methods="2" coveredmethods="0"/>
          <line num="11" count="0" type="stmt"/>
          <line num="12" count="0" type="stmt"/>
          <line num="41" count="0" type="stmt"/>
          <line num="55" count="1" type="stmt"/>
          <line num="62" count="1" type="stmt"/>
        </file>
      </package>
      <package name="app-v2.modules.packages.popular">
        <metrics statements="2" coveredstatements="1" conditionals="2" coveredconditionals="0" methods="1" coveredmethods="0"/>
        <file name="index.js" path="/home/tt/Desktop/trips3m_web/app-v2/modules/packages/popular/index.js">
          <metrics statements="2" coveredstatements="1" conditionals="2" coveredconditionals="0" methods="1" coveredmethods="0"/>
          <line num="7" count="1" type="stmt"/>
          <line num="8" count="0" type="stmt"/>
        </file>
      </package>
      <package name="app-v2.modules.pdm">
        <metrics statements="21" coveredstatements="18" conditionals="4" coveredconditionals="3" methods="11" coveredmethods="5"/>
        <file name="G.js" path="/home/tt/Desktop/trips3m_web/app-v2/modules/pdm/G.js">
          <metrics statements="1" coveredstatements="1" conditionals="0" coveredconditionals="0" methods="0" coveredmethods="0"/>
          <line num="3" count="13" type="stmt"/>
        </file>
        <file name="Pdm.js" path="/home/tt/Desktop/trips3m_web/app-v2/modules/pdm/Pdm.js">
          <metrics statements="10" coveredstatements="9" conditionals="4" coveredconditionals="3" methods="6" coveredmethods="5"/>
          <line num="22" count="2" type="stmt"/>
          <line num="23" count="2" type="stmt"/>
          <line num="27" count="1" type="stmt"/>
          <line num="31" count="3" type="stmt"/>
          <line num="32" count="3" type="stmt"/>
          <line num="34" count="3" type="cond" truecount="3" falsecount="1"/>
          <line num="35" count="0" type="stmt"/>
          <line num="38" count="3" type="stmt"/>
          <line num="43" count="9" type="stmt"/>
          <line num="44" count="1" type="stmt"/>
        </file>
        <file name="action.js" path="/home/tt/Desktop/trips3m_web/app-v2/modules/pdm/action.js">
          <metrics statements="9" coveredstatements="8" conditionals="0" coveredconditionals="0" methods="4" coveredmethods="0"/>
          <line num="4" count="10" type="stmt"/>
          <line num="5" count="10" type="stmt"/>
          <line num="6" count="10" type="stmt"/>
          <line num="7" count="10" type="stmt"/>
          <line num="8" count="10" type="stmt"/>
          <line num="10" count="10" type="stmt"/>
          <line num="15" count="10" type="stmt"/>
          <line num="20" count="10" type="stmt"/>
          <line num="22" count="0" type="stmt"/>
        </file>
        <file name="index.js" path="/home/tt/Desktop/trips3m_web/app-v2/modules/pdm/index.js">
          <metrics statements="1" coveredstatements="0" conditionals="0" coveredconditionals="0" methods="1" coveredmethods="0"/>
          <line num="8" count="0" type="stmt"/>
        </file>
      </package>
      <package name="app-v2.modules.placesToVisit">
        <metrics statements="6" coveredstatements="4" conditionals="12" coveredconditionals="3" methods="5" coveredmethods="2"/>
        <file name="PlacesToVisit.js" path="/home/tt/Desktop/trips3m_web/app-v2/modules/placesToVisit/PlacesToVisit.js">
          <metrics statements="6" coveredstatements="4" conditionals="12" coveredconditionals="3" methods="5" coveredmethods="2"/>
          <line num="32" count="1" type="stmt"/>
          <line num="57" count="0" type="stmt"/>
          <line num="66" count="1" type="stmt"/>
          <line num="67" count="1" type="cond" truecount="2" falsecount="2"/>
          <line num="68" count="0" type="stmt"/>
          <line num="71" count="1" type="stmt"/>
        </file>
      </package>
      <package name="app-v2.modules.preferences">
        <metrics statements="147" coveredstatements="123" conditionals="60" coveredconditionals="31" methods="43" coveredmethods="35"/>
        <file name="Preferences.js" path="/home/tt/Desktop/trips3m_web/app-v2/modules/preferences/Preferences.js">
          <metrics statements="10" coveredstatements="8" conditionals="6" coveredconditionals="0" methods="5" coveredmethods="2"/>
          <line num="35" count="4" type="stmt"/>
          <line num="39" count="0" type="stmt"/>
          <line num="40" count="0" type="stmt"/>
          <line num="50" count="4" type="stmt"/>
          <line num="51" count="4" type="stmt"/>
          <line num="52" count="4" type="stmt"/>
          <line num="53" count="4" type="stmt"/>
          <line num="54" count="4" type="stmt"/>
          <line num="55" count="4" type="stmt"/>
          <line num="57" count="4" type="stmt"/>
        </file>
        <file name="action.js" path="/home/tt/Desktop/trips3m_web/app-v2/modules/preferences/action.js">
          <metrics statements="11" coveredstatements="7" conditionals="2" coveredconditionals="1" methods="4" coveredmethods="1"/>
          <line num="7" count="2" type="stmt"/>
          <line num="8" count="2" type="stmt"/>
          <line num="9" count="2" type="stmt"/>
          <line num="11" count="2" type="stmt"/>
          <line num="12" count="2" type="stmt"/>
          <line num="13" count="2" type="stmt"/>
          <line num="16" count="1" type="stmt"/>
          <line num="22" count="0" type="stmt"/>
          <line num="28" count="0" type="stmt"/>
          <line num="32" count="0" type="stmt"/>
          <line num="38" count="0" type="stmt"/>
        </file>
        <file name="constants.js" path="/home/tt/Desktop/trips3m_web/app-v2/modules/preferences/constants.js">
          <metrics statements="15" coveredstatements="15" conditionals="0" coveredconditionals="0" methods="0" coveredmethods="0"/>
          <line num="1" count="5" type="stmt"/>
          <line num="12" count="5" type="stmt"/>
          <line num="17" count="5" type="stmt"/>
          <line num="29" count="5" type="stmt"/>
          <line num="34" count="5" type="stmt"/>
          <line num="39" count="5" type="stmt"/>
          <line num="44" count="5" type="stmt"/>
          <line num="52" count="5" type="stmt"/>
          <line num="57" count="5" type="stmt"/>
          <line num="65" count="5" type="stmt"/>
          <line num="70" count="5" type="stmt"/>
          <line num="75" count="5" type="stmt"/>
          <line num="83" count="5" type="stmt"/>
          <line num="90" count="5" type="stmt"/>
          <line num="99" count="5" type="stmt"/>
        </file>
        <file name="helpers.js" path="/home/tt/Desktop/trips3m_web/app-v2/modules/preferences/helpers.js">
          <metrics statements="97" coveredstatements="85" conditionals="44" coveredconditionals="25" methods="33" coveredmethods="31"/>
          <line num="8" count="6" type="stmt"/>
          <line num="9" count="30" type="stmt"/>
          <line num="11" count="24" type="stmt"/>
          <line num="13" count="6" type="cond" truecount="1" falsecount="1"/>
          <line num="14" count="6" type="stmt"/>
          <line num="15" count="6" type="stmt"/>
          <line num="18" count="6" type="stmt"/>
          <line num="22" count="6" type="stmt"/>
          <line num="23" count="24" type="stmt"/>
          <line num="24" count="6" type="stmt"/>
          <line num="26" count="6" type="stmt"/>
          <line num="27" count="24" type="stmt"/>
          <line num="30" count="6" type="stmt"/>
          <line num="31" count="30" type="cond" truecount="2" falsecount="0"/>
          <line num="32" count="6" type="stmt"/>
          <line num="36" count="6" type="stmt"/>
          <line num="40" count="18" type="stmt"/>
          <line num="42" count="6" type="stmt"/>
          <line num="44" count="6" type="cond" truecount="2" falsecount="0"/>
          <line num="48" count="6" type="stmt"/>
          <line num="49" count="6" type="stmt"/>
          <line num="50" count="6" type="cond" truecount="1" falsecount="1"/>
          <line num="51" count="6" type="stmt"/>
          <line num="52" count="24" type="stmt"/>
          <line num="53" count="6" type="cond" truecount="1" falsecount="1"/>
          <line num="54" count="0" type="stmt"/>
          <line num="56" count="0" type="cond" truecount="0" falsecount="2"/>
          <line num="57" count="0" type="stmt"/>
          <line num="61" count="6" type="stmt"/>
          <line num="65" count="15" type="cond" truecount="1" falsecount="1"/>
          <line num="66" count="15" type="cond" truecount="1" falsecount="1"/>
          <line num="67" count="15" type="stmt"/>
          <line num="68" count="150" type="stmt"/>
          <line num="69" count="45" type="stmt"/>
          <line num="73" count="18" type="stmt"/>
          <line num="74" count="18" type="stmt"/>
          <line num="75" count="90" type="stmt"/>
          <line num="78" count="18" type="stmt"/>
          <line num="82" count="5" type="stmt"/>
          <line num="83" count="5" type="stmt"/>
          <line num="85" count="5" type="stmt"/>
          <line num="87" count="5" type="stmt"/>
          <line num="89" count="5" type="stmt"/>
          <line num="90" count="5" type="stmt"/>
          <line num="91" count="20" type="cond" truecount="2" falsecount="0"/>
          <line num="92" count="10" type="stmt"/>
          <line num="93" count="45" type="stmt"/>
          <line num="95" count="10" type="cond" truecount="2" falsecount="0"/>
          <line num="96" count="5" type="stmt"/>
          <line num="99" count="10" type="stmt"/>
          <line num="100" count="10" type="stmt"/>
          <line num="101" count="35" type="stmt"/>
          <line num="105" count="5" type="stmt"/>
          <line num="106" count="5" type="stmt"/>
          <line num="108" count="5" type="cond" truecount="1" falsecount="1"/>
          <line num="109" count="5" type="stmt"/>
          <line num="110" count="5" type="stmt"/>
          <line num="111" count="5" type="cond" truecount="1" falsecount="1"/>
          <line num="112" count="5" type="stmt"/>
          <line num="116" count="5" type="stmt"/>
          <line num="117" count="5" type="stmt"/>
          <line num="118" count="5" type="stmt"/>
          <line num="119" count="5" type="stmt"/>
          <line num="121" count="5" type="stmt"/>
          <line num="133" count="36" type="stmt"/>
          <line num="135" count="49" type="stmt"/>
          <line num="137" count="5" type="stmt"/>
          <line num="138" count="0" type="stmt"/>
          <line num="139" count="0" type="cond" truecount="0" falsecount="2"/>
          <line num="140" count="0" type="stmt"/>
          <line num="142" count="0" type="cond" truecount="0" falsecount="2"/>
          <line num="143" count="0" type="stmt"/>
          <line num="145" count="0" type="cond" truecount="0" falsecount="2"/>
          <line num="146" count="0" type="stmt"/>
          <line num="149" count="0" type="stmt"/>
          <line num="151" count="0" type="stmt"/>
          <line num="154" count="5" type="stmt"/>
          <line num="155" count="36" type="stmt"/>
          <line num="156" count="36" type="stmt"/>
          <line num="157" count="162" type="stmt"/>
          <line num="158" count="162" type="cond" truecount="2" falsecount="0"/>
          <line num="159" count="9" type="stmt"/>
          <line num="162" count="36" type="stmt"/>
          <line num="165" count="5" type="stmt"/>
          <line num="166" count="45" type="stmt"/>
          <line num="172" count="5" type="stmt"/>
          <line num="173" count="9" type="stmt"/>
          <line num="175" count="9" type="stmt"/>
          <line num="177" count="9" type="stmt"/>
          <line num="178" count="9" type="stmt"/>
          <line num="179" count="36" type="stmt"/>
          <line num="180" count="36" type="stmt"/>
          <line num="186" count="9" type="stmt"/>
          <line num="196" count="5" type="stmt"/>
          <line num="197" count="7" type="stmt"/>
          <line num="210" count="5" type="stmt"/>
          <line num="211" count="7" type="stmt"/>
        </file>
        <file name="reducer.js" path="/home/tt/Desktop/trips3m_web/app-v2/modules/preferences/reducer.js">
          <metrics statements="13" coveredstatements="7" conditionals="8" coveredconditionals="5" methods="1" coveredmethods="1"/>
          <line num="11" count="1" type="stmt"/>
          <line num="21" count="4" type="cond" truecount="4" falsecount="3"/>
          <line num="26" count="1" type="stmt"/>
          <line num="33" count="1" type="stmt"/>
          <line num="34" count="1" type="stmt"/>
          <line num="42" count="1" type="stmt"/>
          <line num="49" count="0" type="stmt"/>
          <line num="56" count="0" type="stmt"/>
          <line num="57" count="0" type="stmt"/>
          <line num="65" count="0" type="stmt"/>
          <line num="66" count="0" type="stmt"/>
          <line num="67" count="0" type="stmt"/>
          <line num="75" count="1" type="stmt"/>
        </file>
        <file name="testData.js" path="/home/tt/Desktop/trips3m_web/app-v2/modules/preferences/testData.js">
          <metrics statements="1" coveredstatements="1" conditionals="0" coveredconditionals="0" methods="0" coveredmethods="0"/>
          <line num="1" count="5" type="stmt"/>
        </file>
      </package>
      <package name="app-v2.modules.preferences.components">
        <metrics statements="55" coveredstatements="10" conditionals="49" coveredconditionals="0" methods="23" coveredmethods="0"/>
        <file name="DatePicker.js" path="/home/tt/Desktop/trips3m_web/app-v2/modules/preferences/components/DatePicker.js">
          <metrics statements="5" coveredstatements="3" conditionals="5" coveredconditionals="0" methods="2" coveredmethods="0"/>
          <line num="9" count="2" type="stmt"/>
          <line num="10" count="0" type="stmt"/>
          <line num="21" count="0" type="stmt"/>
          <line num="31" count="2" type="stmt"/>
          <line num="37" count="2" type="stmt"/>
        </file>
        <file name="Dropdown.js" path="/home/tt/Desktop/trips3m_web/app-v2/modules/preferences/components/Dropdown.js">
          <metrics statements="6" coveredstatements="3" conditionals="6" coveredconditionals="0" methods="3" coveredmethods="0"/>
          <line num="4" count="2" type="stmt"/>
          <line num="5" count="0" type="stmt"/>
          <line num="8" count="0" type="stmt"/>
          <line num="15" count="0" type="stmt"/>
          <line num="28" count="2" type="stmt"/>
          <line num="36" count="2" type="stmt"/>
        </file>
        <file name="EditPreferencesPopup.js" path="/home/tt/Desktop/trips3m_web/app-v2/modules/preferences/components/EditPreferencesPopup.js">
          <metrics statements="4" coveredstatements="1" conditionals="6" coveredconditionals="0" methods="1" coveredmethods="0"/>
          <line num="6" count="0" type="stmt"/>
          <line num="7" count="0" type="stmt"/>
          <line num="9" count="0" type="stmt"/>
          <line num="25" count="4" type="stmt"/>
        </file>
        <file name="Header.js" path="/home/tt/Desktop/trips3m_web/app-v2/modules/preferences/components/Header.js">
          <metrics statements="2" coveredstatements="0" conditionals="0" coveredconditionals="0" methods="1" coveredmethods="0"/>
          <line num="17" count="0" type="stmt"/>
          <line num="19" count="0" type="stmt"/>
        </file>
        <file name="HotelSelector.js" path="/home/tt/Desktop/trips3m_web/app-v2/modules/preferences/components/HotelSelector.js">
          <metrics statements="12" coveredstatements="0" conditionals="7" coveredconditionals="0" methods="6" coveredmethods="0"/>
          <line num="8" count="0" type="stmt"/>
          <line num="18" count="0" type="stmt"/>
          <line num="19" count="0" type="cond" truecount="0" falsecount="2"/>
          <line num="20" count="0" type="stmt"/>
          <line num="21" count="0" type="stmt"/>
          <line num="24" count="0" type="stmt"/>
          <line num="26" count="0" type="stmt"/>
          <line num="27" count="0" type="stmt"/>
          <line num="31" count="0" type="stmt"/>
          <line num="33" count="0" type="stmt"/>
          <line num="37" count="0" type="stmt"/>
          <line num="39" count="0" type="stmt"/>
        </file>
        <file name="NumberFormatter.js" path="/home/tt/Desktop/trips3m_web/app-v2/modules/preferences/components/NumberFormatter.js">
          <metrics statements="17" coveredstatements="0" conditionals="14" coveredconditionals="0" methods="5" coveredmethods="0"/>
          <line num="6" count="0" type="stmt"/>
          <line num="21" count="0" type="stmt"/>
          <line num="22" count="0" type="cond" truecount="0" falsecount="2"/>
          <line num="23" count="0" type="stmt"/>
          <line num="24" count="0" type="cond" truecount="0" falsecount="2"/>
          <line num="25" count="0" type="stmt"/>
          <line num="27" count="0" type="stmt"/>
          <line num="28" count="0" type="cond" truecount="0" falsecount="2"/>
          <line num="29" count="0" type="stmt"/>
          <line num="30" count="0" type="stmt"/>
          <line num="35" count="0" type="stmt"/>
          <line num="36" count="0" type="cond" truecount="0" falsecount="2"/>
          <line num="37" count="0" type="stmt"/>
          <line num="39" count="0" type="cond" truecount="0" falsecount="2"/>
          <line num="40" count="0" type="stmt"/>
          <line num="45" count="0" type="stmt"/>
          <line num="54" count="0" type="stmt"/>
        </file>
        <file name="RadioButton.js" path="/home/tt/Desktop/trips3m_web/app-v2/modules/preferences/components/RadioButton.js">
          <metrics statements="5" coveredstatements="0" conditionals="5" coveredconditionals="0" methods="4" coveredmethods="0"/>
          <line num="6" count="0" type="stmt"/>
          <line num="16" count="0" type="stmt"/>
          <line num="20" count="0" type="stmt"/>
          <line num="22" count="0" type="stmt"/>
          <line num="26" count="0" type="stmt"/>
        </file>
        <file name="TextBox.js" path="/home/tt/Desktop/trips3m_web/app-v2/modules/preferences/components/TextBox.js">
          <metrics statements="4" coveredstatements="3" conditionals="6" coveredconditionals="0" methods="1" coveredmethods="0"/>
          <line num="4" count="3" type="stmt"/>
          <line num="5" count="0" type="stmt"/>
          <line num="20" count="3" type="stmt"/>
          <line num="27" count="3" type="stmt"/>
        </file>
      </package>
      <package name="app-v2.modules.preferences.edit">
        <metrics statements="40" coveredstatements="12" conditionals="10" coveredconditionals="0" methods="11" coveredmethods="0"/>
        <file name="ContactDetails.js" path="/home/tt/Desktop/trips3m_web/app-v2/modules/preferences/edit/ContactDetails.js">
          <metrics statements="6" coveredstatements="3" conditionals="0" coveredconditionals="0" methods="2" coveredmethods="0"/>
          <line num="12" count="2" type="stmt"/>
          <line num="13" count="0" type="stmt"/>
          <line num="14" count="0" type="stmt"/>
          <line num="17" count="0" type="stmt"/>
          <line num="68" count="2" type="stmt"/>
          <line num="73" count="2" type="stmt"/>
        </file>
        <file name="Header.js" path="/home/tt/Desktop/trips3m_web/app-v2/modules/preferences/edit/Header.js">
          <metrics statements="1" coveredstatements="0" conditionals="0" coveredconditionals="0" methods="1" coveredmethods="0"/>
          <line num="14" count="0" type="stmt"/>
        </file>
        <file name="Request.js" path="/home/tt/Desktop/trips3m_web/app-v2/modules/preferences/edit/Request.js">
          <metrics statements="5" coveredstatements="3" conditionals="4" coveredconditionals="0" methods="2" coveredmethods="0"/>
          <line num="13" count="2" type="stmt"/>
          <line num="15" count="0" type="stmt"/>
          <line num="20" count="0" type="stmt"/>
          <line num="117" count="2" type="stmt"/>
          <line num="123" count="2" type="stmt"/>
        </file>
        <file name="TripPreferences.js" path="/home/tt/Desktop/trips3m_web/app-v2/modules/preferences/edit/TripPreferences.js">
          <metrics statements="28" coveredstatements="6" conditionals="6" coveredconditionals="0" methods="6" coveredmethods="0"/>
          <line num="20" count="3" type="stmt"/>
          <line num="25" count="0" type="cond" truecount="0" falsecount="2"/>
          <line num="27" count="0" type="cond" truecount="0" falsecount="2"/>
          <line num="28" count="0" type="cond" truecount="0" falsecount="2"/>
          <line num="29" count="0" type="stmt"/>
          <line num="30" count="0" type="stmt"/>
          <line num="31" count="0" type="stmt"/>
          <line num="37" count="0" type="stmt"/>
          <line num="40" count="0" type="stmt"/>
          <line num="41" count="0" type="stmt"/>
          <line num="42" count="0" type="stmt"/>
          <line num="43" count="0" type="stmt"/>
          <line num="44" count="0" type="stmt"/>
          <line num="45" count="0" type="stmt"/>
          <line num="46" count="0" type="stmt"/>
          <line num="47" count="0" type="stmt"/>
          <line num="48" count="0" type="stmt"/>
          <line num="50" count="0" type="stmt"/>
          <line num="55" count="0" type="stmt"/>
          <line num="125" count="3" type="stmt"/>
          <line num="134" count="3" type="stmt"/>
          <line num="136" count="3" type="stmt"/>
          <line num="141" count="3" type="stmt"/>
          <line num="142" count="3" type="stmt"/>
          <line num="144" count="0" type="stmt"/>
          <line num="145" count="0" type="stmt"/>
          <line num="146" count="0" type="stmt"/>
          <line num="148" count="0" type="stmt"/>
        </file>
      </package>
      <package name="app-v2.modules.preferences.fields">
        <metrics statements="84" coveredstatements="17" conditionals="50" coveredconditionals="0" methods="25" coveredmethods="0"/>
        <file name="BudgetField.js" path="/home/tt/Desktop/trips3m_web/app-v2/modules/preferences/fields/BudgetField.js">
          <metrics statements="30" coveredstatements="4" conditionals="29" coveredconditionals="0" methods="7" coveredmethods="0"/>
          <line num="9" count="3" type="stmt"/>
          <line num="10" count="0" type="stmt"/>
          <line num="29" count="3" type="stmt"/>
          <line num="35" count="3" type="stmt"/>
          <line num="37" count="3" type="stmt"/>
          <line num="38" count="0" type="stmt"/>
          <line num="39" count="0" type="stmt"/>
          <line num="40" count="0" type="stmt"/>
          <line num="59" count="0" type="stmt"/>
          <line num="78" count="0" type="stmt"/>
          <line num="84" count="0" type="stmt"/>
          <line num="85" count="0" type="stmt"/>
          <line num="86" count="0" type="stmt"/>
          <line num="89" count="0" type="cond" truecount="0" falsecount="2"/>
          <line num="90" count="0" type="stmt"/>
          <line num="93" count="0" type="cond" truecount="0" falsecount="2"/>
          <line num="95" count="0" type="stmt"/>
          <line num="96" count="0" type="stmt"/>
          <line num="97" count="0" type="cond" truecount="0" falsecount="2"/>
          <line num="98" count="0" type="stmt"/>
          <line num="102" count="0" type="cond" truecount="0" falsecount="4"/>
          <line num="108" count="0" type="cond" truecount="0" falsecount="6"/>
          <line num="109" count="0" type="stmt"/>
          <line num="111" count="0" type="stmt"/>
          <line num="112" count="0" type="stmt"/>
          <line num="118" count="0" type="stmt"/>
          <line num="122" count="0" type="cond" truecount="0" falsecount="2"/>
          <line num="126" count="0" type="stmt"/>
          <line num="127" count="0" type="stmt"/>
          <line num="129" count="0" type="cond" truecount="0" falsecount="2"/>
        </file>
        <file name="CabFields.js" path="/home/tt/Desktop/trips3m_web/app-v2/modules/preferences/fields/CabFields.js">
          <metrics statements="31" coveredstatements="3" conditionals="17" coveredconditionals="0" methods="9" coveredmethods="0"/>
          <line num="9" count="3" type="stmt"/>
          <line num="15" count="3" type="stmt"/>
          <line num="16" count="0" type="cond" truecount="0" falsecount="3"/>
          <line num="18" count="0" type="cond" truecount="0" falsecount="2"/>
          <line num="19" count="0" type="stmt"/>
          <line num="22" count="0" type="stmt"/>
          <line num="23" count="0" type="stmt"/>
          <line num="24" count="0" type="cond" truecount="0" falsecount="2"/>
          <line num="25" count="0" type="stmt"/>
          <line num="28" count="0" type="cond" truecount="0" falsecount="2"/>
          <line num="29" count="0" type="cond" truecount="0" falsecount="2"/>
          <line num="30" count="0" type="stmt"/>
          <line num="32" count="0" type="stmt"/>
          <line num="33" count="0" type="stmt"/>
          <line num="57" count="0" type="stmt"/>
          <line num="58" count="0" type="stmt"/>
          <line num="59" count="0" type="stmt"/>
          <line num="60" count="0" type="stmt"/>
          <line num="80" count="0" type="stmt"/>
          <line num="81" count="0" type="cond" truecount="0" falsecount="4"/>
          <line num="82" count="0" type="cond" truecount="0" falsecount="2"/>
          <line num="83" count="0" type="stmt"/>
          <line num="84" count="0" type="stmt"/>
          <line num="85" count="0" type="stmt"/>
          <line num="99" count="0" type="stmt"/>
          <line num="100" count="0" type="stmt"/>
          <line num="101" count="0" type="stmt"/>
          <line num="102" count="0" type="stmt"/>
          <line num="115" count="0" type="stmt"/>
          <line num="118" count="0" type="stmt"/>
          <line num="140" count="3" type="stmt"/>
        </file>
        <file name="FlightBooking.js" path="/home/tt/Desktop/trips3m_web/app-v2/modules/preferences/fields/FlightBooking.js">
          <metrics statements="10" coveredstatements="5" conditionals="2" coveredconditionals="0" methods="4" coveredmethods="0"/>
          <line num="9" count="3" type="stmt"/>
          <line num="19" count="3" type="stmt"/>
          <line num="20" count="0" type="stmt"/>
          <line num="36" count="3" type="stmt"/>
          <line num="37" count="0" type="stmt"/>
          <line num="39" count="3" type="stmt"/>
          <line num="40" count="0" type="cond" truecount="0" falsecount="2"/>
          <line num="41" count="0" type="stmt"/>
          <line num="44" count="0" type="stmt"/>
          <line num="55" count="3" type="stmt"/>
        </file>
        <file name="SingleValuedField.js" path="/home/tt/Desktop/trips3m_web/app-v2/modules/preferences/fields/SingleValuedField.js">
          <metrics statements="13" coveredstatements="5" conditionals="2" coveredconditionals="0" methods="5" coveredmethods="0"/>
          <line num="5" count="3" type="stmt"/>
          <line num="6" count="0" type="stmt"/>
          <line num="24" count="3" type="stmt"/>
          <line num="25" count="0" type="stmt"/>
          <line num="41" count="3" type="stmt"/>
          <line num="42" count="0" type="stmt"/>
          <line num="43" count="0" type="stmt"/>
          <line num="44" count="0" type="cond" truecount="0" falsecount="2"/>
          <line num="45" count="0" type="stmt"/>
          <line num="47" count="0" type="stmt"/>
          <line num="52" count="3" type="stmt"/>
          <line num="53" count="0" type="stmt"/>
          <line num="65" count="3" type="stmt"/>
        </file>
      </package>
      <package name="app-v2.modules.preferences.view">
        <metrics statements="119" coveredstatements="84" conditionals="51" coveredconditionals="27" methods="37" coveredmethods="23"/>
        <file name="ContactDetails.js" path="/home/tt/Desktop/trips3m_web/app-v2/modules/preferences/view/ContactDetails.js">
          <metrics statements="18" coveredstatements="11" conditionals="10" coveredconditionals="5" methods="11" coveredmethods="6"/>
          <line num="16" count="8" type="stmt"/>
          <line num="17" count="8" type="stmt"/>
          <line num="23" count="0" type="cond" truecount="0" falsecount="4"/>
          <line num="24" count="0" type="stmt"/>
          <line num="29" count="1" type="stmt"/>
          <line num="36" count="1" type="stmt"/>
          <line num="37" count="1" type="stmt"/>
          <line num="41" count="1" type="stmt"/>
          <line num="42" count="1" type="stmt"/>
          <line num="47" count="0" type="stmt"/>
          <line num="48" count="0" type="stmt"/>
          <line num="52" count="0" type="stmt"/>
          <line num="56" count="0" type="stmt"/>
          <line num="60" count="8" type="stmt"/>
          <line num="62" count="8" type="stmt"/>
          <line num="71" count="0" type="stmt"/>
          <line num="99" count="2" type="stmt"/>
          <line num="114" count="2" type="stmt"/>
        </file>
        <file name="G.js" path="/home/tt/Desktop/trips3m_web/app-v2/modules/preferences/view/G.js">
          <metrics statements="1" coveredstatements="1" conditionals="0" coveredconditionals="0" methods="0" coveredmethods="0"/>
          <line num="4" count="4" type="stmt"/>
        </file>
        <file name="Request.js" path="/home/tt/Desktop/trips3m_web/app-v2/modules/preferences/view/Request.js">
          <metrics statements="18" coveredstatements="12" conditionals="8" coveredconditionals="4" methods="10" coveredmethods="6"/>
          <line num="16" count="8" type="stmt"/>
          <line num="17" count="8" type="stmt"/>
          <line num="23" count="0" type="cond" truecount="0" falsecount="4"/>
          <line num="24" count="0" type="stmt"/>
          <line num="29" count="1" type="stmt"/>
          <line num="30" count="1" type="stmt"/>
          <line num="35" count="1" type="stmt"/>
          <line num="46" count="1" type="stmt"/>
          <line num="47" count="1" type="stmt"/>
          <line num="51" count="0" type="stmt"/>
          <line num="55" count="0" type="stmt"/>
          <line num="56" count="0" type="stmt"/>
          <line num="60" count="0" type="stmt"/>
          <line num="64" count="8" type="stmt"/>
          <line num="65" count="24" type="stmt"/>
          <line num="67" count="8" type="stmt"/>
          <line num="124" count="2" type="stmt"/>
          <line num="139" count="2" type="stmt"/>
        </file>
        <file name="TripPreferences.js" path="/home/tt/Desktop/trips3m_web/app-v2/modules/preferences/view/TripPreferences.js">
          <metrics statements="82" coveredstatements="60" conditionals="33" coveredconditionals="18" methods="16" coveredmethods="11"/>
          <line num="18" count="2" type="stmt"/>
          <line num="19" count="1" type="stmt"/>
          <line num="20" count="1" type="stmt"/>
          <line num="21" count="2" type="stmt"/>
          <line num="22" count="2" type="stmt"/>
          <line num="23" count="0" type="stmt"/>
          <line num="29" count="0" type="cond" truecount="0" falsecount="2"/>
          <line num="30" count="0" type="stmt"/>
          <line num="31" count="0" type="cond" truecount="0" falsecount="2"/>
          <line num="32" count="0" type="stmt"/>
          <line num="33" count="0" type="stmt"/>
          <line num="38" count="1" type="stmt"/>
          <line num="41" count="2" type="stmt"/>
          <line num="42" count="1" type="stmt"/>
          <line num="44" count="1" type="stmt"/>
          <line num="45" count="4" type="stmt"/>
          <line num="46" count="25" type="stmt"/>
          <line num="47" count="14" type="stmt"/>
          <line num="49" count="4" type="cond" truecount="3" falsecount="0"/>
          <line num="50" count="4" type="stmt"/>
          <line num="52" count="4" type="cond" truecount="3" falsecount="1"/>
          <line num="53" count="0" type="stmt"/>
          <line num="54" count="0" type="stmt"/>
          <line num="57" count="4" type="stmt"/>
          <line num="67" count="1" type="stmt"/>
          <line num="70" count="2" type="stmt"/>
          <line num="71" count="1" type="stmt"/>
          <line num="73" count="1" type="stmt"/>
          <line num="74" count="1" type="stmt"/>
          <line num="76" count="1" type="stmt"/>
          <line num="77" count="5" type="stmt"/>
          <line num="78" count="5" type="stmt"/>
          <line num="80" count="5" type="cond" truecount="2" falsecount="0"/>
          <line num="81" count="1" type="stmt"/>
          <line num="82" count="1" type="stmt"/>
          <line num="85" count="4" type="stmt"/>
          <line num="86" count="4" type="stmt"/>
          <line num="91" count="4" type="cond" truecount="2" falsecount="0"/>
[...]
          <metrics statements="16" coveredstatements="4" conditionals="8" coveredconditionals="0" methods="4" coveredmethods="0"/>
          <line num="3" count="1" type="stmt"/>
          <line num="4" count="1" type="stmt"/>
          <line num="5" count="1" type="stmt"/>
          <line num="7" count="1" type="stmt"/>
          <line num="13" count="0" type="cond" truecount="0" falsecount="4"/>
          <line num="15" count="0" type="stmt"/>
          <line num="21" count="0" type="stmt"/>
          <line num="29" count="0" type="stmt"/>
          <line num="37" count="0" type="stmt"/>
          <line num="42" count="0" type="stmt"/>
          <line num="43" count="0" type="stmt"/>
          <line num="44" count="0" type="stmt"/>
          <line num="48" count="0" type="stmt"/>
          <line num="49" count="0" type="stmt"/>
          <line num="55" count="0" type="stmt"/>
          <line num="57" count="0" type="stmt"/>
        </file>
      </package>
      <package name="app.reducers.listing">
        <metrics statements="99" coveredstatements="61" conditionals="81" coveredconditionals="47" methods="17" coveredmethods="8"/>
        <file name="filters.js" path="/home/tt/Desktop/trips3m_web/app/reducers/listing/filters.js">
          <metrics statements="99" coveredstatements="61" conditionals="81" coveredconditionals="47" methods="17" coveredmethods="8"/>
          <line num="24" count="3" type="stmt"/>
          <line num="26" count="3" type="stmt"/>
          <line num="27" count="3" type="stmt"/>
          <line num="28" count="3" type="stmt"/>
          <line num="29" count="3" type="stmt"/>
          <line num="30" count="3" type="stmt"/>
          <line num="31" count="3" type="stmt"/>
          <line num="33" count="3" type="stmt"/>
          <line num="38" count="3" type="stmt"/>
          <line num="43" count="3" type="stmt"/>
          <line num="310" count="6" type="cond" truecount="6" falsecount="12"/>
          <line num="312" count="0" type="stmt"/>
          <line num="321" count="0" type="stmt"/>
          <line num="326" count="0" type="stmt"/>
          <line num="331" count="0" type="stmt"/>
          <line num="341" count="0" type="stmt"/>
          <line num="349" count="0" type="stmt"/>
          <line num="355" count="0" type="stmt"/>
          <line num="362" count="0" type="stmt"/>
          <line num="370" count="1" type="stmt"/>
          <line num="375" count="1" type="stmt"/>
          <line num="380" count="1" type="stmt"/>
          <line num="385" count="1" type="stmt"/>
          <line num="393" count="1" type="stmt"/>
          <line num="401" count="0" type="stmt"/>
          <line num="409" count="0" type="stmt"/>
          <line num="417" count="0" type="stmt"/>
          <line num="428" count="1" type="stmt"/>
          <line num="431" count="0" type="stmt"/>
          <line num="438" count="0" type="stmt"/>
          <line num="443" count="0" type="stmt"/>
          <line num="444" count="0" type="stmt"/>
          <line num="445" count="0" type="stmt"/>
          <line num="446" count="0" type="stmt"/>
          <line num="447" count="0" type="stmt"/>
          <line num="448" count="0" type="cond" truecount="0" falsecount="2"/>
          <line num="449" count="0" type="stmt"/>
          <line num="451" count="0" type="stmt"/>
          <line num="453" count="0" type="stmt"/>
          <line num="455" count="0" type="stmt"/>
          <line num="460" count="0" type="cond" truecount="0" falsecount="2"/>
          <line num="461" count="0" type="stmt"/>
          <line num="462" count="0" type="cond" truecount="0" falsecount="2"/>
          <line num="465" count="3" type="stmt"/>
          <line num="467" count="3" type="stmt"/>
          <line num="468" count="9" type="stmt"/>
          <line num="474" count="9" type="cond" truecount="4" falsecount="0"/>
          <line num="475" count="3" type="cond" truecount="2" falsecount="0"/>
          <line num="476" count="1" type="stmt"/>
          <line num="478" count="3" type="cond" truecount="1" falsecount="1"/>
          <line num="479" count="3" type="stmt"/>
          <line num="481" count="3" type="cond" truecount="1" falsecount="1"/>
          <line num="482" count="0" type="stmt"/>
          <line num="485" count="6" type="cond" truecount="2" falsecount="0"/>
          <line num="486" count="1" type="stmt"/>
          <line num="490" count="5" type="cond" truecount="2" falsecount="0"/>
          <line num="491" count="2" type="stmt"/>
          <line num="495" count="3" type="cond" truecount="2" falsecount="0"/>
          <line num="496" count="1" type="stmt"/>
          <line num="502" count="9" type="stmt"/>
          <line num="505" count="3" type="stmt"/>
          <line num="506" count="4" type="stmt"/>
          <line num="507" count="4" type="stmt"/>
          <line num="513" count="3" type="stmt"/>
          <line num="514" count="2" type="stmt"/>
          <line num="516" count="2" type="cond" truecount="2" falsecount="2"/>
          <line num="517" count="2" type="stmt"/>
          <line num="518" count="0" type="cond" truecount="0" falsecount="2"/>
          <line num="519" count="0" type="stmt"/>
          <line num="520" count="0" type="cond" truecount="0" falsecount="2"/>
          <line num="521" count="0" type="stmt"/>
          <line num="524" count="2" type="stmt"/>
          <line num="527" count="3" type="stmt"/>
          <line num="528" count="0" type="stmt"/>
          <line num="529" count="0" type="stmt"/>
          <line num="538" count="3" type="cond" truecount="1" falsecount="0"/>
          <line num="539" count="3" type="stmt"/>
          <line num="540" count="3" type="cond" truecount="4" falsecount="0"/>
          <line num="541" count="1" type="stmt"/>
          <line num="542" count="2" type="cond" truecount="6" falsecount="0"/>
          <line num="543" count="1" type="stmt"/>
          <line num="545" count="1" type="stmt"/>
          <line num="547" count="3" type="stmt"/>
          <line num="556" count="3" type="cond" truecount="1" falsecount="0"/>
          <line num="557" count="2" type="stmt"/>
          <line num="558" count="2" type="cond" truecount="4" falsecount="0"/>
          <line num="559" count="1" type="stmt"/>
          <line num="560" count="1" type="cond" truecount="2" falsecount="2"/>
          <line num="561" count="1" type="stmt"/>
          <line num="563" count="0" type="stmt"/>
          <line num="565" count="2" type="stmt"/>
          <line num="574" count="3" type="stmt"/>
          <line num="575" count="2" type="stmt"/>
          <line num="580" count="3" type="cond" truecount="0" falsecount="1"/>
          <line num="581" count="2" type="stmt"/>
          <line num="587" count="0" type="stmt"/>
          <line num="588" count="0" type="stmt"/>
          <line num="589" count="0" type="cond" truecount="0" falsecount="2"/>
          <line num="591" count="0" type="stmt"/>
        </file>
      </package>
      <package name="app.utils">
        <metrics statements="152" coveredstatements="61" conditionals="148" coveredconditionals="19" methods="39" coveredmethods="10"/>
        <file name="filter.js" path="/home/tt/Desktop/trips3m_web/app/utils/filter.js">
          <metrics statements="4" coveredstatements="4" conditionals="2" coveredconditionals="2" methods="1" coveredmethods="1"/>
          <line num="1" count="4" type="stmt"/>
          <line num="2" count="14" type="cond" truecount="2" falsecount="0"/>
          <line num="3" count="8" type="stmt"/>
          <line num="5" count="6" type="stmt"/>
        </file>
        <file name="formValidators.js" path="/home/tt/Desktop/trips3m_web/app/utils/formValidators.js">
          <metrics statements="31" coveredstatements="11" conditionals="39" coveredconditionals="0" methods="14" coveredmethods="2"/>
          <line num="3" count="9" type="cond" truecount="0" falsecount="2"/>
          <line num="5" count="9" type="stmt"/>
          <line num="7" count="0" type="cond" truecount="0" falsecount="4"/>
          <line num="11" count="0" type="stmt"/>
          <line num="12" count="0" type="stmt"/>
          <line num="15" count="9" type="stmt"/>
          <line num="17" count="0" type="cond" truecount="0" falsecount="4"/>
          <line num="19" count="0" type="stmt"/>
          <line num="20" count="0" type="stmt"/>
          <line num="23" count="9" type="stmt"/>
          <line num="24" count="0" type="cond" truecount="0" falsecount="4"/>
          <line num="25" count="0" type="stmt"/>
          <line num="27" count="0" type="stmt"/>
          <line num="30" count="9" type="stmt"/>
          <line num="31" count="0" type="cond" truecount="0" falsecount="4"/>
          <line num="36" count="9" type="stmt"/>
          <line num="37" count="0" type="cond" truecount="0" falsecount="2"/>
          <line num="38" count="0" type="stmt"/>
          <line num="40" count="0" type="cond" truecount="0" falsecount="5"/>
          <line num="44" count="0" type="stmt"/>
          <line num="46" count="0" type="stmt"/>
          <line num="50" count="9" type="cond" truecount="0" falsecount="3"/>
          <line num="52" count="9" type="cond" truecount="0" falsecount="2"/>
          <line num="54" count="9" type="stmt"/>
          <line num="56" count="15" type="cond" truecount="0" falsecount="2"/>
          <line num="58" count="9" type="stmt"/>
          <line num="59" count="0" type="cond" truecount="0" falsecount="2"/>
          <line num="60" count="0" type="stmt"/>
          <line num="62" count="0" type="cond" truecount="0" falsecount="5"/>
          <line num="66" count="0" type="stmt"/>
          <line num="68" count="0" type="stmt"/>
        </file>
        <file name="parsers.js" path="/home/tt/Desktop/trips3m_web/app/utils/parsers.js">
          <metrics statements="117" coveredstatements="46" conditionals="107" coveredconditionals="17" methods="24" coveredmethods="7"/>
          <line num="6" count="72" type="stmt"/>
          <line num="27" count="72" type="cond" truecount="0" falsecount="1"/>
          <line num="28" count="12" type="cond" truecount="1" falsecount="1"/>
          <line num="29" count="0" type="stmt"/>
          <line num="32" count="12" type="cond" truecount="1" falsecount="1"/>
          <line num="33" count="12" type="cond" truecount="1" falsecount="1"/>
          <line num="34" count="12" type="cond" truecount="1" falsecount="1"/>
          <line num="35" count="12" type="cond" truecount="1" falsecount="1"/>
          <line num="36" count="12" type="stmt"/>
          <line num="41" count="72" type="stmt"/>
          <line num="42" count="0" type="stmt"/>
          <line num="43" count="0" type="stmt"/>
          <line num="45" count="0" type="stmt"/>
          <line num="48" count="72" type="cond" truecount="1" falsecount="1"/>
          <line num="50" count="72" type="cond" truecount="0" falsecount="1"/>
          <line num="52" count="72" type="cond" truecount="0" falsecount="2"/>
          <line num="54" count="79" type="stmt"/>
          <line num="56" count="72" type="stmt"/>
          <line num="58" count="72" type="cond" truecount="1" falsecount="0"/>
          <line num="61" count="2" type="stmt"/>
          <line num="63" count="2" type="stmt"/>
          <line num="64" count="5" type="cond" truecount="1" falsecount="1"/>
          <line num="65" count="0" type="stmt"/>
          <line num="66" count="0" type="cond" truecount="0" falsecount="2"/>
          <line num="67" count="0" type="stmt"/>
          <line num="71" count="5" type="stmt"/>
          <line num="72" count="5" type="stmt"/>
          <line num="73" count="31" type="stmt"/>
          <line num="74" count="11" type="cond" truecount="4" falsecount="0"/>
          <line num="75" count="7" type="stmt"/>
          <line num="81" count="2" type="stmt"/>
          <line num="82" count="2" type="stmt"/>
          <line num="83" count="2" type="cond" truecount="1" falsecount="1"/>
          <line num="84" count="0" type="cond" truecount="0" falsecount="2"/>
          <line num="85" count="0" type="stmt"/>
          <line num="87" count="0" type="cond" truecount="0" falsecount="2"/>
          <line num="88" count="0" type="stmt"/>
          <line num="90" count="0" type="cond" truecount="0" falsecount="2"/>
          <line num="91" count="0" type="stmt"/>
          <line num="93" count="0" type="stmt"/>
          <line num="95" count="2" type="cond" truecount="3" falsecount="1"/>
          <line num="96" count="2" type="stmt"/>
          <line num="97" count="2" type="stmt"/>
          <line num="98" count="2" type="stmt"/>
          <line num="100" count="2" type="stmt"/>
          <line num="103" count="72" type="cond" truecount="0" falsecount="1"/>
          <line num="104" count="0" type="stmt"/>
          <line num="105" count="0" type="stmt"/>
          <line num="106" count="0" type="stmt"/>
          <line num="107" count="0" type="stmt"/>
          <line num="108" count="0" type="stmt"/>
          <line num="109" count="0" type="cond" truecount="0" falsecount="2"/>
          <line num="110" count="0" type="cond" truecount="0" falsecount="2"/>
          <line num="111" count="0" type="cond" truecount="0" falsecount="2"/>
          <line num="112" count="0" type="cond" truecount="0" falsecount="2"/>
          <line num="113" count="0" type="cond" truecount="0" falsecount="11"/>
          <line num="115" count="0" type="cond" truecount="0" falsecount="2"/>
          <line num="116" count="0" type="stmt"/>
          <line num="118" count="0" type="stmt"/>
          <line num="121" count="0" type="cond" truecount="0" falsecount="2"/>
          <line num="122" count="0" type="stmt"/>
          <line num="124" count="0" type="cond" truecount="0" falsecount="2"/>
          <line num="125" count="0" type="stmt"/>
          <line num="127" count="0" type="cond" truecount="0" falsecount="2"/>
          <line num="128" count="0" type="stmt"/>
          <line num="131" count="0" type="stmt"/>
          <line num="134" count="72" type="cond" truecount="0" falsecount="3"/>
          <line num="135" count="0" type="stmt"/>
          <line num="136" count="0" type="stmt"/>
          <line num="137" count="0" type="cond" truecount="0" falsecount="4"/>
          <line num="140" count="72" type="cond" truecount="0" falsecount="4"/>
          <line num="141" count="0" type="stmt"/>
          <line num="143" count="0" type="cond" truecount="0" falsecount="2"/>
          <line num="146" count="72" type="cond" truecount="0" falsecount="2"/>
          <line num="147" count="0" type="stmt"/>
          <line num="149" count="72" type="cond" truecount="0" falsecount="2"/>
          <line num="150" count="0" type="stmt"/>
          <line num="151" count="0" type="stmt"/>
          <line num="152" count="0" type="cond" truecount="0" falsecount="2"/>
          <line num="155" count="72" type="cond" truecount="0" falsecount="3"/>
          <line num="156" count="0" type="stmt"/>
          <line num="157" count="0" type="cond" truecount="0" falsecount="2"/>
          <line num="158" count="0" type="stmt"/>
          <line num="160" count="0" type="stmt"/>
          <line num="166" count="72" type="stmt"/>
          <line num="167" count="0" type="stmt"/>
          <line num="169" count="0" type="cond" truecount="0" falsecount="2"/>
          <line num="171" count="0" type="stmt"/>
          <line num="172" count="0" type="stmt"/>
          <line num="173" count="0" type="stmt"/>
          <line num="174" count="0" type="stmt"/>
          <line num="177" count="0" type="stmt"/>
          <line num="180" count="72" type="stmt"/>
          <line num="181" count="5" type="cond" truecount="1" falsecount="1"/>
          <line num="182" count="5" type="stmt"/>
          <line num="183" count="5" type="stmt"/>
          <line num="186" count="72" type="cond" truecount="0" falsecount="2"/>
          <line num="188" count="72" type="stmt"/>
          <line num="189" count="0" type="cond" truecount="0" falsecount="2"/>
          <line num="190" count="0" type="stmt"/>
          <line num="193" count="0" type="cond" truecount="0" falsecount="4"/>
          <line num="194" count="0" type="stmt"/>
          <line num="195" count="0" type="cond" truecount="0" falsecount="2"/>
          <line num="196" count="0" type="stmt"/>
          <line num="198" count="0" type="stmt"/>
          <line num="201" count="72" type="stmt"/>
          <line num="202" count="0" type="stmt"/>
          <line num="203" count="0" type="cond" truecount="0" falsecount="2"/>
          <line num="204" count="0" type="stmt"/>
          <line num="206" count="0" type="stmt"/>
          <line num="209" count="72" type="stmt"/>
          <line num="210" count="0" type="stmt"/>
          <line num="211" count="0" type="cond" truecount="0" falsecount="2"/>
          <line num="212" count="0" type="stmt"/>
          <line num="213" count="0" type="stmt"/>
          <line num="214" count="0" type="stmt"/>
          <line num="217" count="0" type="stmt"/>
        </file>
      </package>
      <package name="config">
        <metrics statements="1" coveredstatements="1" conditionals="0" coveredconditionals="0" methods="0" coveredmethods="0"/>
        <file name="index.js" path="/home/tt/Desktop/trips3m_web/config/index.js">
          <metrics statements="1" coveredstatements="1" conditionals="0" coveredconditionals="0" methods="0" coveredmethods="0"/>
          <line num="1" count="110" type="stmt"/>
        </file>
      </package>
      <package name="middlewares">
        <metrics statements="33" coveredstatements="17" conditionals="20" coveredconditionals="7" methods="4" coveredmethods="2"/>
        <file name="tourismUrls.js" path="/home/tt/Desktop/trips3m_web/middlewares/tourismUrls.js">
          <metrics statements="33" coveredstatements="17" conditionals="20" coveredconditionals="7" methods="4" coveredmethods="2"/>
          <line num="14" count="2" type="stmt"/>
          <line num="16" count="2" type="stmt"/>
          <line num="17" count="2" type="cond" truecount="3" falsecount="1"/>
          <line num="18" count="0" type="stmt"/>
          <line num="22" count="2" type="stmt"/>
          <line num="25" count="2" type="stmt"/>
          <line num="27" count="2" type="stmt"/>
          <line num="28" count="2" type="stmt"/>
          <line num="32" count="2" type="cond" truecount="2" falsecount="0"/>
          <line num="34" count="1" type="stmt"/>
          <line num="37" count="1" type="stmt"/>
          <line num="38" count="1" type="stmt"/>
          <line num="40" count="1" type="stmt"/>
          <line num="41" count="2" type="stmt"/>
          <line num="42" count="2" type="stmt"/>
          <line num="44" count="2" type="cond" truecount="1" falsecount="1"/>
          <line num="45" count="0" type="stmt"/>
          <line num="46" count="0" type="stmt"/>
          <line num="51" count="0" type="cond" truecount="0" falsecount="2"/>
          <line num="52" count="0" type="cond" truecount="0" falsecount="2"/>
          <line num="54" count="0" type="stmt"/>
          <line num="55" count="0" type="cond" truecount="0" falsecount="2"/>
          <line num="56" count="0" type="stmt"/>
          <line num="57" count="0" type="stmt"/>
          <line num="59" count="0" type="cond" truecount="0" falsecount="2"/>
          <line num="63" count="0" type="stmt"/>
          <line num="66" count="0" type="cond" truecount="0" falsecount="2"/>
          <line num="67" count="0" type="stmt"/>
          <line num="69" count="0" type="stmt"/>
          <line num="74" count="1" type="cond" truecount="1" falsecount="1"/>
          <line num="75" count="0" type="stmt"/>
          <line num="77" count="0" type="stmt"/>
          <line num="80" count="1" type="stmt"/>
        </file>
      </package>
    </metrics>
  </project>
</coverage>
