TN:
SF:/home/tt/Desktop/trips3m_web/app-v2/common.js
FN:3,(anonymous_0)
FN:10,loadComponentAsync
FN:70,(anonymous_2)
FN:73,(anonymous_3)
FN:75,(anonymous_4)
FN:79,(anonymous_5)
FN:81,(anonymous_6)
FN:85,(anonymous_7)
FN:87,(anonymous_8)
FN:91,(anonymous_9)
FN:93,(anonymous_10)
FN:97,(anonymous_11)
FN:99,(anonymous_12)
FN:103,(anonymous_13)
FN:105,(anonymous_14)
FN:109,(anonymous_15)
FN:111,(anonymous_16)
FN:115,(anonymous_17)
FN:117,(anonymous_18)
FN:121,(anonymous_19)
FN:123,(anonymous_20)
FN:127,(anonymous_21)
FN:129,(anonymous_22)
FN:133,(anonymous_23)
FN:135,(anonymous_24)
FN:139,(anonymous_25)
FN:141,(anonymous_26)
FN:145,(anonymous_27)
FN:147,(anonymous_28)
FN:151,(anonymous_29)
FN:153,(anonymous_30)
FN:157,(anonymous_31)
FN:159,(anonymous_32)
FN:163,(anonymous_33)
FN:165,(anonymous_34)
FN:169,(anonymous_35)
FN:171,(anonymous_36)
FN:175,(anonymous_37)
FN:177,(anonymous_38)
FNF:39
FNH:0
FNDA:0,(anonymous_0)
FNDA:0,loadComponentAsync
FNDA:0,(anonymous_2)
FNDA:0,(anonymous_3)
FNDA:0,(anonymous_4)
FNDA:0,(anonymous_5)
FNDA:0,(anonymous_6)
FNDA:0,(anonymous_7)
FNDA:0,(anonymous_8)
FNDA:0,(anonymous_9)
FNDA:0,(anonymous_10)
FNDA:0,(anonymous_11)
FNDA:0,(anonymous_12)
FNDA:0,(anonymous_13)
FNDA:0,(anonymous_14)
FNDA:0,(anonymous_15)
FNDA:0,(anonymous_16)
FNDA:0,(anonymous_17)
FNDA:0,(anonymous_18)
FNDA:0,(anonymous_19)
FNDA:0,(anonymous_20)
FNDA:0,(anonymous_21)
FNDA:0,(anonymous_22)
FNDA:0,(anonymous_23)
FNDA:0,(anonymous_24)
FNDA:0,(anonymous_25)
FNDA:0,(anonymous_26)
FNDA:0,(anonymous_27)
FNDA:0,(anonymous_28)
FNDA:0,(anonymous_29)
FNDA:0,(anonymous_30)
FNDA:0,(anonymous_31)
FNDA:0,(anonymous_32)
FNDA:0,(anonymous_33)
FNDA:0,(anonymous_34)
FNDA:0,(anonymous_35)
FNDA:0,(anonymous_36)
FNDA:0,(anonymous_37)
FNDA:0,(anonymous_38)
DA:3,4
DA:11,0
DA:13,0
DA:16,0
DA:19,0
DA:22,0
DA:25,0
DA:28,0
DA:31,0
DA:34,0
DA:37,0
DA:40,0
DA:43,0
DA:46,0
DA:49,0
DA:52,0
DA:55,0
DA:58,0
DA:61,0
DA:64,0
DA:70,4
DA:72,4
DA:73,0
DA:75,0
DA:78,4
DA:79,0
DA:81,0
DA:84,4
DA:85,0
DA:87,0
DA:90,4
DA:91,0
DA:93,0
DA:96,4
DA:97,0
DA:99,0
DA:102,4
DA:103,0
DA:105,0
DA:108,4
DA:109,0
DA:111,0
DA:114,4
DA:115,0
DA:117,0
DA:120,4
DA:121,0
DA:123,0
DA:126,4
DA:127,0
DA:129,0
DA:132,4
DA:133,0
DA:135,0
DA:138,4
DA:139,0
DA:141,0
DA:144,4
DA:145,0
DA:147,0
DA:150,4
DA:151,0
DA:153,0
DA:156,4
DA:157,0
DA:159,0
DA:162,4
DA:163,0
DA:165,0
DA:168,4
DA:169,0
DA:171,0
DA:174,4
DA:175,0
DA:177,0
LF:75
LH:20
BRDA:11,0,0,0
BRDA:11,0,1,0
BRDA:11,0,2,0
BRDA:11,0,3,0
BRDA:11,0,4,0
BRDA:11,0,5,0
BRDA:11,0,6,0
BRDA:11,0,7,0
BRDA:11,0,8,0
BRDA:11,0,9,0
BRDA:11,0,10,0
BRDA:11,0,11,0
BRDA:11,0,12,0
BRDA:11,0,13,0
BRDA:11,0,14,0
BRDA:11,0,15,0
BRDA:11,0,16,0
BRDA:11,0,17,0
BRF:18
BRH:0
end_of_record
TN:
SF:/home/tt/Desktop/trips3m_web/app-v2/modules/aboutUs/AboutUs.js
FN:25,(anonymous_0)
FNF:1
FNH:1
FNDA:1,(anonymous_0)
DA:19,1
DA:25,1
DA:26,1
DA:27,1
DA:78,1
DA:84,1
LF:6
LH:6
BRF:0
BRH:0
end_of_record
TN:
SF:/home/tt/Desktop/trips3m_web/app-v2/modules/chat/Chat.js
FN:43,(anonymous_0)
FN:56,(anonymous_1)
FN:74,(anonymous_2)
FN:84,(anonymous_3)
FN:96,(anonymous_4)
FN:102,(anonymous_5)
FN:110,(anonymous_6)
FN:114,(anonymous_7)
FN:119,(anonymous_8)
FN:149,(anonymous_9)
FN:153,(anonymous_10)
FN:160,(anonymous_11)
FNF:12
FNH:3
FNDA:1,(anonymous_0)
FNDA:1,(anonymous_1)
FNDA:0,(anonymous_2)
FNDA:0,(anonymous_3)
FNDA:0,(anonymous_4)
FNDA:0,(anonymous_5)
FNDA:0,(anonymous_6)
FNDA:0,(anonymous_7)
FNDA:0,(anonymous_8)
FNDA:0,(anonymous_9)
FNDA:0,(anonymous_10)
FNDA:1,(anonymous_11)
DA:44,1
DA:45,1
DA:52,1
DA:53,1
DA:57,1
DA:58,1
DA:59,0
DA:60,0
DA:62,0
DA:65,1
DA:67,0
DA:69,0
DA:70,0
DA:75,0
DA:76,0
DA:77,0
DA:78,0
DA:80,0
DA:86,0
DA:87,0
DA:90,0
DA:91,0
DA:93,0
DA:94,0
DA:95,0
DA:96,0
DA:97,0
DA:98,0
DA:102,0
DA:103,0
DA:104,0
DA:111,0
DA:115,0
DA:116,0
DA:121,0
DA:122,0
DA:123,0
DA:143,0
DA:144,0
DA:150,0
DA:155,0
DA:156,0
DA:165,1
DA:167,1
DA:175,1
LF:45
LH:10
BRDA:58,0,0,0
BRDA:58,0,1,1
BRDA:67,1,0,0
BRDA:67,1,1,0
BRDA:67,2,0,0
BRDA:67,2,1,0
BRDA:67,2,2,0
BRDA:76,3,0,0
BRDA:76,3,1,0
BRDA:86,4,0,0
BRDA:86,4,1,0
BRDA:93,5,0,0
BRDA:93,5,1,0
BRDA:93,6,0,0
BRDA:93,6,1,0
BRDA:97,7,0,0
BRDA:97,7,1,0
BRDA:103,8,0,0
BRDA:103,8,1,0
BRDA:155,9,0,0
BRDA:155,9,1,0
BRDA:170,10,0,0
BRDA:170,10,1,1
BRDA:170,11,0,1
BRDA:170,11,1,1
BRDA:171,12,0,1
BRDA:171,12,1,1
BRDA:171,12,2,1
BRDA:172,13,0,1
BRDA:172,13,1,1
BRDA:172,13,2,1
BRF:31
BRH:10
end_of_record
TN:
SF:/home/tt/Desktop/trips3m_web/app-v2/modules/chat/G.js
FNF:0
FNH:0
DA:3,13
DA:8,13
DA:33,13
DA:44,13
DA:59,13
DA:66,13
DA:72,13
DA:89,13
DA:95,13
DA:104,13
LF:10
LH:10
BRF:0
BRH:0
end_of_record
TN:
SF:/home/tt/Desktop/trips3m_web/app-v2/modules/chat/action.js
FN:22,(anonymous_0)
FN:26,(anonymous_1)
FN:35,(anonymous_2)
FN:35,(anonymous_3)
FN:38,(anonymous_4)
FN:48,(anonymous_5)
FN:48,(anonymous_6)
FN:59,(anonymous_7)
FN:69,(anonymous_8)
FN:69,(anonymous_9)
FN:81,(anonymous_10)
FN:81,(anonymous_11)
FN:84,(anonymous_12)
FN:98,(anonymous_13)
FNF:14
FNH:0
FNDA:0,(anonymous_0)
FNDA:0,(anonymous_1)
FNDA:0,(anonymous_2)
FNDA:0,(anonymous_3)
FNDA:0,(anonymous_4)
FNDA:0,(anonymous_5)
FNDA:0,(anonymous_6)
FNDA:0,(anonymous_7)
FNDA:0,(anonymous_8)
FNDA:0,(anonymous_9)
FNDA:0,(anonymous_10)
FNDA:0,(anonymous_11)
FNDA:0,(anonymous_12)
FNDA:0,(anonymous_13)
DA:3,11
DA:4,11
DA:5,11
DA:7,11
DA:8,11
DA:9,11
DA:11,11
DA:12,11
DA:13,11
DA:15,11
DA:16,11
DA:17,11
DA:19,11
DA:20,11
DA:22,11
DA:23,0
DA:24,0
DA:26,0
DA:30,0
DA:35,11
DA:36,0
DA:38,0
DA:48,11
DA:49,0
DA:50,0
DA:51,0
DA:52,0
DA:53,0
DA:54,0
DA:57,0
DA:59,0
DA:69,11
DA:70,0
DA:72,0
DA:74,0
DA:81,11
DA:82,0
DA:84,0
DA:98,11
LF:39
LH:20
BRDA:23,0,0,0
BRDA:23,0,1,0
BRDA:50,1,0,0
BRDA:50,1,1,0
BRDA:50,1,2,0
BRDA:51,2,0,0
BRDA:51,2,1,0
BRDA:53,3,0,0
BRDA:53,3,1,0
BRDA:70,4,0,0
BRDA:70,4,1,0
BRDA:72,5,0,0
BRDA:72,5,1,0
BRDA:72,6,0,0
BRDA:72,6,1,0
BRF:15
BRH:0
end_of_record
TN:
SF:/home/tt/Desktop/trips3m_web/app-v2/modules/chat/index.js
FN:19,(anonymous_0)
FNF:1
FNH:0
FNDA:0,(anonymous_0)
DA:18,10
DA:20,0
DA:21,0
DA:23,0
LF:4
LH:1
BRF:0
BRH:0
end_of_record
TN:
SF:/home/tt/Desktop/trips3m_web/app-v2/modules/chat/reducer.js
FN:28,reducer
FN:80,(anonymous_1)
FN:94,(anonymous_2)
FN:98,(anonymous_3)
FNF:4
FNH:1
FNDA:4,reducer
FNDA:0,(anonymous_1)
FNDA:0,(anonymous_2)
FNDA:0,(anonymous_3)
DA:18,11
DA:29,4
DA:31,1
DA:40,1
DA:41,1
DA:42,0
DA:43,0
DA:46,0
DA:49,1
DA:54,0
DA:55,0
DA:62,0
DA:63,0
DA:70,1
DA:75,1
DA:80,11
DA:81,0
DA:82,0
DA:89,0
DA:94,11
DA:95,0
DA:98,11
DA:99,0
LF:23
LH:11
BRDA:28,0,0,0
BRDA:29,1,0,1
BRDA:29,1,1,1
BRDA:29,1,2,0
BRDA:29,1,3,0
BRDA:29,1,4,1
BRDA:29,1,5,1
BRDA:41,2,0,0
BRDA:41,2,1,1
BRDA:81,3,0,0
BRDA:81,3,1,0
BRDA:99,4,0,0
BRDA:99,4,1,0
BRF:13
BRH:5
end_of_record
TN:
SF:/home/tt/Desktop/trips3m_web/app-v2/modules/chat/components/ChatHeader.js
FN:22,(anonymous_0)
FNF:1
FNH:1
FNDA:1,(anonymous_0)
DA:10,12
DA:23,1
DA:25,1
LF:3
LH:3
BRF:0
BRH:0
end_of_record
TN:
SF:/home/tt/Desktop/trips3m_web/app-v2/modules/chat/components/ChatInput.js
FN:17,(anonymous_0)
FN:30,(anonymous_1)
FN:36,(anonymous_2)
FN:40,(anonymous_3)
FN:54,(anonymous_4)
FN:64,(anonymous_5)
FN:71,(anonymous_6)
FN:77,(anonymous_7)
FN:83,(anonymous_8)
FN:100,(anonymous_9)
FN:111,(anonymous_10)
FNF:11
FNH:7
FNDA:5,(anonymous_0)
FNDA:2,(anonymous_1)
FNDA:0,(anonymous_2)
FNDA:2,(anonymous_3)
FNDA:0,(anonymous_4)
FNDA:1,(anonymous_5)
FNDA:2,(anonymous_6)
FNDA:11,(anonymous_7)
FNDA:11,(anonymous_8)
FNDA:0,(anonymous_9)
FNDA:0,(anonymous_10)
DA:18,5
DA:19,5
DA:20,5
DA:21,5
DA:22,5
DA:23,5
DA:24,5
DA:25,5
DA:31,2
DA:32,0
DA:37,0
DA:41,2
DA:43,2
DA:44,1
DA:47,2
DA:51,2
DA:55,0
DA:56,0
DA:60,0
DA:61,0
DA:65,1
DA:66,1
DA:67,1
DA:72,2
DA:73,2
DA:78,11
DA:84,11
DA:86,11
DA:100,0
DA:112,0
LF:30
LH:22
BRDA:31,0,0,0
BRDA:31,0,1,2
BRDA:43,1,0,1
BRDA:43,1,1,1
BRDA:65,2,0,1
BRDA:65,2,1,0
BRDA:72,3,0,2
BRDA:72,3,1,0
BRDA:90,4,0,1
BRDA:90,4,1,10
BRDA:99,5,0,11
BRDA:99,5,1,0
BRDA:102,6,0,1
BRDA:102,6,1,10
BRF:14
BRH:10
end_of_record
TN:
SF:/home/tt/Desktop/trips3m_web/app-v2/modules/chat/components/ChatMessages.js
FN:26,(anonymous_0)
FN:31,(anonymous_1)
FN:39,(anonymous_2)
FN:43,(anonymous_3)
FN:47,(anonymous_4)
FN:60,(anonymous_5)
FN:82,(anonymous_6)
FNF:7
FNH:5
FNDA:5,(anonymous_0)
FNDA:0,(anonymous_1)
FNDA:0,(anonymous_2)
FNDA:1,(anonymous_3)
FNDA:30,(anonymous_4)
FNDA:5,(anonymous_5)
FNDA:30,(anonymous_6)
DA:27,5
DA:28,5
DA:32,0
DA:33,0
DA:34,0
DA:35,0
DA:40,0
DA:44,1
DA:48,30
DA:49,30
DA:52,0
DA:53,0
DA:54,0
DA:57,0
DA:61,5
DA:62,5
DA:64,5
DA:83,30
LF:18
LH:9
BRDA:33,0,0,0
BRDA:33,0,1,0
BRDA:34,1,0,0
BRDA:34,1,1,0
BRDA:48,2,0,30
BRDA:48,2,1,0
BRDA:52,3,0,0
BRDA:52,3,1,0
BRDA:67,4,0,3
BRDA:67,4,1,2
BRDA:77,5,0,2
BRDA:77,5,1,3
BRDA:83,6,0,0
BRDA:83,6,1,30
BRDA:85,7,0,0
BRDA:85,7,1,0
BRDA:91,8,0,0
BRDA:91,8,1,0
BRDA:94,9,0,30
BRDA:94,9,1,3
BRDA:100,10,0,30
BRDA:100,10,1,0
BRF:22
BRH:9
end_of_record
TN:
SF:/home/tt/Desktop/trips3m_web/app-v2/modules/chat/components/IncomingMessage.js
FN:11,(anonymous_0)
FN:19,(anonymous_1)
FNF:2
FNH:0
FNDA:0,(anonymous_0)
FNDA:0,(anonymous_1)
DA:9,12
DA:11,12
DA:14,0
DA:20,0
DA:30,12
DA:39,12
LF:6
LH:4
BRDA:15,0,0,0
BRDA:15,0,1,0
BRF:2
BRH:0
end_of_record
TN:
SF:/home/tt/Desktop/trips3m_web/app-v2/modules/chat/components/OutgoingMessage.js
FN:11,(anonymous_0)
FN:24,(anonymous_1)
FNF:2
FNH:1
FNDA:30,(anonymous_0)
FNDA:0,(anonymous_1)
DA:9,12
DA:11,12
DA:19,30
DA:25,0
DA:35,12
DA:46,12
LF:6
LH:5
BRDA:20,0,0,30
BRDA:20,0,1,0
BRF:2
BRH:1
end_of_record
TN:
SF:/home/tt/Desktop/trips3m_web/app-v2/modules/cityBlock/EntryFees/EntryFeesDays.js
FN:25,(anonymous_0)
FN:32,(anonymous_1)
FNF:2
FNH:0
FNDA:0,(anonymous_0)
FNDA:0,(anonymous_1)
DA:9,1
DA:25,1
DA:26,0
DA:33,0
DA:58,1
LF:5
LH:3
BRDA:29,0,0,0
BRDA:29,0,1,0
BRDA:32,1,0,0
BRDA:32,1,1,0
BRDA:32,1,2,0
BRDA:34,2,0,0
BRDA:34,2,1,0
BRDA:48,3,0,0
BRDA:48,3,1,0
BRDA:48,4,0,0
BRDA:48,4,1,0
BRF:11
BRH:0
end_of_record
TN:
SF:/home/tt/Desktop/trips3m_web/app-v2/modules/cityBlock/EntryFees/EntryFeesDaysData.js
FN:30,(anonymous_0)
FN:37,(anonymous_1)
FN:40,(anonymous_2)
FN:44,(anonymous_3)
FN:49,(anonymous_4)
FN:52,(anonymous_5)
FN:58,(anonymous_6)
FNF:7
FNH:0
FNDA:0,(anonymous_0)
FNDA:0,(anonymous_1)
FNDA:0,(anonymous_2)
FNDA:0,(anonymous_3)
FNDA:0,(anonymous_4)
FNDA:0,(anonymous_5)
FNDA:0,(anonymous_6)
DA:5,1
DA:25,1
DA:31,0
DA:32,0
DA:38,0
DA:41,0
DA:45,0
DA:46,0
DA:50,0
DA:52,0
DA:59,0
DA:71,1
DA:76,1
LF:13
LH:4
BRDA:52,0,0,0
BRDA:52,0,1,0
BRDA:60,1,0,0
BRDA:60,1,1,0
BRF:4
BRH:0
end_of_record
TN:
SF:/home/tt/Desktop/trips3m_web/app-v2/modules/cityBlock/Timing/TimingList.js
FN:28,(anonymous_0)
FN:33,(anonymous_1)
FN:37,(anonymous_2)
FNF:3
FNH:0
FNDA:0,(anonymous_0)
FNDA:0,(anonymous_1)
FNDA:0,(anonymous_2)
DA:6,1
DA:19,1
DA:28,1
DA:29,0
DA:34,0
DA:38,0
DA:47,1
LF:7
LH:4
BRDA:33,0,0,0
BRDA:33,0,1,0
BRDA:33,0,2,0
BRF:3
BRH:0
end_of_record
TN:
SF:/home/tt/Desktop/trips3m_web/app-v2/modules/cityBlock/Tips/TipsList.js
FN:29,(anonymous_0)
FN:34,(anonymous_1)
FNF:2
FNH:0
FNDA:0,(anonymous_0)
FNDA:0,(anonymous_1)
DA:7,1
DA:19,1
DA:29,1
DA:30,0
DA:35,0
DA:45,1
LF:6
LH:4
BRDA:34,0,0,0
BRDA:34,0,1,0
BRDA:34,0,2,0
BRF:3
BRH:0
end_of_record
TN:
SF:/home/tt/Desktop/trips3m_web/app-v2/modules/common/SlideItem.js
FN:34,(anonymous_0)
FNF:1
FNH:0
FNDA:0,(anonymous_0)
DA:5,1
DA:13,1
DA:19,1
DA:28,1
DA:34,1
DA:35,0
DA:36,0
DA:47,1
LF:8
LH:6
BRF:0
BRH:0
end_of_record
TN:
SF:/home/tt/Desktop/trips3m_web/app-v2/modules/common/ErrorBoundary/index.js
FN:27,(anonymous_0)
FN:43,(anonymous_1)
FN:51,(anonymous_2)
FN:67,(anonymous_3)
FN:73,(anonymous_4)
FNF:5
FNH:0
FNDA:0,(anonymous_0)
FNDA:0,(anonymous_1)
FNDA:0,(anonymous_2)
FNDA:0,(anonymous_3)
FNDA:0,(anonymous_4)
DA:6,3
DA:7,3
DA:8,3
DA:12,3
DA:28,0
DA:29,0
DA:30,0
DA:31,0
DA:44,0
DA:48,0
DA:52,0
DA:53,0
DA:64,0
DA:70,0
DA:71,0
DA:72,0
DA:73,0
DA:74,0
DA:76,0
DA:77,0
DA:81,0
DA:82,0
DA:84,0
DA:85,0
DA:91,3
DA:107,3
LF:26
LH:6
BRDA:29,0,0,0
BRDA:29,0,1,0
BRDA:30,1,0,0
BRDA:30,1,1,0
BRDA:52,2,0,0
BRDA:52,2,1,0
BRDA:55,3,0,0
BRDA:55,3,1,0
BRDA:70,4,0,0
BRDA:70,4,1,0
BRDA:71,5,0,0
BRDA:71,5,1,0
BRDA:76,6,0,0
BRDA:76,6,1,0
BRDA:81,7,0,0
BRDA:81,7,1,0
BRF:16
BRH:0
end_of_record
TN:
SF:/home/tt/Desktop/trips3m_web/app-v2/modules/discountEngine/DiscountOffer.js
FN:37,(anonymous_0)
FN:47,(anonymous_1)
FN:53,(anonymous_2)
FN:59,(anonymous_3)
FN:88,(anonymous_4)
FN:94,(anonymous_5)
FN:95,(anonymous_6)
FN:102,(anonymous_7)
FN:117,(anonymous_8)
FN:122,(anonymous_9)
FN:137,(anonymous_10)
FN:163,(anonymous_11)
FN:174,(anonymous_12)
FN:185,(anonymous_13)
FN:186,(anonymous_14)
FN:198,(anonymous_15)
FNF:16
FNH:4
FNDA:1,(anonymous_0)
FNDA:1,(anonymous_1)
FNDA:0,(anonymous_2)
FNDA:0,(anonymous_3)
FNDA:0,(anonymous_4)
FNDA:0,(anonymous_5)
FNDA:0,(anonymous_6)
FNDA:0,(anonymous_7)
FNDA:0,(anonymous_8)
FNDA:0,(anonymous_9)
FNDA:0,(anonymous_10)
FNDA:0,(anonymous_11)
FNDA:1,(anonymous_12)
FNDA:0,(anonymous_13)
FNDA:0,(anonymous_14)
FNDA:1,(anonymous_15)
DA:38,1
DA:39,1
DA:43,1
DA:44,1
DA:48,1
DA:49,0
DA:54,0
DA:55,0
DA:60,0
DA:61,0
DA:63,0
DA:65,0
DA:67,0
DA:89,0
DA:95,0
DA:96,0
DA:97,0
DA:103,0
DA:104,0
DA:105,0
DA:106,0
DA:109,0
DA:113,0
DA:118,0
DA:123,0
DA:125,0
DA:126,0
DA:129,0
DA:130,0
DA:131,0
DA:133,0
DA:134,0
DA:136,0
DA:137,0
DA:139,0
DA:140,0
DA:141,0
DA:144,0
DA:155,0
DA:156,0
DA:160,0
DA:164,0
DA:165,0
DA:177,1
DA:179,1
DA:185,0
DA:186,0
DA:199,1
LF:48
LH:8
BRDA:43,0,0,1
BRDA:43,0,1,1
BRDA:43,0,2,1
BRDA:48,1,0,0
BRDA:48,1,1,1
BRDA:54,2,0,0
BRDA:54,2,1,0
BRDA:60,3,0,0
BRDA:60,3,1,0
BRDA:60,4,0,0
BRDA:60,4,1,0
BRDA:96,5,0,0
BRDA:96,5,1,0
BRDA:96,6,0,0
BRDA:96,6,1,0
BRDA:103,7,0,0
BRDA:103,7,1,0
BRDA:104,8,0,0
BRDA:104,8,1,0
BRDA:125,9,0,0
BRDA:125,9,1,0
BRDA:125,10,0,0
BRDA:125,10,1,0
BRDA:125,10,2,0
BRDA:133,11,0,0
BRDA:133,11,1,0
BRDA:136,12,0,0
BRDA:136,12,1,0
BRDA:137,13,0,0
BRDA:137,13,1,0
BRDA:155,14,0,0
BRDA:155,14,1,0
BRDA:164,15,0,0
BRDA:164,15,1,0
BRDA:200,16,0,0
BRDA:200,16,1,1
BRF:36
BRH:5
end_of_record
TN:
SF:/home/tt/Desktop/trips3m_web/app-v2/modules/discountEngine/action.js
FN:26,fetchDiscountOffers
FN:33,(anonymous_1)
FN:38,applyDiscountCoupon
FN:45,(anonymous_3)
FN:54,updateDiscountCoupon
FN:61,(anonymous_5)
FN:70,removeDiscountCoupon
FN:77,(anonymous_7)
FN:83,(anonymous_8)
FN:83,(anonymous_9)
FN:87,(anonymous_10)
FN:87,(anonymous_11)
FN:91,fetchAppliedOffer
FN:98,(anonymous_13)
FNF:14
FNH:0
FNDA:0,fetchDiscountOffers
FNDA:0,(anonymous_1)
FNDA:0,applyDiscountCoupon
FNDA:0,(anonymous_3)
FNDA:0,updateDiscountCoupon
FNDA:0,(anonymous_5)
FNDA:0,removeDiscountCoupon
FNDA:0,(anonymous_7)
FNDA:0,(anonymous_8)
FNDA:0,(anonymous_9)
FNDA:0,(anonymous_10)
FNDA:0,(anonymous_11)
FNDA:0,fetchAppliedOffer
FNDA:0,(anonymous_13)
DA:10,11
DA:11,11
DA:12,11
DA:13,11
DA:14,11
DA:15,11
DA:16,11
DA:17,11
DA:18,11
DA:19,11
DA:20,11
DA:21,11
DA:22,11
DA:23,11
DA:24,11
DA:27,0
DA:33,0
DA:39,0
DA:45,0
DA:55,0
DA:61,0
DA:71,0
DA:77,0
DA:83,11
DA:84,0
DA:87,11
DA:88,0
DA:92,0
DA:98,0
LF:29
LH:17
BRF:0
BRH:0
end_of_record
TN:
SF:/home/tt/Desktop/trips3m_web/app-v2/modules/discountEngine/index.js
FN:16,(anonymous_0)
FNF:1
FNH:0
FNDA:0,(anonymous_0)
DA:16,0
LF:1
LH:0
BRF:0
BRH:0
end_of_record
TN:
SF:/home/tt/Desktop/trips3m_web/app-v2/modules/discountEngine/components/AppliedCouponBanner.js
FN:11,(anonymous_0)
FN:14,(anonymous_1)
FN:46,(anonymous_2)
FNF:3
FNH:0
FNDA:0,(anonymous_0)
FNDA:0,(anonymous_1)
FNDA:0,(anonymous_2)
DA:9,3
DA:11,3
DA:14,0
DA:15,0
DA:23,0
DA:39,3
DA:45,3
LF:7
LH:4
BRDA:14,0,0,0
BRDA:15,1,0,0
BRDA:15,1,1,0
BRF:3
BRH:0
end_of_record
TN:
SF:/home/tt/Desktop/trips3m_web/app-v2/modules/discountEngine/components/DiscountOfferInput.js
FN:4,(anonymous_0)
FN:13,(anonymous_1)
FNF:2
FNH:0
FNDA:0,(anonymous_0)
FNDA:0,(anonymous_1)
DA:4,3
DA:5,0
DA:14,0
DA:15,0
DA:22,3
LF:5
LH:2
BRDA:18,0,0,0
BRDA:18,0,1,0
BRDA:18,0,2,0
BRF:3
BRH:0
end_of_record
TN:
SF:/home/tt/Desktop/trips3m_web/app-v2/modules/discountEngine/components/DiscountOfferList.js
FN:25,(anonymous_0)
FN:33,(anonymous_1)
FN:37,(anonymous_2)
FN:42,(anonymous_3)
FN:47,(anonymous_4)
FN:64,(anonymous_5)
FNF:6
FNH:0
FNDA:0,(anonymous_0)
FNDA:0,(anonymous_1)
FNDA:0,(anonymous_2)
FNDA:0,(anonymous_3)
FNDA:0,(anonymous_4)
FNDA:0,(anonymous_5)
DA:26,0
DA:28,0
DA:34,0
DA:38,0
DA:39,0
DA:43,0
DA:44,0
DA:48,0
DA:55,0
DA:64,0
LF:10
LH:0
BRDA:59,0,0,0
BRDA:59,0,1,0
BRDA:60,1,0,0
BRDA:60,1,1,0
BRDA:63,2,0,0
BRDA:63,2,1,0
BRF:6
BRH:0
end_of_record
TN:
SF:/home/tt/Desktop/trips3m_web/app-v2/modules/discountEngine/components/DiscountOfferPopup.js
FN:26,(anonymous_0)
FN:29,(anonymous_1)
FN:33,(anonymous_2)
FN:44,(anonymous_3)
FN:49,(anonymous_4)
FN:50,(anonymous_5)
FN:53,(anonymous_6)
FNF:7
FNH:0
FNDA:0,(anonymous_0)
FNDA:0,(anonymous_1)
FNDA:0,(anonymous_2)
FNDA:0,(anonymous_3)
FNDA:0,(anonymous_4)
FNDA:0,(anonymous_5)
FNDA:0,(anonymous_6)
DA:30,0
DA:34,0
DA:35,0
DA:47,0
DA:49,0
DA:50,0
DA:52,0
DA:53,0
LF:8
LH:0
BRDA:34,0,0,0
BRDA:34,0,1,0
BRDA:74,1,0,0
BRDA:74,1,1,0
BRDA:80,2,0,0
BRDA:80,2,1,0
BRDA:80,3,0,0
BRDA:80,3,1,0
BRF:8
BRH:0
end_of_record
TN:
SF:/home/tt/Desktop/trips3m_web/app-v2/modules/discountEngine/components/DiscountOfferRadio.js
FN:8,(anonymous_0)
FN:12,(anonymous_1)
FN:16,(anonymous_2)
FN:27,(anonymous_3)
FNF:4
FNH:0
FNDA:0,(anonymous_0)
FNDA:0,(anonymous_1)
FNDA:0,(anonymous_2)
FNDA:0,(anonymous_3)
DA:8,3
DA:12,0
DA:13,0
DA:16,0
DA:17,0
DA:23,0
DA:27,0
DA:61,3
DA:70,3
LF:9
LH:3
BRDA:18,0,0,0
BRDA:18,0,1,0
BRDA:19,1,0,0
BRDA:19,1,1,0
BRDA:19,2,0,0
BRDA:19,2,1,0
BRDA:24,3,0,0
BRDA:24,3,1,0
BRDA:39,4,0,0
BRDA:39,4,1,0
BRDA:47,5,0,0
BRDA:47,5,1,0
BRF:12
BRH:0
end_of_record
TN:
SF:/home/tt/Desktop/trips3m_web/app-v2/modules/discountEngine/components/OtherOffers.js
FN:16,(anonymous_0)
FN:23,(anonymous_1)
FN:28,(anonymous_2)
FNF:3
FNH:0
FNDA:0,(anonymous_0)
FNDA:0,(anonymous_1)
FNDA:0,(anonymous_2)
DA:17,0
DA:24,0
DA:29,0
LF:3
LH:0
BRDA:18,0,0,0
BRDA:18,0,1,0
BRDA:19,1,0,0
BRDA:19,1,1,0
BRDA:19,2,0,0
BRDA:19,2,1,0
BRF:6
BRH:0
end_of_record
TN:
SF:/home/tt/Desktop/trips3m_web/app-v2/modules/discountEngine/components/tnc.js
FN:13,(anonymous_0)
FN:28,(anonymous_1)
FNF:2
FNH:0
FNDA:0,(anonymous_0)
FNDA:0,(anonymous_1)
DA:6,3
DA:11,3
DA:13,3
DA:15,0
DA:23,3
DA:27,3
LF:6
LH:5
BRF:0
BRH:0
end_of_record
TN:
SF:/home/tt/Desktop/trips3m_web/app-v2/modules/layout/action.js
FN:7,(anonymous_0)
FN:13,(anonymous_1)
FNF:2
FNH:1
FNDA:1,(anonymous_0)
FNDA:0,(anonymous_1)
DA:3,2
DA:4,2
DA:5,2
DA:7,2
DA:13,0
LF:5
LH:4
BRF:0
BRH:0
end_of_record
TN:
SF:/home/tt/Desktop/trips3m_web/app-v2/modules/layout/reducer.js
FN:13,layoutReducer
FNF:1
FNH:1
FNDA:2,layoutReducer
DA:7,1
DA:14,2
DA:16,0
DA:23,1
DA:31,0
DA:38,1
LF:6
LH:4
BRDA:13,0,0,0
BRDA:13,1,0,0
BRDA:14,2,0,0
BRDA:14,2,1,1
BRDA:14,2,2,0
BRDA:14,2,3,1
BRF:6
BRH:2
end_of_record
TN:
SF:/home/tt/Desktop/trips3m_web/app-v2/modules/mapInformation/SeeMapPopUp/SeeMapPopUp.js
FN:7,(anonymous_0)
FN:15,(anonymous_1)
FN:16,(anonymous_2)
FN:17,(anonymous_3)
FN:25,(anonymous_4)
FN:27,(anonymous_5)
FN:46,(anonymous_6)
FNF:7
FNH:0
FNDA:0,(anonymous_0)
FNDA:0,(anonymous_1)
FNDA:0,(anonymous_2)
FNDA:0,(anonymous_3)
FNDA:0,(anonymous_4)
FNDA:0,(anonymous_5)
FNDA:0,(anonymous_6)
DA:8,0
DA:9,0
DA:12,0
DA:16,0
DA:18,0
DA:19,0
DA:22,0
DA:26,0
DA:28,0
DA:29,0
DA:47,0
DA:48,0
DA:49,0
DA:69,8
DA:76,8
LF:15
LH:2
BRDA:22,0,0,0
BRDA:22,0,1,0
BRDA:26,1,0,0
BRDA:26,1,1,0
BRDA:31,2,0,0
BRDA:31,2,1,0
BRDA:32,3,0,0
BRDA:32,3,1,0
BRDA:35,4,0,0
BRDA:35,4,1,0
BRDA:37,5,0,0
BRDA:37,5,1,0
BRDA:38,6,0,0
BRDA:38,6,1,0
BRDA:52,7,0,0
BRDA:52,7,1,0
BRF:16
BRH:0
end_of_record
TN:
SF:/home/tt/Desktop/trips3m_web/app-v2/modules/notifications/G.js
FN:49,(anonymous_0)
FNF:1
FNH:1
FNDA:10,(anonymous_0)
DA:3,6
DA:10,6
DA:22,6
DA:37,6
DA:41,6
DA:49,10
DA:53,6
DA:58,6
LF:8
LH:8
BRDA:50,0,0,0
BRDA:50,0,1,10
BRF:2
BRH:1
end_of_record
TN:
SF:/home/tt/Desktop/trips3m_web/app-v2/modules/notifications/Notifications.js
FN:33,(anonymous_0)
FN:39,(anonymous_1)
FN:49,(anonymous_2)
FN:61,(anonymous_3)
FN:67,(anonymous_4)
FN:73,(anonymous_5)
FN:79,(anonymous_6)
FN:83,(anonymous_7)
FN:87,(anonymous_8)
FN:94,(anonymous_9)
FN:98,(anonymous_10)
FN:108,(anonymous_11)
FNF:12
FNH:5
FNDA:1,(anonymous_0)
FNDA:1,(anonymous_1)
FNDA:0,(anonymous_2)
FNDA:0,(anonymous_3)
FNDA:1,(anonymous_4)
FNDA:0,(anonymous_5)
FNDA:0,(anonymous_6)
FNDA:1,(anonymous_7)
FNDA:0,(anonymous_8)
FNDA:0,(anonymous_9)
FNDA:0,(anonymous_10)
FNDA:1,(anonymous_11)
DA:34,1
DA:35,1
DA:36,1
DA:40,1
DA:42,1
DA:43,1
DA:45,0
DA:50,0
DA:51,0
DA:52,0
DA:54,0
DA:57,0
DA:62,0
DA:63,0
DA:68,1
DA:69,1
DA:70,1
DA:73,0
DA:74,0
DA:75,0
DA:80,0
DA:84,1
DA:89,0
DA:90,0
DA:95,0
DA:109,1
DA:113,1
DA:115,1
LF:28
LH:13
BRDA:51,0,0,0
BRDA:51,0,1,0
BRDA:62,1,0,0
BRDA:62,1,1,0
BRDA:89,2,0,0
BRDA:89,2,1,0
BRF:6
BRH:0
end_of_record
TN:
SF:/home/tt/Desktop/trips3m_web/app-v2/modules/notifications/action.js
FN:25,(anonymous_0)
FN:27,(anonymous_1)
FN:31,(anonymous_2)
FN:33,(anonymous_3)
FN:37,(anonymous_4)
FN:37,(anonymous_5)
FN:42,(anonymous_6)
FN:52,(anonymous_7)
FN:57,(anonymous_8)
FN:59,(anonymous_9)
FNF:10
FNH:0
FNDA:0,(anonymous_0)
FNDA:0,(anonymous_1)
FNDA:0,(anonymous_2)
FNDA:0,(anonymous_3)
FNDA:0,(anonymous_4)
FNDA:0,(anonymous_5)
FNDA:0,(anonymous_6)
FNDA:0,(anonymous_7)
FNDA:0,(anonymous_8)
FNDA:0,(anonymous_9)
DA:4,5
DA:5,5
DA:6,5
DA:8,5
DA:9,5
DA:10,5
DA:12,5
DA:13,5
DA:15,5
DA:16,5
DA:17,5
DA:19,5
DA:20,5
DA:21,5
DA:25,5
DA:27,0
DA:31,5
DA:33,0
DA:37,5
DA:38,0
DA:39,0
DA:40,0
DA:42,0
DA:52,5
DA:57,5
DA:59,0
LF:26
LH:19
BRF:0
BRH:0
end_of_record
TN:
SF:/home/tt/Desktop/trips3m_web/app-v2/modules/notifications/index.js
FN:20,mapStateToProps
FN:30,mapDispatchToProps
FN:32,(anonymous_2)
FN:33,(anonymous_3)
FN:34,(anonymous_4)
FN:35,(anonymous_5)
FN:36,(anonymous_6)
FNF:7
FNH:0
FNDA:0,mapStateToProps
FNDA:0,mapDispatchToProps
FNDA:0,(anonymous_2)
FNDA:0,(anonymous_3)
FNDA:0,(anonymous_4)
FNDA:0,(anonymous_5)
FNDA:0,(anonymous_6)
DA:21,0
DA:31,0
DA:32,0
DA:33,0
DA:34,0
DA:35,0
DA:36,0
DA:40,4
LF:8
LH:1
BRF:0
BRH:0
end_of_record
TN:
SF:/home/tt/Desktop/trips3m_web/app-v2/modules/notifications/reducer.js
FN:28,getUserName
FN:39,parseNotifications
FN:40,(anonymous_2)
FN:52,reducer
FN:158,(anonymous_4)
FN:162,(anonymous_5)
FN:166,(anonymous_6)
FN:177,(anonymous_7)
FNF:8
FNH:4
FNDA:2,getUserName
FNDA:2,parseNotifications
FNDA:2,(anonymous_2)
FNDA:2,reducer
FNDA:0,(anonymous_4)
FNDA:0,(anonymous_5)
FNDA:0,(anonymous_6)
FNDA:0,(anonymous_7)
DA:18,5
DA:29,2
DA:31,2
DA:32,2
DA:36,2
DA:40,2
DA:53,2
DA:55,0
DA:61,1
DA:62,1
DA:63,1
DA:65,1
DA:68,1
DA:84,0
DA:91,0
DA:92,0
DA:93,0
DA:95,0
DA:97,0
DA:108,0
DA:109,0
DA:116,0
DA:117,0
DA:119,0
DA:121,0
DA:123,0
DA:131,0
DA:139,0
DA:148,0
DA:153,1
DA:158,5
DA:159,0
DA:162,5
DA:163,0
DA:166,5
DA:167,0
DA:168,0
DA:173,0
DA:177,5
DA:178,0
LF:40
LH:17
BRDA:31,0,0,2
BRDA:31,0,1,0
BRDA:31,1,0,2
BRDA:31,1,1,2
BRDA:32,2,0,2
BRDA:32,2,1,0
BRDA:39,3,0,0
BRDA:43,4,0,2
BRDA:43,4,1,2
BRDA:44,5,0,2
BRDA:44,5,1,2
BRDA:44,5,2,2
BRDA:52,6,0,0
BRDA:53,7,0,0
BRDA:53,7,1,1
BRDA:53,7,2,0
BRDA:53,7,3,0
BRDA:53,7,4,0
BRDA:53,7,5,0
BRDA:53,7,6,0
BRDA:53,7,7,0
BRDA:53,7,8,1
BRDA:62,8,0,1
BRDA:62,8,1,0
BRDA:62,9,0,1
BRDA:62,9,1,1
BRDA:62,9,2,1
BRDA:74,10,0,1
BRDA:74,10,1,1
BRDA:74,10,2,1
BRDA:76,11,0,1
BRDA:76,11,1,0
BRDA:76,12,0,1
BRDA:76,12,1,1
BRDA:88,13,0,0
BRDA:88,13,1,0
BRDA:92,14,0,0
BRDA:92,14,1,0
BRDA:92,15,0,0
BRDA:92,15,1,0
BRDA:92,15,2,0
BRDA:116,16,0,0
BRDA:116,16,1,0
BRDA:121,17,0,0
BRDA:121,17,1,0
BRDA:127,18,0,0
BRDA:127,18,1,0
BRDA:128,19,0,0
BRDA:128,19,1,0
BRDA:129,20,0,0
BRDA:129,20,1,0
BRDA:129,20,2,0
BRDA:159,21,0,0
BRDA:159,21,1,0
BRDA:163,22,0,0
BRDA:163,22,1,0
BRDA:178,23,0,0
BRDA:178,23,1,0
BRF:58
BRH:21
end_of_record
TN:
SF:/home/tt/Desktop/trips3m_web/app-v2/modules/notifications/components/NotificationBell.js
FN:12,(anonymous_0)
FN:17,(anonymous_1)
FNF:2
FNH:0
FNDA:0,(anonymous_0)
FNDA:0,(anonymous_1)
DA:12,5
DA:17,0
DA:18,0
DA:19,0
DA:23,0
DA:39,5
LF:6
LH:2
BRDA:18,0,0,0
BRDA:18,0,1,0
BRDA:27,1,0,0
BRDA:27,1,1,0
BRDA:30,2,0,0
BRDA:30,2,1,0
BRF:6
BRH:0
end_of_record
TN:
SF:/home/tt/Desktop/trips3m_web/app-v2/modules/notifications/components/NotificationCard.js
FN:13,(anonymous_0)
FNF:1
FNH:1
FNDA:10,(anonymous_0)
DA:13,6
DA:14,10
DA:27,6
LF:3
LH:3
BRDA:18,0,0,10
BRDA:18,0,1,4
BRF:2
BRH:2
end_of_record
TN:
SF:/home/tt/Desktop/trips3m_web/app-v2/modules/notifications/components/NotificationList.js
FN:9,(anonymous_0)
FN:25,(anonymous_1)
FN:25,(anonymous_2)
FN:32,(anonymous_3)
FNF:4
FNH:3
FNDA:4,(anonymous_0)
FNDA:10,(anonymous_1)
FNDA:10,(anonymous_2)
FNDA:0,(anonymous_3)
DA:9,6
DA:15,4
DA:16,2
DA:22,2
DA:25,10
DA:26,10
DA:32,0
DA:43,6
DA:52,6
LF:9
LH:8
BRDA:15,0,0,2
BRDA:15,0,1,2
BRDA:25,1,0,10
BRDA:25,1,1,10
BRDA:30,2,0,2
BRDA:30,2,1,0
BRF:6
BRH:5
end_of_record
TN:
SF:/home/tt/Desktop/trips3m_web/app-v2/modules/packages/PackageCard.js
FN:69,(anonymous_0)
FNF:1
FNH:0
FNDA:0,(anonymous_0)
DA:14,1
DA:23,1
DA:28,1
DA:47,1
DA:54,1
DA:69,1
DA:73,0
DA:77,0
DA:79,0
DA:168,1
DA:187,1
LF:11
LH:8
BRDA:74,0,0,0
BRDA:74,0,1,0
BRDA:74,1,0,0
BRDA:74,1,1,0
BRDA:82,2,0,0
BRDA:82,2,1,0
BRDA:83,3,0,0
BRDA:83,3,1,0
BRDA:91,4,0,0
BRDA:91,4,1,0
BRDA:96,5,0,0
BRDA:96,5,1,0
BRDA:101,6,0,0
BRDA:101,6,1,0
BRDA:131,7,0,0
BRDA:131,7,1,0
BRDA:137,8,0,0
BRDA:137,8,1,0
BRDA:140,9,0,0
BRDA:140,9,1,0
BRDA:141,10,0,0
BRDA:141,10,1,0
BRDA:148,11,0,0
BRDA:148,11,1,0
BRF:24
BRH:0
end_of_record
TN:
SF:/home/tt/Desktop/trips3m_web/app-v2/modules/packages/Packages.js
FN:10,(anonymous_0)
FN:40,(anonymous_1)
FNF:2
FNH:0
FNDA:0,(anonymous_0)
FNDA:0,(anonymous_1)
DA:11,0
DA:12,0
DA:41,0
DA:55,1
DA:62,1
LF:5
LH:2
BRDA:24,0,0,0
BRDA:24,0,1,0
BRDA:38,1,0,0
BRDA:38,1,1,0
BRDA:38,1,2,0
BRF:5
BRH:0
end_of_record
TN:
SF:/home/tt/Desktop/trips3m_web/app-v2/modules/packages/popular/index.js
FN:8,(anonymous_0)
FNF:1
FNH:0
FNDA:0,(anonymous_0)
DA:7,1
DA:8,0
LF:2
LH:1
BRDA:9,0,0,0
BRDA:9,0,1,0
BRF:2
BRH:0
end_of_record
TN:
SF:/home/tt/Desktop/trips3m_web/app-v2/modules/pdm/G.js
FNF:0
FNH:0
DA:3,13
LF:1
LH:1
BRF:0
BRH:0
end_of_record
TN:
SF:/home/tt/Desktop/trips3m_web/app-v2/modules/pdm/Pdm.js
FN:17,(anonymous_0)
FN:21,(anonymous_1)
FN:26,(anonymous_2)
FN:30,(anonymous_3)
FN:42,(anonymous_4)
FN:44,(anonymous_5)
FNF:6
FNH:5
FNDA:0,(anonymous_0)
FNDA:2,(anonymous_1)
FNDA:1,(anonymous_2)
FNDA:3,(anonymous_3)
FNDA:9,(anonymous_4)
FNDA:1,(anonymous_5)
DA:22,2
DA:23,2
DA:27,1
DA:31,3
DA:32,3
DA:34,3
DA:35,0
DA:38,3
DA:43,9
DA:44,1
LF:10
LH:9
BRDA:34,0,0,0
BRDA:34,0,1,3
BRDA:34,1,0,3
BRDA:34,1,1,3
BRF:4
BRH:3
end_of_record
TN:
SF:/home/tt/Desktop/trips3m_web/app-v2/modules/pdm/action.js
FN:10,(anonymous_0)
FN:15,(anonymous_1)
FN:20,(anonymous_2)
FN:22,(anonymous_3)
FNF:4
FNH:0
FNDA:0,(anonymous_0)
FNDA:0,(anonymous_1)
FNDA:0,(anonymous_2)
FNDA:0,(anonymous_3)
DA:4,10
DA:5,10
DA:6,10
DA:7,10
DA:8,10
DA:10,10
DA:15,10
DA:20,10
DA:22,0
LF:9
LH:8
BRF:0
BRH:0
end_of_record
TN:
SF:/home/tt/Desktop/trips3m_web/app-v2/modules/pdm/index.js
FN:8,(anonymous_0)
FNF:1
FNH:0
FNDA:0,(anonymous_0)
DA:8,0
LF:1
LH:0
BRF:0
BRH:0
end_of_record
TN:
SF:/home/tt/Desktop/trips3m_web/app-v2/modules/placesToVisit/PlacesToVisit.js
FN:25,(anonymous_0)
FN:27,(anonymous_1)
FN:31,(anonymous_2)
FN:56,(anonymous_3)
FN:65,(anonymous_4)
FNF:5
FNH:2
FNDA:0,(anonymous_0)
FNDA:0,(anonymous_1)
FNDA:1,(anonymous_2)
FNDA:0,(anonymous_3)
FNDA:1,(anonymous_4)
DA:32,1
DA:57,0
DA:66,1
DA:67,1
DA:68,0
DA:71,1
LF:6
LH:4
BRDA:59,0,0,0
BRDA:59,0,1,0
BRDA:67,1,0,0
BRDA:67,1,1,1
BRDA:67,2,0,1
BRDA:67,2,1,0
BRDA:74,3,0,1
BRDA:74,3,1,0
BRDA:77,4,0,0
BRDA:77,4,1,0
BRDA:77,5,0,0
BRDA:77,5,1,0
BRF:12
BRH:3
end_of_record
TN:
SF:/home/tt/Desktop/trips3m_web/app-v2/modules/preferences/Preferences.js
FN:31,(anonymous_0)
FN:34,(anonymous_1)
FN:38,(anonymous_2)
FN:39,(anonymous_3)
FN:49,(anonymous_4)
FNF:5
FNH:2
FNDA:0,(anonymous_0)
FNDA:4,(anonymous_1)
FNDA:0,(anonymous_2)
FNDA:0,(anonymous_3)
FNDA:4,(anonymous_4)
DA:35,4
DA:39,0
DA:40,0
DA:50,4
DA:51,4
DA:52,4
DA:53,4
DA:54,4
DA:55,4
DA:57,4
LF:10
LH:8
BRDA:42,0,0,0
BRDA:42,0,1,0
BRDA:43,1,0,0
BRDA:43,1,1,0
BRDA:44,2,0,0
BRDA:44,2,1,0
BRF:6
BRH:0
end_of_record
TN:
SF:/home/tt/Desktop/trips3m_web/app-v2/modules/preferences/action.js
FN:15,fetchPreferenceOptions
FN:22,(anonymous_1)
FN:27,updatePreferences
FN:38,(anonymous_3)
FNF:4
FNH:1
FNDA:1,fetchPreferenceOptions
FNDA:0,(anonymous_1)
FNDA:0,updatePreferences
FNDA:0,(anonymous_3)
DA:7,2
DA:8,2
DA:9,2
DA:11,2
DA:12,2
DA:13,2
DA:16,1
DA:22,0
DA:28,0
DA:32,0
DA:38,0
LF:11
LH:7
BRDA:15,0,0,1
BRDA:27,1,0,0
BRF:2
BRH:1
end_of_record
TN:
SF:/home/tt/Desktop/trips3m_web/app-v2/modules/preferences/constants.js
FNF:0
FNH:0
DA:1,5
DA:12,5
DA:17,5
DA:29,5
DA:34,5
DA:39,5
DA:44,5
DA:52,5
DA:57,5
DA:65,5
DA:70,5
DA:75,5
DA:83,5
DA:90,5
DA:99,5
LF:15
LH:15
BRF:0
BRH:0
end_of_record
TN:
SF:/home/tt/Desktop/trips3m_web/app-v2/modules/preferences/helpers.js
FN:7,getFlightAnswerAttr
FN:9,(anonymous_1)
FN:11,(anonymous_2)
FN:11,(anonymous_3)
FN:21,getSelectedHotelIds
FN:23,(anonymous_5)
FN:26,(anonymous_6)
FN:30,(anonymous_7)
FN:39,isHotelRequired
FN:40,(anonymous_9)
FN:42,(anonymous_10)
FN:47,getDriverLanguage
FN:52,(anonymous_12)
FN:57,(anonymous_13)
FN:64,getOtherPreferencesOptions
FN:67,(anonymous_15)
FN:69,(anonymous_16)
FN:72,getEligibleAnswersObj
FN:81,getTripPrefInitialFormData
FN:93,(anonymous_19)
FN:110,(anonymous_20)
FN:133,(anonymous_21)
FN:133,(anonymous_22)
FN:135,(anonymous_23)
FN:135,(anonymous_24)
FN:137,(anonymous_25)
FN:154,(anonymous_26)
FN:156,(anonymous_27)
FN:165,(anonymous_28)
FN:172,(anonymous_29)
FN:178,(anonymous_30)
FN:196,(anonymous_31)
FN:210,(anonymous_32)
FNF:33
FNH:31
FNDA:6,getFlightAnswerAttr
FNDA:30,(anonymous_1)
FNDA:12,(anonymous_2)
FNDA:24,(anonymous_3)
FNDA:6,getSelectedHotelIds
FNDA:24,(anonymous_5)
FNDA:24,(anonymous_6)
FNDA:30,(anonymous_7)
FNDA:6,isHotelRequired
FNDA:18,(anonymous_9)
FNDA:6,(anonymous_10)
FNDA:6,getDriverLanguage
FNDA:24,(anonymous_12)
FNDA:0,(anonymous_13)
FNDA:15,getOtherPreferencesOptions
FNDA:150,(anonymous_15)
FNDA:45,(anonymous_16)
FNDA:18,getEligibleAnswersObj
FNDA:5,getTripPrefInitialFormData
FNDA:45,(anonymous_19)
FNDA:5,(anonymous_20)
FNDA:6,(anonymous_21)
FNDA:36,(anonymous_22)
FNDA:7,(anonymous_23)
FNDA:49,(anonymous_24)
FNDA:0,(anonymous_25)
FNDA:36,(anonymous_26)
FNDA:162,(anonymous_27)
FNDA:45,(anonymous_28)
FNDA:9,(anonymous_29)
FNDA:36,(anonymous_30)
FNDA:7,(anonymous_31)
FNDA:7,(anonymous_32)
DA:8,6
DA:9,30
DA:11,24
DA:13,6
DA:14,6
DA:15,6
DA:18,6
DA:22,6
DA:23,24
DA:24,6
DA:26,6
DA:27,24
DA:30,6
DA:31,30
DA:32,6
DA:36,6
DA:40,18
DA:42,6
DA:44,6
DA:48,6
DA:49,6
DA:50,6
DA:51,6
DA:52,24
DA:53,6
DA:54,0
DA:56,0
DA:57,0
DA:61,6
DA:65,15
DA:66,15
DA:67,15
DA:68,150
DA:69,45
DA:73,18
DA:74,18
DA:75,90
DA:78,18
DA:82,5
DA:83,5
DA:85,5
DA:87,5
DA:89,5
DA:90,5
DA:91,20
DA:92,10
DA:93,45
DA:95,10
DA:96,5
DA:99,10
DA:100,10
DA:101,35
DA:105,5
DA:106,5
DA:108,5
DA:109,5
DA:110,5
DA:111,5
DA:112,5
DA:116,5
DA:117,5
DA:118,5
DA:119,5
DA:121,5
DA:133,36
DA:135,49
DA:137,5
DA:138,0
DA:139,0
DA:140,0
DA:142,0
DA:143,0
DA:145,0
DA:146,0
DA:149,0
DA:151,0
DA:154,5
DA:155,36
DA:156,36
DA:157,162
DA:158,162
DA:159,9
DA:162,36
DA:165,5
DA:166,45
DA:172,5
DA:173,9
DA:175,9
DA:177,9
DA:178,9
DA:179,36
DA:180,36
DA:186,9
DA:196,5
DA:197,7
DA:210,5
DA:211,7
LF:97
LH:85
BRDA:13,0,0,6
BRDA:13,0,1,0
BRDA:31,1,0,6
BRDA:31,1,1,24
BRDA:44,2,0,6
BRDA:44,2,1,6
BRDA:50,3,0,6
BRDA:50,3,1,0
BRDA:53,4,0,0
BRDA:53,4,1,6
BRDA:56,5,0,0
BRDA:56,5,1,0
BRDA:65,6,0,15
BRDA:65,6,1,0
BRDA:66,7,0,15
BRDA:66,7,1,0
BRDA:91,8,0,10
BRDA:91,8,1,10
BRDA:95,9,0,5
BRDA:95,9,1,5
BRDA:108,10,0,5
BRDA:108,10,1,0
BRDA:111,11,0,5
BRDA:111,11,1,0
BRDA:139,12,0,0
BRDA:139,12,1,0
BRDA:142,13,0,0
BRDA:142,13,1,0
BRDA:145,14,0,0
BRDA:145,14,1,0
BRDA:158,15,0,9
BRDA:158,15,1,153
BRDA:182,16,0,9
BRDA:182,16,1,27
BRDA:187,17,0,9
BRDA:187,17,1,0
BRDA:188,18,0,9
BRDA:188,18,1,0
BRDA:189,19,0,9
BRDA:189,19,1,0
BRDA:190,20,0,9
BRDA:190,20,1,0
BRDA:192,21,0,9
BRDA:192,21,1,9
BRF:44
BRH:25
end_of_record
TN:
SF:/home/tt/Desktop/trips3m_web/app-v2/modules/preferences/reducer.js
FN:20,preferencesSection
FNF:1
FNH:1
FNDA:4,preferencesSection
DA:11,1
DA:21,4
DA:26,1
DA:33,1
DA:34,1
DA:42,1
DA:49,0
DA:56,0
DA:57,0
DA:65,0
DA:66,0
DA:67,0
DA:75,1
LF:13
LH:7
BRDA:20,0,0,4
BRDA:21,1,0,1
BRDA:21,1,1,1
BRDA:21,1,2,1
BRDA:21,1,3,0
BRDA:21,1,4,0
BRDA:21,1,5,0
BRDA:21,1,6,1
BRF:8
BRH:5
end_of_record
TN:
SF:/home/tt/Desktop/trips3m_web/app-v2/modules/preferences/testData.js
FNF:0
FNH:0
DA:1,5
LF:1
LH:1
BRF:0
BRH:0
end_of_record
TN:
SF:/home/tt/Desktop/trips3m_web/app-v2/modules/preferences/components/DatePicker.js
FN:9,(anonymous_0)
FN:21,(anonymous_1)
FNF:2
FNH:0
FNDA:0,(anonymous_0)
FNDA:0,(anonymous_1)
DA:9,2
DA:10,0
DA:21,0
DA:31,2
DA:37,2
LF:5
LH:3
BRDA:20,0,0,0
BRDA:20,0,1,0
BRDA:25,1,0,0
BRDA:25,1,1,0
BRDA:25,1,2,0
BRF:5
BRH:0
end_of_record
TN:
SF:/home/tt/Desktop/trips3m_web/app-v2/modules/preferences/components/Dropdown.js
FN:4,(anonymous_0)
FN:8,(anonymous_1)
FN:14,(anonymous_2)
FNF:3
FNH:0
FNDA:0,(anonymous_0)
FNDA:0,(anonymous_1)
FNDA:0,(anonymous_2)
DA:4,2
DA:5,0
DA:8,0
DA:15,0
DA:28,2
DA:36,2
LF:6
LH:3
BRDA:9,0,0,0
BRDA:9,0,1,0
BRDA:9,0,2,0
BRDA:22,1,0,0
BRDA:22,1,1,0
BRDA:22,1,2,0
BRF:6
BRH:0
end_of_record
TN:
SF:/home/tt/Desktop/trips3m_web/app-v2/modules/preferences/components/EditPreferencesPopup.js
FN:5,(anonymous_0)
FNF:1
FNH:0
FNDA:0,(anonymous_0)
DA:6,0
DA:7,0
DA:9,0
DA:25,4
LF:4
LH:1
BRDA:12,0,0,0
BRDA:12,0,1,0
BRDA:14,1,0,0
BRDA:14,1,1,0
BRDA:16,2,0,0
BRDA:16,2,1,0
BRF:6
BRH:0
end_of_record
TN:
SF:/home/tt/Desktop/trips3m_web/app-v2/modules/preferences/components/Header.js
FN:16,(anonymous_0)
FNF:1
FNH:0
FNDA:0,(anonymous_0)
DA:17,0
DA:19,0
LF:2
LH:0
BRF:0
BRH:0
end_of_record
TN:
SF:/home/tt/Desktop/trips3m_web/app-v2/modules/preferences/components/HotelSelector.js
FN:7,(anonymous_0)
FN:17,(anonymous_1)
FN:20,(anonymous_2)
FN:30,(anonymous_3)
FN:36,(anonymous_4)
FN:39,(anonymous_5)
FNF:6
FNH:0
FNDA:0,(anonymous_0)
FNDA:0,(anonymous_1)
FNDA:0,(anonymous_2)
FNDA:0,(anonymous_3)
FNDA:0,(anonymous_4)
FNDA:0,(anonymous_5)
DA:8,0
DA:18,0
DA:19,0
DA:20,0
DA:21,0
DA:24,0
DA:26,0
DA:27,0
DA:31,0
DA:33,0
DA:37,0
DA:39,0
LF:12
LH:0
BRDA:19,0,0,0
BRDA:19,0,1,0
BRDA:35,1,0,0
BRDA:35,1,1,0
BRDA:46,2,0,0
BRDA:46,2,1,0
BRDA:46,2,2,0
BRF:7
BRH:0
end_of_record
TN:
SF:/home/tt/Desktop/trips3m_web/app-v2/modules/preferences/components/NumberFormatter.js
FN:5,(anonymous_0)
FN:20,(anonymous_1)
FN:34,(anonymous_2)
FN:44,(anonymous_3)
FN:54,(anonymous_4)
FNF:5
FNH:0
FNDA:0,(anonymous_0)
FNDA:0,(anonymous_1)
FNDA:0,(anonymous_2)
FNDA:0,(anonymous_3)
FNDA:0,(anonymous_4)
DA:6,0
DA:21,0
DA:22,0
DA:23,0
DA:24,0
DA:25,0
DA:27,0
DA:28,0
DA:29,0
DA:30,0
DA:35,0
DA:36,0
DA:37,0
DA:39,0
DA:40,0
DA:45,0
DA:54,0
LF:17
LH:0
BRDA:22,0,0,0
BRDA:22,0,1,0
BRDA:24,1,0,0
BRDA:24,1,1,0
BRDA:28,2,0,0
BRDA:28,2,1,0
BRDA:36,3,0,0
BRDA:36,3,1,0
BRDA:39,4,0,0
BRDA:39,4,1,0
BRDA:59,5,0,0
BRDA:59,5,1,0
BRDA:59,5,2,0
BRDA:59,5,3,0
BRF:14
BRH:0
end_of_record
TN:
SF:/home/tt/Desktop/trips3m_web/app-v2/modules/preferences/components/RadioButton.js
FN:5,(anonymous_0)
FN:15,(anonymous_1)
FN:19,(anonymous_2)
FN:25,(anonymous_3)
FNF:4
FNH:0
FNDA:0,(anonymous_0)
FNDA:0,(anonymous_1)
FNDA:0,(anonymous_2)
FNDA:0,(anonymous_3)
DA:6,0
DA:16,0
DA:20,0
DA:22,0
DA:26,0
LF:5
LH:0
BRDA:24,0,0,0
BRDA:24,0,1,0
BRDA:35,1,0,0
BRDA:35,1,1,0
BRDA:35,1,2,0
BRF:5
BRH:0
end_of_record
TN:
SF:/home/tt/Desktop/trips3m_web/app-v2/modules/preferences/components/TextBox.js
FN:4,(anonymous_0)
FNF:1
FNH:0
FNDA:0,(anonymous_0)
DA:4,3
DA:5,0
DA:20,3
DA:27,3
LF:4
LH:3
BRDA:11,0,0,0
BRDA:11,0,1,0
BRDA:11,0,2,0
BRDA:14,1,0,0
BRDA:14,1,1,0
BRDA:14,1,2,0
BRF:6
BRH:0
end_of_record
TN:
SF:/home/tt/Desktop/trips3m_web/app-v2/modules/preferences/edit/ContactDetails.js
FN:12,(anonymous_0)
FN:13,(anonymous_1)
FNF:2
FNH:0
FNDA:0,(anonymous_0)
FNDA:0,(anonymous_1)
DA:12,2
DA:13,0
DA:14,0
DA:17,0
DA:68,2
DA:73,2
LF:6
LH:3
BRF:0
BRH:0
end_of_record
TN:
SF:/home/tt/Desktop/trips3m_web/app-v2/modules/preferences/edit/Header.js
FN:13,(anonymous_0)
FNF:1
FNH:0
FNDA:0,(anonymous_0)
DA:14,0
LF:1
LH:0
BRF:0
BRH:0
end_of_record
TN:
SF:/home/tt/Desktop/trips3m_web/app-v2/modules/preferences/edit/Request.js
FN:13,(anonymous_0)
FN:20,(anonymous_1)
FNF:2
FNH:0
FNDA:0,(anonymous_0)
FNDA:0,(anonymous_1)
DA:13,2
DA:15,0
DA:20,0
DA:117,2
DA:123,2
LF:5
LH:3
BRDA:19,0,0,0
BRDA:19,0,1,0
BRDA:19,1,0,0
BRDA:19,1,1,0
BRF:4
BRH:0
end_of_record
TN:
SF:/home/tt/Desktop/trips3m_web/app-v2/modules/preferences/edit/TripPreferences.js
FN:20,(anonymous_0)
FN:27,(anonymous_1)
FN:42,(anonymous_2)
FN:45,(anonymous_3)
FN:46,(anonymous_4)
FN:142,(anonymous_5)
FNF:6
FNH:0
FNDA:0,(anonymous_0)
FNDA:0,(anonymous_1)
FNDA:0,(anonymous_2)
FNDA:0,(anonymous_3)
FNDA:0,(anonymous_4)
FNDA:0,(anonymous_5)
DA:20,3
DA:25,0
DA:27,0
DA:28,0
DA:29,0
DA:30,0
DA:31,0
DA:37,0
DA:40,0
DA:41,0
DA:42,0
DA:43,0
DA:44,0
DA:45,0
DA:46,0
DA:47,0
DA:48,0
DA:50,0
DA:55,0
DA:125,3
DA:134,3
DA:136,3
DA:141,3
DA:142,3
DA:144,0
DA:145,0
DA:146,0
DA:148,0
LF:28
LH:6
BRDA:25,0,0,0
BRDA:25,0,1,0
BRDA:27,1,0,0
BRDA:27,2,0,0
BRDA:28,3,0,0
BRDA:28,3,1,0
BRF:6
BRH:0
end_of_record
TN:
SF:/home/tt/Desktop/trips3m_web/app-v2/modules/preferences/fields/BudgetField.js
FN:9,(anonymous_0)
FN:37,(anonymous_1)
FN:38,(anonymous_2)
FN:77,(anonymous_3)
FN:111,(anonymous_4)
FN:121,(anonymous_5)
FN:125,(anonymous_6)
FNF:7
FNH:0
FNDA:0,(anonymous_0)
FNDA:0,(anonymous_1)
FNDA:0,(anonymous_2)
FNDA:0,(anonymous_3)
FNDA:0,(anonymous_4)
FNDA:0,(anonymous_5)
FNDA:0,(anonymous_6)
DA:9,3
DA:10,0
DA:29,3
DA:35,3
DA:37,3
DA:38,0
DA:39,0
DA:40,0
DA:59,0
DA:78,0
DA:84,0
DA:85,0
DA:86,0
DA:89,0
DA:90,0
DA:93,0
DA:95,0
DA:96,0
DA:97,0
DA:98,0
DA:102,0
DA:108,0
DA:109,0
DA:111,0
DA:112,0
DA:118,0
DA:122,0
DA:126,0
DA:127,0
DA:129,0
LF:30
LH:4
BRDA:12,0,0,0
BRDA:12,0,1,0
BRDA:21,1,0,0
BRDA:21,1,1,0
BRDA:21,1,2,0
BRDA:61,2,0,0
BRDA:61,2,1,0
BRDA:63,3,0,0
BRDA:63,3,1,0
BRDA:89,4,0,0
BRDA:89,4,1,0
BRDA:93,5,0,0
BRDA:93,5,1,0
BRDA:97,6,0,0
BRDA:97,6,1,0
BRDA:102,7,0,0
BRDA:102,7,1,0
BRDA:102,8,0,0
BRDA:102,8,1,0
BRDA:108,9,0,0
BRDA:108,9,1,0
BRDA:108,10,0,0
BRDA:108,10,1,0
BRDA:108,10,2,0
BRDA:108,10,3,0
BRDA:122,11,0,0
BRDA:122,11,1,0
BRDA:129,12,0,0
BRDA:129,12,1,0
BRF:29
BRH:0
end_of_record
TN:
SF:/home/tt/Desktop/trips3m_web/app-v2/modules/preferences/fields/CabFields.js
FN:15,(anonymous_0)
FN:22,(anonymous_1)
FN:28,(anonymous_2)
FN:31,(anonymous_3)
FN:57,(anonymous_4)
FN:58,(anonymous_5)
FN:80,(anonymous_6)
FN:84,(anonymous_7)
FN:100,(anonymous_8)
FNF:9
FNH:0
FNDA:0,(anonymous_0)
FNDA:0,(anonymous_1)
FNDA:0,(anonymous_2)
FNDA:0,(anonymous_3)
FNDA:0,(anonymous_4)
FNDA:0,(anonymous_5)
FNDA:0,(anonymous_6)
FNDA:0,(anonymous_7)
FNDA:0,(anonymous_8)
DA:9,3
DA:15,3
DA:16,0
DA:18,0
DA:19,0
DA:22,0
DA:23,0
DA:24,0
DA:25,0
DA:28,0
DA:29,0
DA:30,0
DA:32,0
DA:33,0
DA:57,0
DA:58,0
DA:59,0
DA:60,0
DA:80,0
DA:81,0
DA:82,0
DA:83,0
DA:84,0
DA:85,0
DA:99,0
DA:100,0
DA:101,0
DA:102,0
DA:115,0
DA:118,0
DA:140,3
LF:31
LH:3
BRDA:16,0,0,0
BRDA:16,0,1,0
BRDA:16,0,2,0
BRDA:18,1,0,0
BRDA:18,1,1,0
BRDA:24,2,0,0
BRDA:24,2,1,0
BRDA:28,3,0,0
BRDA:28,4,0,0
BRDA:29,5,0,0
BRDA:29,5,1,0
BRDA:81,6,0,0
BRDA:81,6,1,0
BRDA:81,7,0,0
BRDA:81,7,1,0
BRDA:82,8,0,0
BRDA:82,8,1,0
BRF:17
BRH:0
end_of_record
TN:
SF:/home/tt/Desktop/trips3m_web/app-v2/modules/preferences/fields/FlightBooking.js
FN:19,(anonymous_0)
FN:36,(anonymous_1)
FN:37,(anonymous_2)
FN:39,(anonymous_3)
FNF:4
FNH:0
FNDA:0,(anonymous_0)
FNDA:0,(anonymous_1)
FNDA:0,(anonymous_2)
FNDA:0,(anonymous_3)
DA:9,3
DA:19,3
DA:20,0
DA:36,3
DA:37,0
DA:39,3
DA:40,0
DA:41,0
DA:44,0
DA:55,3
LF:10
LH:5
BRDA:40,0,0,0
BRDA:40,0,1,0
BRF:2
BRH:0
end_of_record
TN:
SF:/home/tt/Desktop/trips3m_web/app-v2/modules/preferences/fields/SingleValuedField.js
FN:5,(anonymous_0)
FN:24,(anonymous_1)
FN:41,(anonymous_2)
FN:42,(anonymous_3)
FN:52,(anonymous_4)
FNF:5
FNH:0
FNDA:0,(anonymous_0)
FNDA:0,(anonymous_1)
FNDA:0,(anonymous_2)
FNDA:0,(anonymous_3)
FNDA:0,(anonymous_4)
DA:5,3
DA:6,0
DA:24,3
DA:25,0
DA:41,3
DA:42,0
DA:43,0
DA:44,0
DA:45,0
DA:47,0
DA:52,3
DA:53,0
DA:65,3
LF:13
LH:5
BRDA:44,0,0,0
BRDA:44,0,1,0
BRF:2
BRH:0
end_of_record
TN:
SF:/home/tt/Desktop/trips3m_web/app-v2/modules/preferences/view/ContactDetails.js
FN:15,(anonymous_0)
FN:22,(anonymous_1)
FN:28,(anonymous_2)
FN:40,(anonymous_3)
FN:41,(anonymous_4)
FN:46,(anonymous_5)
FN:51,(anonymous_6)
FN:55,(anonymous_7)
FN:59,(anonymous_8)
FN:71,(anonymous_9)
FN:115,(anonymous_10)
FNF:11
FNH:6
FNDA:8,(anonymous_0)
FNDA:0,(anonymous_1)
FNDA:1,(anonymous_2)
FNDA:1,(anonymous_3)
FNDA:1,(anonymous_4)
FNDA:0,(anonymous_5)
FNDA:0,(anonymous_6)
FNDA:0,(anonymous_7)
FNDA:8,(anonymous_8)
FNDA:0,(anonymous_9)
FNDA:1,(anonymous_10)
DA:16,8
DA:17,8
DA:23,0
DA:24,0
DA:29,1
DA:36,1
DA:37,1
DA:41,1
DA:42,1
DA:47,0
DA:48,0
DA:52,0
DA:56,0
DA:60,8
DA:62,8
DA:71,0
DA:99,2
DA:114,2
LF:18
LH:11
BRDA:23,0,0,0
BRDA:23,0,1,0
BRDA:23,1,0,0
BRDA:23,1,1,0
BRDA:69,2,0,6
BRDA:69,2,1,2
BRDA:69,3,0,8
BRDA:69,3,1,4
BRDA:91,4,0,8
BRDA:91,4,1,0
BRF:10
BRH:5
end_of_record
TN:
SF:/home/tt/Desktop/trips3m_web/app-v2/modules/preferences/view/G.js
FNF:0
FNH:0
DA:4,4
LF:1
LH:1
BRF:0
BRH:0
end_of_record
TN:
SF:/home/tt/Desktop/trips3m_web/app-v2/modules/preferences/view/Request.js
FN:15,(anonymous_0)
FN:22,(anonymous_1)
FN:28,(anonymous_2)
FN:29,(anonymous_3)
FN:34,(anonymous_4)
FN:50,(anonymous_5)
FN:54,(anonymous_6)
FN:59,(anonymous_7)
FN:63,(anonymous_8)
FN:65,(anonymous_9)
FNF:10
FNH:6
FNDA:8,(anonymous_0)
FNDA:0,(anonymous_1)
FNDA:1,(anonymous_2)
FNDA:1,(anonymous_3)
FNDA:1,(anonymous_4)
FNDA:0,(anonymous_5)
FNDA:0,(anonymous_6)
FNDA:0,(anonymous_7)
FNDA:8,(anonymous_8)
FNDA:24,(anonymous_9)
DA:16,8
DA:17,8
DA:23,0
DA:24,0
DA:29,1
DA:30,1
DA:35,1
DA:46,1
DA:47,1
DA:51,0
DA:55,0
DA:56,0
DA:60,0
DA:64,8
DA:65,24
DA:67,8
DA:124,2
DA:139,2
LF:18
LH:12
BRDA:23,0,0,0
BRDA:23,0,1,0
BRDA:23,1,0,0
BRDA:23,1,1,0
BRDA:74,2,0,6
BRDA:74,2,1,2
BRDA:74,3,0,8
BRDA:74,3,1,4
BRF:8
BRH:4
end_of_record
TN:
SF:/home/tt/Desktop/trips3m_web/app-v2/modules/preferences/view/TripPreferences.js
FN:18,(anonymous_0)
FN:41,(anonymous_1)
FN:46,(anonymous_2)
FN:47,(anonymous_3)
FN:70,(anonymous_4)
FN:137,(anonymous_5)
FN:144,(anonymous_6)
FN:150,(anonymous_7)
FN:151,(anonymous_8)
FN:156,(anonymous_9)
FN:186,(anonymous_10)
FN:191,(anonymous_11)
FN:195,(anonymous_12)
FN:199,(anonymous_13)
FN:213,(anonymous_14)
FN:228,(anonymous_15)
FNF:16
FNH:11
FNDA:1,(anonymous_0)
FNDA:1,(anonymous_1)
FNDA:25,(anonymous_2)
FNDA:14,(anonymous_3)
FNDA:1,(anonymous_4)
FNDA:8,(anonymous_5)
FNDA:0,(anonymous_6)
FNDA:1,(anonymous_7)
FNDA:1,(anonymous_8)
FNDA:1,(anonymous_9)
FNDA:0,(anonymous_10)
FNDA:0,(anonymous_11)
FNDA:0,(anonymous_12)
FNDA:8,(anonymous_13)
FNDA:0,(anonymous_14)
FNDA:72,(anonymous_15)
DA:18,2
DA:19,1
DA:20,1
DA:21,2
DA:22,2
DA:23,0
DA:29,0
DA:30,0
DA:31,0
DA:32,0
DA:33,0
DA:38,1
DA:41,2
DA:42,1
DA:44,1
DA:45,4
DA:46,25
DA:47,14
DA:49,4
DA:50,4
DA:52,4
DA:53,0
DA:54,0
DA:57,4
DA:67,1
DA:70,2
DA:71,1
DA:73,1
DA:74,1
DA:76,1
DA:77,5
DA:78,5
DA:80,5
DA:81,1
DA:82,1
DA:85,4
DA:86,4
DA:91,4
DA:92,2
DA:93,2
DA:94,2
DA:95,0
DA:96,0
DA:100,1
DA:101,0
DA:102,0
DA:103,0
DA:110,0
DA:115,1
DA:116,1
DA:117,1
DA:118,0
DA:125,1
DA:132,1
DA:138,8
DA:139,8
DA:145,0
DA:146,0
DA:151,1
DA:152,1
DA:158,1
DA:159,1
DA:161,1
DA:163,1
DA:164,1
DA:165,1
DA:167,1
DA:168,1
DA:174,1
DA:182,1
DA:183,1
DA:187,0
DA:188,0
DA:192,0
DA:196,0
DA:200,8
DA:201,8
DA:203,8
DA:213,0
DA:229,72
DA:240,2
DA:255,2
LF:82
LH:60
BRDA:29,0,0,0
BRDA:29,0,1,0
BRDA:31,1,0,0
BRDA:31,1,1,0
BRDA:49,2,0,4
BRDA:49,2,1,2
BRDA:49,2,2,2
BRDA:52,3,0,0
BRDA:52,3,1,4
BRDA:52,4,0,4
BRDA:52,4,1,1
BRDA:80,5,0,1
BRDA:80,5,1,4
BRDA:91,6,0,2
BRDA:91,6,1,2
BRDA:94,7,0,0
BRDA:94,7,1,2
BRDA:100,8,0,0
BRDA:100,8,1,1
BRDA:102,9,0,0
BRDA:102,9,1,0
BRDA:115,10,0,1
BRDA:115,10,1,0
BRDA:117,11,0,0
BRDA:117,11,1,1
BRDA:145,12,0,0
BRDA:145,12,1,0
BRDA:145,13,0,0
BRDA:145,13,1,0
BRDA:210,14,0,6
BRDA:210,14,1,2
BRDA:210,15,0,8
BRDA:210,15,1,4
BRF:33
BRH:18
end_of_record
TN:
SF:/home/tt/Desktop/trips3m_web/app-v2/modules/quote/EventTypes.js
FNF:0
FNH:0
LF:0
LH:0
BRF:0
BRH:0
end_of_record
TN:
SF:/home/tt/Desktop/trips3m_web/app-v2/modules/quote/Header.js
FN:16,(anonymous_0)
FN:19,(anonymous_1)
FNF:2
FNH:0
FNDA:0,(anonymous_0)
FNDA:0,(anonymous_1)
DA:20,0
DA:21,0
LF:2
LH:0
BRF:0
BRH:0
end_of_record
TN:
SF:/home/tt/Desktop/trips3m_web/app-v2/modules/quote/QuoteDetailHeader.js
FN:16,(anonymous_0)
FN:18,(anonymous_1)
FN:27,(anonymous_2)
FN:29,(anonymous_3)
FN:60,(anonymous_4)
FN:79,(anonymous_5)
FNF:6
FNH:3
FNDA:1,(anonymous_0)
FNDA:0,(anonymous_1)
FNDA:1,(anonymous_2)
FNDA:1,(anonymous_3)
FNDA:0,(anonymous_4)
FNDA:0,(anonymous_5)
DA:12,3
DA:16,3
DA:18,1
DA:19,0
DA:27,1
DA:29,1
DA:30,1
DA:42,1
DA:60,0
DA:70,3
DA:78,3
LF:11
LH:9
BRDA:59,0,0,0
BRDA:59,0,1,1
BRF:2
BRH:1
end_of_record
TN:
SF:/home/tt/Desktop/trips3m_web/app-v2/modules/quote/QuoteListModal.js
FN:34,(anonymous_0)
FN:40,(anonymous_1)
FN:69,(anonymous_2)
FNF:3
FNH:2
FNDA:1,(anonymous_0)
FNDA:1,(anonymous_1)
FNDA:0,(anonymous_2)
DA:10,4
DA:34,4
DA:36,1
DA:41,1
DA:60,4
DA:68,4
LF:6
LH:6
BRF:0
BRH:0
end_of_record
TN:
SF:/home/tt/Desktop/trips3m_web/app-v2/modules/quote/helpers.js
FN:3,(anonymous_0)
FN:33,(anonymous_1)
FN:60,(anonymous_2)
FNF:3
FNH:3
FNDA:12,(anonymous_0)
FNDA:12,(anonymous_1)
FNDA:12,(anonymous_2)
DA:3,2
DA:4,12
DA:6,12
DA:8,0
DA:9,0
DA:14,11
DA:15,11
DA:18,1
DA:19,1
DA:22,0
DA:23,0
DA:26,0
DA:30,12
DA:33,2
DA:34,12
DA:36,0
DA:37,0
DA:40,1
DA:41,1
DA:43,1
DA:44,1
DA:46,4
DA:47,4
DA:49,6
DA:50,6
DA:53,12
DA:57,2
DA:60,2
DA:61,12
LF:29
LH:22
BRDA:6,0,0,0
BRDA:6,0,1,1
BRDA:6,0,2,5
BRDA:6,0,3,11
BRDA:6,0,4,1
BRDA:6,0,5,0
BRDA:6,0,6,0
BRDA:34,1,0,0
BRDA:34,1,1,0
BRDA:34,1,2,1
BRDA:34,1,3,1
BRDA:34,1,4,4
BRDA:34,1,5,6
BRF:13
BRH:8
end_of_record
TN:
SF:/home/tt/Desktop/trips3m_web/app-v2/modules/quote/actions/constants.js
FN:9,(anonymous_0)
FN:11,(anonymous_1)
FNF:2
FNH:0
FNDA:0,(anonymous_0)
FNDA:0,(anonymous_1)
DA:4,12
DA:5,12
DA:6,12
DA:9,12
DA:11,0
LF:5
LH:4
BRF:0
BRH:0
end_of_record
TN:
SF:/home/tt/Desktop/trips3m_web/app-v2/modules/quote/actions/quoteActivities.js
FN:39,(anonymous_0)
FN:39,(anonymous_1)
FN:42,(anonymous_2)
FN:46,(anonymous_3)
FN:46,(anonymous_4)
FN:49,(anonymous_5)
FN:60,(anonymous_6)
FN:60,(anonymous_7)
FN:63,(anonymous_8)
FN:68,(anonymous_9)
FN:70,(anonymous_10)
FN:73,(anonymous_11)
FN:78,(anonymous_12)
FN:82,(anonymous_13)
FN:89,(anonymous_14)
FN:95,requestMoreQuotes
FN:102,(anonymous_16)
FNF:17
FNH:0
FNDA:0,(anonymous_0)
FNDA:0,(anonymous_1)
FNDA:0,(anonymous_2)
FNDA:0,(anonymous_3)
FNDA:0,(anonymous_4)
FNDA:0,(anonymous_5)
FNDA:0,(anonymous_6)
FNDA:0,(anonymous_7)
FNDA:0,(anonymous_8)
FNDA:0,(anonymous_9)
FNDA:0,(anonymous_10)
FNDA:0,(anonymous_11)
FNDA:0,(anonymous_12)
FNDA:0,(anonymous_13)
FNDA:0,(anonymous_14)
FNDA:0,requestMoreQuotes
FNDA:0,(anonymous_16)
DA:10,15
DA:11,15
DA:13,15
DA:14,15
DA:15,15
DA:17,15
DA:18,15
DA:19,15
DA:21,15
DA:22,15
DA:23,15
DA:25,15
DA:26,15
DA:27,15
DA:29,15
DA:30,15
DA:31,15
DA:33,15
DA:34,15
DA:35,15
DA:39,15
DA:40,0
DA:42,0
DA:46,15
DA:47,0
DA:49,0
DA:60,15
DA:61,0
DA:63,0
DA:68,15
DA:70,0
DA:73,15
DA:74,0
DA:76,0
DA:78,0
DA:82,15
DA:83,0
DA:89,15
DA:96,0
DA:100,0
DA:102,0
LF:41
LH:27
BRDA:46,0,0,0
BRDA:46,1,0,0
BRDA:95,2,0,0
BRF:3
BRH:0
end_of_record
TN:
SF:/home/tt/Desktop/trips3m_web/app-v2/modules/quote/actions/quoteList.js
FN:9,(anonymous_0)
FN:11,(anonymous_1)
FNF:2
FNH:0
FNDA:0,(anonymous_0)
FNDA:0,(anonymous_1)
DA:4,13
DA:5,13
DA:6,13
DA:9,13
DA:11,0
LF:5
LH:4
BRDA:9,0,0,0
BRDA:9,1,0,0
BRF:2
BRH:0
end_of_record
TN:
SF:/home/tt/Desktop/trips3m_web/app-v2/modules/quote/agentCard/AgentCard.js
FN:13,(anonymous_0)
FN:18,(anonymous_1)
FN:33,(anonymous_2)
FN:41,(anonymous_3)
FN:93,(anonymous_4)
FN:94,(anonymous_5)
FNF:6
FNH:1
FNDA:1,(anonymous_0)
FNDA:0,(anonymous_1)
FNDA:0,(anonymous_2)
FNDA:0,(anonymous_3)
FNDA:0,(anonymous_4)
FNDA:0,(anonymous_5)
DA:13,1
DA:18,1
DA:19,0
DA:27,1
DA:29,1
DA:33,0
DA:41,0
DA:62,1
DA:86,1
LF:9
LH:6
BRDA:21,0,0,0
BRDA:21,0,1,0
BRDA:22,1,0,0
BRDA:22,1,1,0
BRDA:52,2,0,0
BRDA:52,2,1,1
BRF:6
BRH:1
end_of_record
TN:
SF:/home/tt/Desktop/trips3m_web/app-v2/modules/quote/agentCard/G.js
FNF:0
FNH:0
DA:3,2
LF:1
LH:1
BRF:0
BRH:0
end_of_record
TN:
SF:/home/tt/Desktop/trips3m_web/app-v2/modules/quote/agentCard/components/AgentDetail.js
FN:8,(anonymous_0)
FNF:1
FNH:0
FNDA:0,(anonymous_0)
DA:8,1
DA:10,0
DA:38,1
DA:53,1
LF:4
LH:3
BRDA:22,0,0,0
BRDA:22,0,1,0
BRF:2
BRH:0
end_of_record
TN:
SF:/home/tt/Desktop/trips3m_web/app-v2/modules/quote/agentCard/components/BasicInfo.js
FN:12,(anonymous_0)
FN:16,(anonymous_1)
FN:17,(anonymous_2)
FN:23,(anonymous_3)
FN:69,(anonymous_4)
FN:70,(anonymous_5)
FNF:6
FNH:1
FNDA:1,(anonymous_0)
FNDA:0,(anonymous_1)
FNDA:0,(anonymous_2)
FNDA:0,(anonymous_3)
FNDA:0,(anonymous_4)
FNDA:0,(anonymous_5)
DA:12,2
DA:16,1
DA:17,0
DA:18,0
DA:19,0
DA:21,0
DA:24,0
DA:26,0
DA:29,1
DA:30,1
DA:32,1
DA:55,2
DA:67,2
LF:13
LH:7
BRDA:18,0,0,0
BRDA:18,0,1,0
BRDA:46,1,0,1
BRDA:46,1,1,0
BRDA:46,2,0,1
BRDA:46,2,1,1
BRF:6
BRH:3
end_of_record
TN:
SF:/home/tt/Desktop/trips3m_web/app-v2/modules/quote/ctas/BookNow.js
FN:8,(anonymous_0)
FN:13,(anonymous_1)
FN:37,(anonymous_2)
FN:39,(anonymous_3)
FNF:4
FNH:0
FNDA:0,(anonymous_0)
FNDA:0,(anonymous_1)
FNDA:0,(anonymous_2)
FNDA:0,(anonymous_3)
DA:9,0
DA:10,0
DA:14,0
DA:15,0
DA:26,5
DA:35,5
LF:6
LH:2
BRDA:17,0,0,0
BRDA:17,0,1,0
BRF:2
BRH:0
end_of_record
TN:
SF:/home/tt/Desktop/trips3m_web/app-v2/modules/quote/ctas/CallTripAdvisor.js
FN:6,(anonymous_0)
FNF:1
FNH:1
FNDA:2,(anonymous_0)
DA:4,5
DA:6,5
DA:7,2
DA:14,5
DA:18,5
LF:5
LH:5
BRF:0
BRH:0
end_of_record
TN:
SF:/home/tt/Desktop/trips3m_web/app-v2/modules/quote/ctas/PayNow.js
FN:8,(anonymous_0)
FN:9,(anonymous_1)
FN:40,(anonymous_2)
FNF:3
FNH:0
FNDA:0,(anonymous_0)
FNDA:0,(anonymous_1)
FNDA:0,(anonymous_2)
DA:6,3
DA:8,3
DA:9,0
DA:12,0
DA:15,0
DA:28,3
DA:36,3
LF:7
LH:4
BRDA:17,0,0,0
BRDA:17,0,1,0
BRF:2
BRH:0
end_of_record
TN:
SF:/home/tt/Desktop/trips3m_web/app-v2/modules/quote/ctas/ReactivateQuote.js
FN:8,(anonymous_0)
FN:18,(anonymous_1)
FNF:2
FNH:0
FNDA:0,(anonymous_0)
FNDA:0,(anonymous_1)
DA:6,5
DA:8,5
DA:14,0
DA:19,0
DA:27,5
DA:34,5
LF:6
LH:4
BRDA:17,0,0,0
BRDA:17,0,1,0
BRF:2
BRH:0
end_of_record
TN:
SF:/home/tt/Desktop/trips3m_web/app-v2/modules/quote/ctas/RejectQuote.js
FN:10,(anonymous_0)
FN:18,(anonymous_1)
FN:22,(anonymous_2)
FN:23,(anonymous_3)
FN:28,(anonymous_4)
FNF:5
FNH:0
FNDA:0,(anonymous_0)
FNDA:0,(anonymous_1)
FNDA:0,(anonymous_2)
FNDA:0,(anonymous_3)
FNDA:0,(anonymous_4)
DA:11,0
DA:13,0
DA:19,0
DA:23,0
DA:24,0
DA:29,0
DA:30,0
DA:53,5
DA:62,5
LF:9
LH:2
BRDA:34,0,0,0
BRDA:34,0,1,0
BRF:2
BRH:0
end_of_record
TN:
SF:/home/tt/Desktop/trips3m_web/app-v2/modules/quote/ctas/SocialShare.js
FN:15,(anonymous_0)
FN:19,(anonymous_1)
FN:35,(anonymous_2)
FNF:3
FNH:0
FNDA:0,(anonymous_0)
FNDA:0,(anonymous_1)
FNDA:0,(anonymous_2)
DA:10,3
DA:15,3
DA:17,0
DA:19,0
DA:28,3
DA:34,3
LF:6
LH:4
BRF:0
BRH:0
end_of_record
TN:
SF:/home/tt/Desktop/trips3m_web/app-v2/modules/quote/ctas/SwitchQuote.js
FN:9,(anonymous_0)
FN:26,(anonymous_1)
FNF:2
FNH:0
FNDA:0,(anonymous_0)
FNDA:0,(anonymous_1)
DA:7,3
DA:9,3
DA:10,0
DA:12,0
DA:19,3
DA:25,3
LF:6
LH:4
BRF:0
BRH:0
end_of_record
TN:
SF:/home/tt/Desktop/trips3m_web/app-v2/modules/quote/ctas/ViewInvoiceAndPay.js
FN:17,(anonymous_0)
FN:21,(anonymous_1)
FN:36,(anonymous_2)
FNF:3
FNH:0
FNDA:0,(anonymous_0)
FNDA:0,(anonymous_1)
FNDA:0,(anonymous_2)
DA:7,3
DA:15,3
DA:17,3
DA:18,0
DA:21,0
DA:28,3
DA:34,3
LF:7
LH:5
BRF:0
BRH:0
end_of_record
TN:
SF:/home/tt/Desktop/trips3m_web/app-v2/modules/quote/ctas/WaitForInvoice.js
FN:8,(anonymous_0)
FN:9,(anonymous_1)
FNF:2
FNH:0
FNDA:0,(anonymous_0)
FNDA:0,(anonymous_1)
DA:6,4
DA:8,4
DA:9,0
DA:10,0
DA:13,0
DA:25,4
DA:29,4
LF:7
LH:4
BRF:0
BRH:0
end_of_record
TN:
SF:/home/tt/Desktop/trips3m_web/app-v2/modules/quote/footer/QuoteStickyFooter.js
FN:36,(anonymous_0)
FN:47,(anonymous_1)
FN:57,(anonymous_2)
FN:66,(anonymous_3)
FN:95,(anonymous_4)
FN:99,(anonymous_5)
FN:103,(anonymous_6)
FN:201,(anonymous_7)
FN:202,(anonymous_8)
FNF:9
FNH:6
FNDA:10,(anonymous_0)
FNDA:0,(anonymous_1)
FNDA:2,(anonymous_2)
FNDA:5,(anonymous_3)
FNDA:1,(anonymous_4)
FNDA:0,(anonymous_5)
FNDA:11,(anonymous_6)
FNDA:2,(anonymous_7)
FNDA:0,(anonymous_8)
DA:24,3
DA:37,10
DA:39,10
DA:44,10
DA:48,0
DA:49,0
DA:52,0
DA:53,0
DA:58,2
DA:67,5
DA:68,5
DA:70,5
DA:72,1
DA:73,1
DA:74,1
DA:75,1
DA:77,1
DA:78,1
DA:79,1
DA:81,1
DA:82,1
DA:84,1
DA:85,1
DA:87,1
DA:88,1
DA:90,0
DA:91,0
DA:96,1
DA:100,0
DA:104,11
DA:105,11
DA:106,11
DA:108,11
DA:111,11
DA:112,1
DA:114,10
DA:115,1
DA:116,9
DA:117,1
DA:118,1
DA:120,8
DA:121,2
DA:122,1
DA:123,1
DA:127,1
DA:128,1
DA:131,6
DA:134,6
DA:135,1
DA:136,5
DA:137,1
DA:140,4
DA:146,11
DA:171,3
DA:199,3
LF:55
LH:48
BRDA:48,0,0,0
BRDA:48,0,1,0
BRDA:48,1,0,0
BRDA:48,1,1,0
BRDA:52,2,0,0
BRDA:52,2,1,0
BRDA:52,3,0,0
BRDA:52,3,1,0
BRDA:57,4,0,2
BRDA:66,5,0,0
BRDA:70,6,0,1
BRDA:70,6,1,1
BRDA:70,6,2,1
BRDA:70,6,3,1
BRDA:70,6,4,1
BRDA:70,6,5,0
BRDA:111,7,0,1
BRDA:111,7,1,10
BRDA:114,8,0,1
BRDA:114,8,1,9
BRDA:116,9,0,1
BRDA:116,9,1,8
BRDA:117,10,0,1
BRDA:117,10,1,0
BRDA:120,11,0,2
BRDA:120,11,1,6
BRDA:121,12,0,1
BRDA:121,12,1,1
BRDA:122,13,0,1
BRDA:122,13,1,0
BRDA:134,14,0,1
BRDA:134,14,1,5
BRDA:136,15,0,1
BRDA:136,15,1,4
BRF:34
BRH:22
end_of_record
TN:
SF:/home/tt/Desktop/trips3m_web/app-v2/modules/quote/footer/index.js
FN:27,(anonymous_0)
FNF:1
FNH:0
FNDA:0,(anonymous_0)
DA:26,2
DA:28,0
DA:29,0
LF:3
LH:1
BRF:0
BRH:0
end_of_record
TN:
SF:/home/tt/Desktop/trips3m_web/app-v2/modules/quote/hotel/G.js
FNF:0
FNH:0
DA:3,3
DA:15,3
DA:23,3
LF:3
LH:3
BRF:0
BRH:0
end_of_record
TN:
SF:/home/tt/Desktop/trips3m_web/app-v2/modules/quote/hotel/Hotel.js
FN:34,(anonymous_0)
FN:35,(anonymous_1)
FN:36,(anonymous_2)
FN:39,(anonymous_3)
FN:46,(anonymous_4)
FN:56,(anonymous_5)
FN:62,(anonymous_6)
FN:69,(anonymous_7)
FN:84,(anonymous_8)
FNF:9
FNH:6
FNDA:0,(anonymous_0)
FNDA:0,(anonymous_1)
FNDA:1,(anonymous_2)
FNDA:5,(anonymous_3)
FNDA:1,(anonymous_4)
FNDA:1,(anonymous_5)
FNDA:0,(anonymous_6)
FNDA:6,(anonymous_7)
FNDA:7,(anonymous_8)
DA:12,1
DA:40,5
DA:41,5
DA:47,1
DA:57,1
DA:59,1
DA:63,0
DA:64,0
DA:66,0
DA:70,6
DA:71,6
DA:72,0
DA:75,6
DA:77,6
DA:85,7
LF:15
LH:11
BRDA:46,0,0,1
BRDA:50,1,0,1
BRDA:50,1,1,1
BRDA:71,2,0,0
BRDA:71,2,1,6
BRDA:75,3,0,1
BRDA:75,3,1,5
BRDA:98,4,0,3
BRDA:98,4,1,3
BRDA:98,5,0,6
BRDA:98,5,1,3
BRDA:104,6,0,1
BRDA:104,6,1,2
BRF:13
BRH:12
end_of_record
TN:
SF:/home/tt/Desktop/trips3m_web/app-v2/modules/quote/hotel/testData.js
FNF:0
FNH:0
DA:1,4
DA:62,4
DA:71,4
LF:3
LH:3
BRF:0
BRH:0
end_of_record
TN:
SF:/home/tt/Desktop/trips3m_web/app-v2/modules/quote/hotel/components/HotelCard.js
FN:7,(anonymous_0)
FN:17,(anonymous_1)
FN:44,(anonymous_2)
FNF:3
FNH:2
FNDA:3,(anonymous_0)
FNDA:4,(anonymous_1)
FNDA:0,(anonymous_2)
DA:7,2
DA:8,3
DA:12,3
DA:18,4
DA:35,2
DA:41,2
LF:6
LH:6
BRDA:8,0,0,3
BRDA:8,0,1,0
BRDA:24,1,0,1
BRDA:24,1,1,3
BRF:4
BRH:3
end_of_record
TN:
SF:/home/tt/Desktop/trips3m_web/app-v2/modules/quote/hotel/components/HotelCardDetails.js
FN:16,(anonymous_0)
FN:24,(anonymous_1)
FN:31,(anonymous_2)
FN:35,(anonymous_3)
FN:53,(anonymous_4)
FN:62,(anonymous_5)
FN:121,(anonymous_6)
FNF:7
FNH:5
FNDA:2,(anonymous_0)
FNDA:1,(anonymous_1)
FNDA:0,(anonymous_2)
FNDA:2,(anonymous_3)
FNDA:2,(anonymous_4)
FNDA:2,(anonymous_5)
FNDA:0,(anonymous_6)
DA:13,3
DA:17,2
DA:19,2
DA:25,1
DA:32,0
DA:40,2
DA:42,2
DA:54,2
DA:67,2
DA:68,2
DA:69,2
DA:74,2
DA:108,3
DA:120,3
LF:14
LH:13
BRDA:46,0,0,2
BRDA:46,0,1,0
BRDA:68,1,0,2
BRDA:68,1,1,2
BRDA:68,1,2,0
BRDA:99,2,0,1
BRDA:99,2,1,1
BRF:7
BRH:5
end_of_record
TN:
SF:/home/tt/Desktop/trips3m_web/app-v2/modules/quote/hotel/components/ImageSlider.js
FN:6,(anonymous_0)
FN:8,(anonymous_1)
FNF:2
FNH:1
FNDA:1,(anonymous_0)
FNDA:0,(anonymous_1)
DA:6,4
DA:8,1
DA:9,1
DA:16,4
DA:21,4
LF:5
LH:5
BRF:0
BRH:0
end_of_record
TN:
SF:/home/tt/Desktop/trips3m_web/app-v2/modules/quote/hotel/components/ORComp.js
FN:9,(anonymous_0)
FNF:1
FNH:0
FNDA:0,(anonymous_0)
DA:4,2
DA:9,2
DA:10,0
LF:3
LH:2
BRF:0
BRH:0
end_of_record
TN:
SF:/home/tt/Desktop/trips3m_web/app-v2/modules/quote/inclusionExclusion/InclusionExclusion.js
FN:12,(anonymous_0)
FN:27,hideTitle
FN:32,(anonymous_2)
FN:34,(anonymous_3)
FN:35,(anonymous_4)
FN:43,(anonymous_5)
FN:65,(anonymous_6)
FN:67,(anonymous_7)
FN:72,(anonymous_8)
FN:80,(anonymous_9)
FN:121,(anonymous_10)
FN:122,(anonymous_11)
FN:123,(anonymous_12)
FNF:13
FNH:7
FNDA:0,(anonymous_0)
FNDA:9,hideTitle
FNDA:9,(anonymous_2)
FNDA:2,(anonymous_3)
FNDA:9,(anonymous_4)
FNDA:1,(anonymous_5)
FNDA:4,(anonymous_6)
FNDA:2,(anonymous_7)
FNDA:0,(anonymous_8)
FNDA:0,(anonymous_9)
FNDA:0,(anonymous_10)
FNDA:0,(anonymous_11)
FNDA:0,(anonymous_12)
DA:12,1
DA:28,9
DA:32,9
DA:34,1
DA:35,9
DA:43,1
DA:44,1
DA:45,1
DA:46,1
DA:48,1
DA:49,1
DA:51,1
DA:60,0
DA:65,4
DA:67,1
DA:72,2
DA:73,0
DA:80,2
DA:81,0
DA:82,0
DA:83,0
DA:86,0
DA:89,2
DA:107,1
DA:117,1
LF:25
LH:19
BRDA:19,0,0,0
BRDA:19,0,1,0
BRDA:28,1,0,9
BRDA:28,1,1,0
BRDA:28,1,2,0
BRDA:32,2,0,0
BRDA:32,2,1,9
BRDA:35,3,0,0
BRDA:35,3,1,9
BRDA:37,4,0,9
BRDA:37,4,1,0
BRDA:38,5,0,9
BRDA:38,5,1,0
BRDA:44,6,0,1
BRDA:44,6,1,0
BRDA:81,7,0,0
BRDA:81,7,1,0
BRDA:90,8,0,2
BRDA:90,8,1,0
BRDA:94,9,0,2
BRDA:94,9,1,0
BRDA:96,10,0,2
BRDA:96,10,1,0
BRDA:98,11,0,1
BRDA:98,11,1,1
BRF:25
BRH:11
end_of_record
TN:
SF:/home/tt/Desktop/trips3m_web/app-v2/modules/quote/itinerary/helper.js
FN:1,(anonymous_0)
FN:5,(anonymous_1)
FNF:2
FNH:1
FNDA:0,(anonymous_0)
FNDA:1,(anonymous_1)
DA:1,3
DA:2,0
DA:5,3
DA:6,1
LF:4
LH:3
BRDA:2,0,0,0
BRDA:2,0,1,0
BRDA:5,1,0,0
BRDA:10,2,0,1
BRDA:10,2,1,1
BRF:5
BRH:2
end_of_record
TN:
SF:/home/tt/Desktop/trips3m_web/app-v2/modules/quote/itinerary/testData.js
FNF:0
FNH:0
DA:1,6
LF:1
LH:1
BRF:0
BRH:0
end_of_record
TN:
SF:/home/tt/Desktop/trips3m_web/app-v2/modules/quote/itinerary/detail/ItineraryDetail.js
FN:20,(anonymous_0)
FN:29,(anonymous_1)
FN:38,(anonymous_2)
FN:65,(anonymous_3)
FN:99,(anonymous_4)
FN:100,(anonymous_5)
FN:101,(anonymous_6)
FNF:7
FNH:2
FNDA:2,(anonymous_0)
FNDA:0,(anonymous_1)
FNDA:0,(anonymous_2)
FNDA:2,(anonymous_3)
FNDA:0,(anonymous_4)
FNDA:0,(anonymous_5)
FNDA:0,(anonymous_6)
DA:15,1
DA:20,1
DA:29,2
DA:30,0
DA:38,2
DA:39,0
DA:40,0
DA:41,0
DA:44,2
DA:46,2
DA:66,2
DA:88,1
DA:97,1
LF:13
LH:9
BRDA:33,0,0,0
BRDA:33,0,1,0
BRDA:44,1,0,2
BRDA:44,1,1,0
BRF:4
BRH:1
end_of_record
TN:
SF:/home/tt/Desktop/trips3m_web/app-v2/modules/quote/itinerary/detail/components/ItineraryByDay.js
FN:40,(anonymous_0)
FN:54,(anonymous_1)
FN:69,(anonymous_2)
FN:117,(anonymous_3)
FN:118,(anonymous_4)
FN:119,(anonymous_5)
FNF:6
FNH:3
FNDA:4,(anonymous_0)
FNDA:24,(anonymous_1)
FNDA:24,(anonymous_2)
FNDA:0,(anonymous_3)
FNDA:0,(anonymous_4)
FNDA:0,(anonymous_5)
DA:11,2
DA:23,2
DA:40,2
DA:42,4
DA:55,24
DA:56,4
DA:70,24
DA:71,24
DA:72,4
DA:84,20
DA:104,2
DA:113,2
LF:12
LH:12
BRDA:55,0,0,4
BRDA:55,0,1,20
BRDA:71,1,0,4
BRDA:71,1,1,20
BRDA:73,2,0,4
BRDA:73,2,1,0
BRF:6
BRH:5
end_of_record
TN:
SF:/home/tt/Desktop/trips3m_web/app-v2/modules/quote/itinerary/detail/components/ItineraryCard.js
FN:22,(anonymous_0)
FN:29,(anonymous_1)
FN:33,(anonymous_2)
FN:40,(anonymous_3)
FN:47,(anonymous_4)
FN:54,(anonymous_5)
FN:55,(anonymous_6)
FN:81,(anonymous_7)
FN:128,(anonymous_8)
FNF:9
FNH:5
FNDA:6,(anonymous_0)
FNDA:0,(anonymous_1)
FNDA:0,(anonymous_2)
FNDA:1,(anonymous_3)
FNDA:6,(anonymous_4)
FNDA:0,(anonymous_5)
FNDA:8,(anonymous_6)
FNDA:8,(anonymous_7)
FNDA:0,(anonymous_8)
DA:14,3
DA:23,6
DA:24,6
DA:30,0
DA:34,0
DA:37,0
DA:41,1
DA:44,1
DA:48,6
DA:49,6
DA:50,6
DA:52,6
DA:53,6
DA:54,0
DA:55,8
DA:57,6
DA:82,8
DA:116,3
DA:126,3
LF:19
LH:15
BRDA:52,0,0,6
BRDA:52,0,1,0
BRDA:52,0,2,0
BRDA:52,0,3,0
BRDA:53,1,0,0
BRDA:53,1,1,6
BRDA:64,2,0,3
BRDA:64,2,1,3
BRDA:75,3,0,4
BRDA:75,3,1,2
BRDA:75,4,0,6
BRDA:75,4,1,6
BRDA:87,5,0,1
BRDA:87,5,1,5
BRF:14
BRH:10
end_of_record
TN:
SF:/home/tt/Desktop/trips3m_web/app-v2/modules/quote/itinerary/detail/components/ItineraryHeading.js
FN:7,(anonymous_0)
FN:21,(anonymous_1)
FNF:2
FNH:2
FNDA:4,(anonymous_0)
FNDA:1,(anonymous_1)
DA:7,3
DA:8,4
DA:22,1
DA:32,3
LF:4
LH:4
BRDA:13,0,0,3
BRDA:13,0,1,1
BRF:2
BRH:2
end_of_record
TN:
SF:/home/tt/Desktop/trips3m_web/app-v2/modules/quote/itinerary/detail/components/ItinerarySlider.js
FN:8,(anonymous_0)
FN:10,(anonymous_1)
FNF:2
FNH:2
FNDA:1,(anonymous_0)
FNDA:2,(anonymous_1)
DA:8,4
DA:10,2
DA:11,1
DA:23,4
LF:4
LH:4
BRF:0
BRH:0
end_of_record
TN:
SF:/home/tt/Desktop/trips3m_web/app-v2/modules/quote/itinerary/list/ItineraryList.js
FN:18,(anonymous_0)
FN:26,(anonymous_1)
FN:35,(anonymous_2)
FN:41,(anonymous_3)
FN:73,(anonymous_4)
FN:74,(anonymous_5)
FN:96,(anonymous_6)
FN:97,(anonymous_7)
FN:98,(anonymous_8)
FNF:9
FNH:4
FNDA:3,(anonymous_0)
FNDA:0,(anonymous_1)
FNDA:0,(anonymous_2)
FNDA:2,(anonymous_3)
FNDA:3,(anonymous_4)
FNDA:18,(anonymous_5)
FNDA:0,(anonymous_6)
FNDA:0,(anonymous_7)
FNDA:0,(anonymous_8)
DA:14,1
DA:18,1
DA:26,3
DA:27,0
DA:35,3
DA:36,0
DA:37,0
DA:38,0
DA:41,3
DA:42,2
DA:43,2
DA:45,2
DA:63,3
DA:74,3
DA:75,18
DA:76,2
DA:86,1
DA:94,1
LF:18
LH:14
BRDA:30,0,0,0
BRDA:30,0,1,0
BRDA:50,1,0,2
BRDA:50,1,1,0
BRDA:75,2,0,2
BRDA:75,2,1,16
BRF:6
BRH:3
end_of_record
TN:
SF:/home/tt/Desktop/trips3m_web/app-v2/modules/quote/list/QuotesReceived.js
FN:46,(anonymous_0)
FN:50,(anonymous_1)
FN:60,(anonymous_2)
FN:65,(anonymous_3)
FN:74,(anonymous_4)
FN:78,(anonymous_5)
FN:82,(anonymous_6)
FN:89,(anonymous_7)
FN:90,(anonymous_8)
FN:97,(anonymous_9)
FN:116,(anonymous_10)
FN:121,(anonymous_11)
FN:126,(anonymous_12)
FN:127,(anonymous_13)
FN:141,(anonymous_14)
FN:148,(anonymous_15)
FN:161,(anonymous_16)
FNF:17
FNH:2
FNDA:0,(anonymous_0)
FNDA:6,(anonymous_1)
FNDA:0,(anonymous_2)
FNDA:0,(anonymous_3)
FNDA:0,(anonymous_4)
FNDA:0,(anonymous_5)
FNDA:0,(anonymous_6)
FNDA:0,(anonymous_7)
FNDA:0,(anonymous_8)
FNDA:0,(anonymous_9)
FNDA:0,(anonymous_10)
FNDA:0,(anonymous_11)
FNDA:0,(anonymous_12)
FNDA:0,(anonymous_13)
FNDA:0,(anonymous_14)
FNDA:6,(anonymous_15)
FNDA:0,(anonymous_16)
DA:51,6
DA:52,6
DA:53,6
DA:57,6
DA:61,0
DA:62,0
DA:66,0
DA:67,0
DA:75,0
DA:79,0
DA:83,0
DA:84,0
DA:86,0
DA:90,0
DA:91,0
DA:94,0
DA:99,0
DA:101,0
DA:102,0
DA:103,0
DA:105,0
DA:107,0
DA:108,0
DA:110,0
DA:111,0
DA:112,0
DA:117,0
DA:118,0
DA:122,0
DA:123,0
DA:127,0
DA:128,0
DA:142,0
DA:143,0
DA:144,0
DA:152,6
DA:154,6
DA:155,0
DA:158,6
DA:161,0
LF:40
LH:7
BRDA:66,0,0,0
BRDA:66,0,1,0
BRDA:66,1,0,0
BRDA:66,1,1,0
BRDA:97,2,0,0
BRDA:99,3,0,0
BRDA:99,3,1,0
BRDA:99,3,2,0
BRDA:142,4,0,0
BRDA:142,4,1,0
BRDA:142,5,0,0
BRDA:142,5,1,0
BRDA:154,6,0,0
BRDA:154,6,1,6
BRF:14
BRH:1
end_of_record
TN:
SF:/home/tt/Desktop/trips3m_web/app-v2/modules/quote/list/components/AgentDetail.js
FN:7,(anonymous_0)
FNF:1
FNH:0
FNDA:0,(anonymous_0)
DA:7,2
DA:9,0
DA:30,2
DA:46,2
LF:4
LH:3
BRDA:14,0,0,0
BRDA:14,0,1,0
BRF:2
BRH:0
end_of_record
TN:
SF:/home/tt/Desktop/trips3m_web/app-v2/modules/quote/list/components/BookNow.js
FN:5,(anonymous_0)
FNF:1
FNH:1
FNDA:3,(anonymous_0)
DA:6,3
DA:8,3
DA:22,3
LF:3
LH:3
BRDA:11,0,0,0
BRDA:11,0,1,0
BRF:2
BRH:0
end_of_record
TN:
SF:/home/tt/Desktop/trips3m_web/app-v2/modules/quote/list/components/QuoteBox.js
FN:81,(anonymous_0)
FN:87,(anonymous_1)
FN:96,(anonymous_2)
FN:100,(anonymous_3)
FN:105,(anonymous_4)
FN:112,(anonymous_5)
FN:119,(anonymous_6)
FN:141,(anonymous_7)
FN:150,(anonymous_8)
FNF:9
FNH:7
FNDA:12,(anonymous_0)
FNDA:10,(anonymous_1)
FNDA:2,(anonymous_2)
FNDA:1,(anonymous_3)
FNDA:1,(anonymous_4)
FNDA:0,(anonymous_5)
FNDA:16,(anonymous_6)
FNDA:0,(anonymous_7)
FNDA:12,(anonymous_8)
DA:28,2
DA:32,2
DA:38,2
DA:42,2
DA:51,2
DA:58,2
DA:82,12
DA:88,10
DA:89,10
DA:93,10
DA:97,2
DA:101,1
DA:102,0
DA:106,1
DA:108,1
DA:109,1
DA:113,0
DA:114,0
DA:115,0
DA:120,16
DA:121,16
DA:122,1
DA:124,11
DA:125,5
DA:130,6
DA:142,0
DA:143,0
DA:145,0
DA:151,12
DA:153,12
DA:154,12
DA:155,12
DA:156,12
DA:157,12
DA:158,12
DA:160,12
LF:36
LH:29
BRDA:82,0,0,12
BRDA:82,0,1,0
BRDA:113,1,0,0
BRDA:113,1,1,0
BRDA:113,2,0,0
BRDA:113,2,1,0
BRDA:121,3,0,1
BRDA:121,3,1,11
BRDA:124,4,0,5
BRDA:124,4,1,6
BRDA:124,5,0,11
BRDA:124,5,1,7
BRDA:157,6,0,12
BRDA:157,6,1,12
BRDA:165,7,0,0
BRDA:165,7,1,12
BRDA:165,8,0,12
BRDA:165,8,1,12
BRDA:165,8,2,12
BRDA:185,9,0,1
BRDA:185,9,1,11
BRDA:189,10,0,1
BRDA:189,10,1,0
BRDA:212,11,0,0
BRDA:212,11,1,12
BRF:25
BRH:17
end_of_record
TN:
SF:/home/tt/Desktop/trips3m_web/app-v2/modules/quote/navBar/NavBar.js
FN:7,(anonymous_0)
FN:23,(anonymous_1)
FNF:2
FNH:1
FNDA:1,(anonymous_0)
FNDA:0,(anonymous_1)
DA:7,1
DA:8,1
DA:17,1
DA:22,1
LF:4
LH:4
BRF:0
BRH:0
end_of_record
TN:
SF:/home/tt/Desktop/trips3m_web/app-v2/modules/quote/popups/bookNow/G.js
FNF:0
FNH:0
DA:3,4
DA:13,4
DA:20,4
LF:3
LH:3
BRF:0
BRH:0
end_of_record
TN:
SF:/home/tt/Desktop/trips3m_web/app-v2/modules/quote/popups/bookNow/index.js
FN:13,(anonymous_0)
FN:25,(anonymous_1)
FN:29,(anonymous_2)
FN:35,(anonymous_3)
FN:39,(anonymous_4)
FNF:5
FNH:2
FNDA:2,(anonymous_0)
FNDA:0,(anonymous_1)
FNDA:0,(anonymous_2)
FNDA:0,(anonymous_3)
FNDA:2,(anonymous_4)
DA:14,2
DA:30,0
DA:31,0
DA:36,0
DA:40,2
DA:41,2
LF:6
LH:3
BRDA:30,0,0,0
BRDA:30,0,1,0
BRDA:55,1,0,2
BRDA:55,1,1,0
BRDA:55,2,0,2
BRDA:55,2,1,2
BRDA:65,3,0,2
BRDA:65,3,1,0
BRDA:65,4,0,2
BRDA:65,4,1,2
BRF:10
BRH:6
end_of_record
TN:
SF:/home/tt/Desktop/trips3m_web/app-v2/modules/quote/popups/rejectQuote/G.js
FNF:0
FNH:0
DA:3,6
DA:18,6
DA:24,6
DA:31,6
LF:4
LH:4
BRF:0
BRH:0
end_of_record
TN:
SF:/home/tt/Desktop/trips3m_web/app-v2/modules/quote/popups/rejectQuote/index.js
FN:22,(anonymous_0)
FN:34,(anonymous_1)
FN:40,(anonymous_2)
FN:46,(anonymous_3)
FN:47,(anonymous_4)
FN:53,(anonymous_5)
FN:63,(anonymous_6)
FN:69,(anonymous_7)
FN:73,(anonymous_8)
FN:74,(anonymous_9)
FNF:10
FNH:7
FNDA:5,(anonymous_0)
FNDA:0,(anonymous_1)
FNDA:0,(anonymous_2)
FNDA:1,(anonymous_3)
FNDA:1,(anonymous_4)
FNDA:2,(anonymous_5)
FNDA:0,(anonymous_6)
FNDA:6,(anonymous_7)
FNDA:36,(anonymous_8)
FNDA:30,(anonymous_9)
DA:23,5
DA:24,5
DA:29,5
DA:30,5
DA:31,5
DA:35,0
DA:41,0
DA:47,1
DA:48,1
DA:50,1
DA:54,2
DA:55,1
DA:62,1
DA:63,1
DA:64,0
DA:70,6
DA:71,6
DA:72,6
DA:73,36
DA:75,30
DA:76,30
DA:92,6
LF:22
LH:19
BRDA:54,0,0,1
BRDA:54,0,1,1
BRDA:54,1,0,2
BRDA:54,1,1,1
BRDA:98,2,0,1
BRDA:98,2,1,5
BRF:6
BRH:6
end_of_record
TN:
SF:/home/tt/Desktop/trips3m_web/app-v2/modules/quote/popups/requestMoreQuote/index.js
FN:8,(anonymous_0)
FN:15,(anonymous_1)
FN:37,(anonymous_2)
FN:66,(anonymous_3)
FN:76,(anonymous_4)
FN:80,(anonymous_5)
FN:84,(anonymous_6)
FN:86,(anonymous_7)
FN:93,(anonymous_8)
FN:104,(anonymous_9)
FNF:10
FNH:0
FNDA:0,(anonymous_0)
FNDA:0,(anonymous_1)
FNDA:0,(anonymous_2)
FNDA:0,(anonymous_3)
FNDA:0,(anonymous_4)
FNDA:0,(anonymous_5)
FNDA:0,(anonymous_6)
FNDA:0,(anonymous_7)
FNDA:0,(anonymous_8)
FNDA:0,(anonymous_9)
DA:8,1
DA:9,0
DA:16,0
DA:30,1
DA:37,1
DA:38,0
DA:41,1
DA:46,1
DA:53,1
DA:67,0
DA:68,0
DA:72,0
DA:73,0
DA:77,0
DA:81,0
DA:84,0
DA:87,0
DA:93,0
DA:94,0
DA:100,0
DA:104,0
DA:108,0
LF:22
LH:6
BRDA:11,0,0,0
BRDA:11,0,1,0
BRDA:11,0,2,0
BRDA:14,1,0,0
BRDA:14,1,1,0
BRDA:84,2,0,0
BRDA:84,2,1,0
BRDA:87,3,0,0
BRDA:87,3,1,0
BRF:9
BRH:0
end_of_record
TN:
SF:/home/tt/Desktop/trips3m_web/app-v2/modules/quote/postTripInfo/PostTripInfo.js
FN:16,(anonymous_0)
FN:31,(anonymous_1)
FN:61,(anonymous_2)
FNF:3
FNH:1
FNDA:0,(anonymous_0)
FNDA:3,(anonymous_1)
FNDA:0,(anonymous_2)
DA:7,1
DA:11,1
DA:16,1
DA:17,0
DA:26,1
DA:31,1
DA:34,3
DA:50,1
DA:57,1
LF:9
LH:8
BRDA:34,0,0,3
BRDA:34,0,1,0
BRDA:34,1,0,3
BRDA:34,1,1,1
BRDA:34,1,2,2
BRDA:37,2,0,1
BRDA:37,2,1,2
BRDA:37,3,0,3
BRDA:37,3,1,1
BRDA:42,4,0,3
BRDA:42,4,1,0
BRF:11
BRH:9
end_of_record
TN:
SF:/home/tt/Desktop/trips3m_web/app-v2/modules/quote/reducers/constants.js
FN:10,(anonymous_0)
FN:16,(anonymous_1)
FN:22,(anonymous_2)
FNF:3
FNH:0
FNDA:0,(anonymous_0)
FNDA:0,(anonymous_1)
FNDA:0,(anonymous_2)
DA:10,12
DA:11,0
DA:16,12
DA:17,0
DA:22,12
DA:23,0
LF:6
LH:3
BRDA:11,0,0,0
BRDA:11,0,1,0
BRDA:11,0,2,0
BRDA:17,1,0,0
BRDA:17,1,1,0
BRDA:17,1,2,0
BRDA:23,2,0,0
BRDA:23,2,1,0
BRF:8
BRH:0
end_of_record
TN:
SF:/home/tt/Desktop/trips3m_web/app-v2/modules/quote/reducers/quoteActivities.js
FN:14,reducer
FN:43,(anonymous_1)
FN:47,(anonymous_2)
FNF:3
FNH:0
FNDA:0,reducer
FNDA:0,(anonymous_1)
FNDA:0,(anonymous_2)
DA:8,12
DA:15,0
DA:17,0
DA:22,0
DA:27,0
DA:33,0
DA:39,0
DA:43,12
DA:44,0
DA:47,12
DA:48,0
LF:11
LH:3
BRDA:14,0,0,0
BRDA:15,1,0,0
BRDA:15,1,1,0
BRDA:15,1,2,0
BRDA:15,1,3,0
BRDA:15,1,4,0
BRF:6
BRH:0
end_of_record
TN:
SF:/home/tt/Desktop/trips3m_web/app-v2/modules/quote/reducers/quoteList.js
FN:39,updateQuoteStatus
FN:49,getQuotesIdArray
FN:50,(anonymous_2)
FN:53,getSortedQuotes
FN:54,(anonymous_4)
FN:70,reducer
FN:80,(anonymous_6)
FN:163,(anonymous_7)
FN:186,(anonymous_8)
FN:209,(anonymous_9)
FN:212,(anonymous_10)
FN:220,(anonymous_11)
FN:235,(anonymous_12)
FN:243,(anonymous_13)
FN:244,(anonymous_14)
FN:256,(anonymous_15)
FN:263,(anonymous_16)
FN:283,(anonymous_17)
FN:327,(anonymous_18)
FN:338,(anonymous_19)
FN:354,(anonymous_20)
FN:362,(anonymous_21)
FN:379,(anonymous_22)
FN:387,(anonymous_23)
FN:403,(anonymous_24)
FN:407,(anonymous_25)
FN:411,(anonymous_26)
FN:415,(anonymous_27)
FN:419,(anonymous_28)
FN:432,(anonymous_29)
FN:435,(anonymous_30)
FN:440,(anonymous_31)
FN:448,(anonymous_32)
FN:452,(anonymous_33)
FNF:34
FNH:15
FNDA:2,updateQuoteStatus
FNDA:27,getQuotesIdArray
FNDA:6,(anonymous_2)
FNDA:3,getSortedQuotes
FNDA:6,(anonymous_4)
FNDA:4,reducer
FNDA:2,(anonymous_6)
FNDA:0,(anonymous_7)
FNDA:0,(anonymous_8)
FNDA:1,(anonymous_9)
FNDA:1,(anonymous_10)
FNDA:13,(anonymous_11)
FNDA:14,(anonymous_12)
FNDA:5,(anonymous_13)
FNDA:1,(anonymous_14)
FNDA:0,(anonymous_15)
FNDA:14,(anonymous_16)
FNDA:0,(anonymous_17)
FNDA:0,(anonymous_18)
FNDA:0,(anonymous_19)
FNDA:0,(anonymous_20)
FNDA:0,(anonymous_21)
FNDA:0,(anonymous_22)
FNDA:0,(anonymous_23)
FNDA:0,(anonymous_24)
FNDA:0,(anonymous_25)
FNDA:0,(anonymous_26)
FNDA:0,(anonymous_27)
FNDA:12,(anonymous_28)
FNDA:0,(anonymous_29)
FNDA:0,(anonymous_30)
FNDA:0,(anonymous_31)
FNDA:0,(anonymous_32)
FNDA:0,(anonymous_33)
DA:26,13
DA:40,2
DA:50,27
DA:54,6
DA:55,3
DA:56,3
DA:57,3
DA:58,3
DA:59,3
DA:60,3
DA:61,3
DA:62,3
DA:63,3
DA:64,3
DA:65,3
DA:67,3
DA:71,4
DA:73,0
DA:79,1
DA:80,2
DA:84,1
DA:86,1
DA:99,0
DA:111,0
DA:121,1
DA:122,1
DA:124,1
DA:135,1
DA:136,1
DA:138,1
DA:149,0
DA:150,0
DA:151,0
DA:163,0
DA:175,0
DA:186,0
DA:195,0
DA:205,1
DA:209,13
DA:210,1
DA:211,1
DA:212,1
DA:214,0
DA:217,1
DA:220,13
DA:221,13
DA:222,13
DA:232,0
DA:235,13
DA:236,14
DA:243,13
DA:244,5
DA:245,1
DA:246,1
DA:256,13
DA:257,0
DA:258,0
DA:260,0
DA:263,13
DA:264,14
DA:265,14
DA:266,14
DA:268,14
DA:280,0
DA:283,13
DA:284,0
DA:286,0
DA:287,0
DA:290,0
DA:291,0
DA:294,0
DA:295,0
DA:298,0
DA:299,0
DA:302,0
DA:303,0
DA:304,0
DA:307,0
DA:308,0
DA:309,0
DA:312,0
DA:313,0
DA:316,0
DA:317,0
DA:320,0
DA:321,0
DA:324,0
DA:327,13
DA:328,0
DA:338,13
DA:339,0
DA:340,0
DA:343,0
DA:354,13
DA:355,0
DA:357,0
DA:358,0
DA:360,0
DA:361,0
DA:362,0
DA:363,0
DA:369,0
DA:373,0
DA:376,0
DA:379,13
DA:380,0
DA:382,0
DA:383,0
DA:385,0
DA:386,0
DA:387,0
DA:388,0
DA:394,0
DA:398,0
DA:400,0
DA:403,13
DA:404,0
DA:407,13
DA:408,0
DA:411,13
DA:412,0
DA:415,13
DA:416,0
DA:419,13
DA:420,12
DA:421,12
DA:422,12
DA:424,12
DA:425,12
DA:426,12
DA:427,12
DA:429,12
DA:432,13
DA:433,0
DA:434,0
DA:435,0
DA:437,0
DA:440,13
DA:441,0
DA:448,13
DA:449,0
DA:452,13
DA:453,0
LF:143
LH:70
BRDA:49,0,0,22
BRDA:70,1,0,0
BRDA:71,2,0,0
BRDA:71,2,1,1
BRDA:71,2,2,0
BRDA:71,2,3,0
BRDA:71,2,4,0
BRDA:71,2,5,0
BRDA:71,2,6,0
BRDA:71,2,7,0
BRDA:71,2,8,1
BRDA:71,2,9,1
BRDA:71,2,10,0
BRDA:71,2,11,0
BRDA:71,2,12,0
BRDA:71,2,13,1
BRDA:79,3,0,1
BRDA:79,3,1,1
BRDA:79,3,2,1
BRDA:104,4,0,0
BRDA:104,4,1,0
BRDA:221,5,0,13
BRDA:221,5,1,0
BRDA:221,6,0,13
BRDA:221,6,1,13
BRDA:226,7,0,1
BRDA:226,7,1,12
BRDA:258,8,0,0
BRDA:258,8,1,0
BRDA:264,9,0,14
BRDA:264,9,1,0
BRDA:266,10,0,12
BRDA:266,10,1,2
BRDA:286,11,0,0
BRDA:286,11,1,0
BRDA:290,12,0,0
BRDA:290,12,1,0
BRDA:294,13,0,0
BRDA:294,13,1,0
BRDA:294,14,0,0
BRDA:294,14,1,0
BRDA:298,15,0,0
BRDA:298,15,1,0
BRDA:303,16,0,0
BRDA:303,16,1,0
BRDA:303,17,0,0
BRDA:303,17,1,0
BRDA:308,18,0,0
BRDA:308,18,1,0
BRDA:308,19,0,0
BRDA:308,19,1,0
BRDA:312,20,0,0
BRDA:312,20,1,0
BRDA:316,21,0,0
BRDA:316,21,1,0
BRDA:320,22,0,0
BRDA:320,22,1,0
BRDA:339,23,0,0
BRDA:339,23,1,0
BRDA:344,24,0,0
BRDA:344,24,1,0
BRDA:345,25,0,0
BRDA:345,25,1,0
BRDA:346,26,0,0
BRDA:346,26,1,0
BRDA:347,27,0,0
BRDA:347,27,1,0
BRDA:348,28,0,0
BRDA:348,28,1,0
BRDA:357,29,0,0
BRDA:357,29,1,0
BRDA:357,30,0,0
BRDA:357,30,1,0
BRDA:357,30,2,0
BRDA:361,31,0,0
BRDA:361,31,1,0
BRDA:361,32,0,0
BRDA:361,32,1,0
BRDA:382,33,0,0
BRDA:382,33,1,0
BRDA:382,34,0,0
BRDA:382,34,1,0
BRDA:382,34,2,0
BRDA:386,35,0,0
BRDA:386,35,1,0
BRDA:386,36,0,0
BRDA:386,36,1,0
BRDA:404,37,0,0
BRDA:404,37,1,0
BRDA:408,38,0,0
BRDA:408,38,1,0
BRDA:412,39,0,0
BRDA:412,39,1,0
BRDA:416,40,0,0
BRDA:416,40,1,0
BRDA:422,41,0,12
BRDA:422,41,1,8
BRDA:422,41,2,8
BRDA:422,41,3,0
BRDA:422,41,4,0
BRDA:425,42,0,12
BRDA:425,42,1,12
BRDA:433,43,0,0
BRDA:433,43,1,0
BRDA:437,44,0,0
BRDA:437,44,1,0
BRDA:437,45,0,0
BRDA:437,45,1,0
BRDA:449,46,0,0
BRDA:449,46,1,0
BRF:110
BRH:21
end_of_record
TN:
SF:/home/tt/Desktop/trips3m_web/app-v2/modules/quote/reducers/testData.js
FN:406,(anonymous_0)
FNF:1
FNH:1
FNDA:1,(anonymous_0)
DA:1,1
DA:180,1
DA:374,1
DA:383,1
DA:389,1
DA:401,1
DA:406,1
LF:7
LH:7
BRDA:378,0,0,1
BRDA:378,0,1,0
BRF:2
BRH:1
end_of_record
TN:
SF:/home/tt/Desktop/trips3m_web/app-v2/modules/quote/shared/AgentChatButton.js
FN:20,(anonymous_0)
FN:25,(anonymous_1)
FN:29,(anonymous_2)
FNF:3
FNH:2
FNDA:0,(anonymous_0)
FNDA:2,(anonymous_1)
FNDA:2,(anonymous_2)
DA:26,2
DA:30,2
DA:31,2
DA:33,2
LF:4
LH:4
BRDA:36,0,0,1
BRDA:36,0,1,1
BRF:2
BRH:2
end_of_record
TN:
SF:/home/tt/Desktop/trips3m_web/app-v2/modules/quote/shared/ChatIcon.js
FN:21,(anonymous_0)
FN:24,(anonymous_1)
FN:28,(anonymous_2)
FNF:3
FNH:0
FNDA:0,(anonymous_0)
FNDA:0,(anonymous_1)
FNDA:0,(anonymous_2)
DA:9,2
DA:25,0
DA:29,0
DA:31,0
LF:4
LH:1
BRF:0
BRH:0
end_of_record
TN:
SF:/home/tt/Desktop/trips3m_web/app-v2/modules/quote/shared/HotelOrAirportDetails.js
FN:15,(anonymous_0)
FN:17,(anonymous_1)
FNF:2
FNH:1
FNDA:1,(anonymous_0)
FNDA:0,(anonymous_1)
DA:10,7
DA:15,7
DA:16,1
DA:17,1
DA:18,1
DA:23,1
DA:53,7
DA:65,7
LF:8
LH:8
BRDA:16,0,0,1
BRDA:16,0,1,1
BRF:2
BRH:2
end_of_record
TN:
SF:/home/tt/Desktop/trips3m_web/app-v2/modules/quote/shared/QuoteCard.js
FN:13,(anonymous_0)
FN:15,(anonymous_1)
FN:23,(anonymous_2)
FN:40,(anonymous_3)
FN:72,(anonymous_4)
FNF:5
FNH:2
FNDA:3,(anonymous_0)
FNDA:0,(anonymous_1)
FNDA:0,(anonymous_2)
FNDA:3,(anonymous_3)
FNDA:0,(anonymous_4)
DA:11,1
DA:13,1
DA:15,3
DA:16,0
DA:23,3
DA:24,0
DA:27,3
DA:28,3
DA:29,1
DA:37,2
DA:40,3
DA:41,3
DA:42,0
DA:43,0
DA:44,0
DA:45,0
DA:49,3
DA:62,1
DA:69,1
LF:19
LH:13
BRDA:28,0,0,1
BRDA:28,0,1,2
BRDA:41,1,0,0
BRDA:41,1,1,0
BRDA:41,1,2,0
BRDA:41,1,3,0
BRDA:50,2,0,3
BRDA:50,2,1,0
BRF:8
BRH:3
end_of_record
TN:
SF:/home/tt/Desktop/trips3m_web/app-v2/modules/quote/shared/QuoteCardHeader.js
FN:7,(anonymous_0)
FN:28,(anonymous_1)
FNF:2
FNH:1
FNDA:1,(anonymous_0)
FNDA:0,(anonymous_1)
DA:7,5
DA:8,1
DA:15,5
DA:23,5
LF:4
LH:4
BRF:0
BRH:0
end_of_record
TN:
SF:/home/tt/Desktop/trips3m_web/app-v2/modules/quote/shared/price/CutPrice.js
FN:6,(anonymous_0)
FNF:1
FNH:1
FNDA:1,(anonymous_0)
DA:6,9
DA:7,1
DA:10,9
DA:15,9
LF:4
LH:4
BRF:0
BRH:0
end_of_record
TN:
SF:/home/tt/Desktop/trips3m_web/app-v2/modules/quote/shared/price/Price.js
FN:6,(anonymous_0)
FNF:1
FNH:1
FNDA:4,(anonymous_0)
DA:6,9
DA:7,4
DA:10,9
DA:15,9
LF:4
LH:4
BRF:0
BRH:0
end_of_record
TN:
SF:/home/tt/Desktop/trips3m_web/app-v2/modules/quote/shared/price/PriceSuffix.js
FN:6,(anonymous_0)
FNF:1
FNH:1
FNDA:7,(anonymous_0)
DA:6,10
DA:7,7
DA:14,10
DA:18,10
LF:4
LH:4
BRDA:9,0,0,4
BRDA:9,0,1,3
BRF:2
BRH:2
end_of_record
TN:
SF:/home/tt/Desktop/trips3m_web/app-v2/modules/quote/shared/price/QuotePrice.js
FN:9,(anonymous_0)
FN:11,(anonymous_1)
FN:20,(anonymous_2)
FNF:3
FNH:3
FNDA:1,(anonymous_0)
FNDA:1,(anonymous_1)
FNDA:4,(anonymous_2)
DA:9,9
DA:11,9
DA:12,1
DA:20,9
DA:22,4
DA:24,4
DA:34,9
DA:42,9
LF:8
LH:8
BRDA:25,0,0,1
BRDA:25,0,1,3
BRDA:26,1,0,1
BRDA:26,1,1,0
BRF:4
BRH:3
end_of_record
TN:
SF:/home/tt/Desktop/trips3m_web/app-v2/modules/quote/shared/socialShareModal/index.js
FN:28,(anonymous_0)
FN:31,(anonymous_1)
FNF:2
FNH:1
FNDA:0,(anonymous_0)
FNDA:3,(anonymous_1)
DA:8,4
DA:14,4
DA:32,3
LF:3
LH:3
BRF:0
BRH:0
end_of_record
TN:
SF:/home/tt/Desktop/trips3m_web/app-v2/modules/requestCallback/G.js
FNF:0
FNH:0
DA:3,14
DA:18,14
DA:24,14
DA:31,14
DA:44,14
LF:5
LH:5
BRF:0
BRH:0
end_of_record
TN:
SF:/home/tt/Desktop/trips3m_web/app-v2/modules/requestCallback/RequestCallback.js
FN:10,(anonymous_0)
FN:19,(anonymous_1)
FN:23,(anonymous_2)
FN:28,(anonymous_3)
FN:36,(anonymous_4)
FN:48,(anonymous_5)
FN:52,(anonymous_6)
FN:92,(anonymous_7)
FN:93,(anonymous_8)
FNF:9
FNH:5
FNDA:3,(anonymous_0)
FNDA:1,(anonymous_1)
FNDA:1,(anonymous_2)
FNDA:1,(anonymous_3)
FNDA:0,(anonymous_4)
FNDA:5,(anonymous_5)
FNDA:0,(anonymous_6)
FNDA:0,(anonymous_7)
FNDA:0,(anonymous_8)
DA:11,3
DA:12,3
DA:20,1
DA:24,1
DA:25,1
DA:29,1
DA:33,1
DA:38,0
DA:39,0
DA:40,0
DA:43,0
DA:49,5
DA:50,5
DA:52,0
DA:77,13
DA:89,13
LF:16
LH:11
BRDA:38,0,0,0
BRDA:38,0,1,0
BRDA:38,1,0,0
BRDA:38,1,1,0
BRDA:39,2,0,0
BRDA:39,2,1,0
BRDA:54,3,0,0
BRDA:54,3,1,5
BRDA:55,4,0,0
BRDA:55,4,1,5
BRF:10
BRH:2
end_of_record
TN:
SF:/home/tt/Desktop/trips3m_web/app-v2/modules/requestCallback/action.js
FN:7,(anonymous_0)
FN:7,(anonymous_1)
FN:17,(anonymous_2)
FNF:3
FNH:0
FNDA:0,(anonymous_0)
FNDA:0,(anonymous_1)
FNDA:0,(anonymous_2)
DA:1,12
DA:2,12
DA:3,12
DA:7,12
DA:8,0
DA:9,0
DA:11,0
DA:12,0
DA:15,0
DA:17,0
LF:10
LH:4
BRDA:7,0,0,0
BRDA:7,1,0,0
BRDA:11,2,0,0
BRDA:11,2,1,0
BRF:4
BRH:0
end_of_record
TN:
SF:/home/tt/Desktop/trips3m_web/app-v2/modules/requestCallback/index.js
FN:16,(anonymous_0)
FNF:1
FNH:0
FNDA:0,(anonymous_0)
DA:16,0
LF:1
LH:0
BRF:0
BRH:0
end_of_record
TN:
SF:/home/tt/Desktop/trips3m_web/app-v2/modules/requestCallback/reducer.js
FN:11,reducer
FN:41,(anonymous_1)
FNF:2
FNH:0
FNDA:0,reducer
FNDA:0,(anonymous_1)
DA:5,12
DA:12,0
DA:14,0
DA:21,0
DA:28,0
DA:36,0
DA:41,12
DA:42,0
LF:8
LH:2
BRDA:11,0,0,0
BRDA:11,1,0,0
BRDA:12,2,0,0
BRDA:12,2,1,0
BRDA:12,2,2,0
BRDA:12,2,3,0
BRDA:25,3,0,0
BRDA:25,3,1,0
BRDA:33,4,0,0
BRDA:33,4,1,0
BRDA:42,5,0,0
BRDA:42,5,1,0
BRF:12
BRH:0
end_of_record
TN:
SF:/home/tt/Desktop/trips3m_web/app-v2/modules/requestCallback/components/RequestCallback.js
FN:24,(anonymous_0)
FN:32,(anonymous_1)
FN:38,(anonymous_2)
FN:44,(anonymous_3)
FN:57,(anonymous_4)
FN:59,(anonymous_5)
FNF:6
FNH:4
FNDA:2,(anonymous_0)
FNDA:0,(anonymous_1)
FNDA:0,(anonymous_2)
FNDA:1,(anonymous_3)
FNDA:2,(anonymous_4)
FNDA:8,(anonymous_5)
DA:25,2
DA:26,2
DA:33,0
DA:39,0
DA:46,1
DA:54,1
DA:58,2
DA:59,2
DA:60,8
DA:61,8
DA:88,2
LF:11
LH:9
BRDA:75,0,0,2
BRDA:75,0,1,6
BRDA:75,1,0,8
BRDA:75,1,1,8
BRF:4
BRH:4
end_of_record
TN:
SF:/home/tt/Desktop/trips3m_web/app-v2/modules/rlp/NavBar.js
FN:14,(anonymous_0)
FN:17,(anonymous_1)
FNF:2
FNH:0
FNDA:0,(anonymous_0)
FNDA:0,(anonymous_1)
DA:18,0
DA:19,0
LF:2
LH:0
BRF:0
BRH:0
end_of_record
TN:
SF:/home/tt/Desktop/trips3m_web/app-v2/modules/rlp/header/Header.js
FN:21,(anonymous_0)
FN:29,(anonymous_1)
FN:31,(anonymous_2)
FN:38,(anonymous_3)
FN:39,(anonymous_4)
FN:49,(anonymous_5)
FN:53,(anonymous_6)
FN:56,(anonymous_7)
FN:70,(anonymous_8)
FNF:9
FNH:2
FNDA:2,(anonymous_0)
FNDA:0,(anonymous_1)
FNDA:0,(anonymous_2)
FNDA:0,(anonymous_3)
FNDA:0,(anonymous_4)
FNDA:0,(anonymous_5)
FNDA:0,(anonymous_6)
FNDA:0,(anonymous_7)
FNDA:2,(anonymous_8)
DA:15,2
DA:22,2
DA:24,2
DA:30,0
DA:31,0
DA:32,0
DA:33,0
DA:39,0
DA:40,0
DA:50,0
DA:53,0
DA:57,0
DA:59,0
DA:71,2
DA:72,2
DA:73,2
DA:75,0
DA:113,2
LF:18
LH:7
BRDA:32,0,0,0
BRDA:32,0,1,0
BRDA:59,1,0,0
BRDA:59,1,1,0
BRDA:87,2,0,0
BRDA:87,2,1,0
BRDA:92,3,0,0
BRDA:92,3,1,0
BRDA:98,4,0,0
BRDA:98,4,1,0
BRF:10
BRH:0
end_of_record
TN:
SF:/home/tt/Desktop/trips3m_web/app-v2/modules/rlp/header/index.js
FNF:0
FNH:0
LF:0
LH:0
BRF:0
BRH:0
end_of_record
TN:
SF:/home/tt/Desktop/trips3m_web/app-v2/modules/rlp/leadSubmittedStage/LeadSubmittedStage.js
FN:16,(anonymous_0)
FN:24,(anonymous_1)
FN:30,(anonymous_2)
FN:34,(anonymous_3)
FN:45,(anonymous_4)
FN:58,(anonymous_5)
FN:64,(anonymous_6)
FN:76,(anonymous_7)
FN:92,(anonymous_8)
FN:100,(anonymous_9)
FN:112,(anonymous_10)
FN:113,(anonymous_11)
FN:123,(anonymous_12)
FN:133,(anonymous_13)
FN:137,(anonymous_14)
FN:156,(anonymous_15)
FNF:16
FNH:6
FNDA:6,(anonymous_0)
FNDA:0,(anonymous_1)
FNDA:1,(anonymous_2)
FNDA:2,(anonymous_3)
FNDA:0,(anonymous_4)
FNDA:0,(anonymous_5)
FNDA:0,(anonymous_6)
FNDA:0,(anonymous_7)
FNDA:1,(anonymous_8)
FNDA:0,(anonymous_9)
FNDA:0,(anonymous_10)
FNDA:0,(anonymous_11)
FNDA:1,(anonymous_12)
FNDA:0,(anonymous_13)
FNDA:0,(anonymous_14)
FNDA:7,(anonymous_15)
DA:13,1
DA:17,6
DA:19,6
DA:25,0
DA:26,0
DA:31,1
DA:35,2
DA:36,2
DA:38,1
DA:39,1
DA:41,1
DA:46,0
DA:48,0
DA:50,0
DA:52,0
DA:54,0
DA:59,0
DA:61,0
DA:63,0
DA:64,0
DA:67,0
DA:75,0
DA:76,0
DA:81,0
DA:84,0
DA:86,0
DA:88,0
DA:93,1
DA:95,1
DA:96,0
[...]
DA:237,84
DA:238,84
DA:239,84
DA:240,84
DA:241,84
DA:242,84
DA:243,84
DA:244,84
DA:245,84
DA:246,84
DA:247,84
DA:248,84
DA:249,84
DA:250,84
DA:251,84
DA:252,84
DA:253,84
DA:254,84
DA:255,84
DA:256,84
DA:257,84
DA:258,84
DA:259,84
DA:260,84
DA:261,84
DA:262,84
DA:263,84
DA:264,84
DA:265,84
DA:266,84
DA:267,84
DA:268,84
DA:269,84
DA:270,84
DA:271,84
DA:272,84
DA:273,84
DA:274,84
DA:275,84
DA:276,84
DA:277,84
DA:278,84
DA:279,84
DA:280,84
DA:281,84
DA:282,84
DA:283,84
DA:286,84
DA:287,84
DA:288,84
DA:289,84
DA:290,84
DA:291,84
DA:292,84
DA:293,84
DA:294,84
DA:295,84
DA:296,84
DA:297,84
DA:298,84
DA:299,84
DA:300,84
DA:301,84
DA:302,84
DA:303,84
DA:304,84
DA:305,84
LF:291
LH:288
BRDA:9,0,0,0
BRDA:9,0,1,0
BRDA:9,1,0,0
BRDA:9,1,1,0
BRF:4
BRH:0
end_of_record
TN:
SF:/home/tt/Desktop/trips3m_web/app/reducers/auth.js
FN:24,reducer
FN:121,isLoaded
FN:125,isLoading
FN:129,isLoggedIn
FN:137,canUserRefer
FN:145,isSignedUp
FN:149,signUpError
FN:153,user
FN:184,shouldDisplayLatestTrip
FN:202,userEmail
FN:210,getUserDetails
FNF:11
FNH:0
FNDA:0,reducer
FNDA:0,isLoaded
FNDA:0,isLoading
FNDA:0,isLoggedIn
FNDA:0,canUserRefer
FNDA:0,isSignedUp
FNDA:0,signUpError
FNDA:0,user
FNDA:0,shouldDisplayLatestTrip
FNDA:0,userEmail
FNDA:0,getUserDetails
DA:18,20
DA:25,0
DA:27,0
DA:33,0
DA:41,0
DA:50,0
DA:57,0
DA:65,0
DA:73,0
DA:79,0
DA:88,0
DA:95,0
DA:103,0
DA:110,0
DA:117,0
DA:122,0
DA:126,0
DA:130,0
DA:131,0
DA:133,0
DA:138,0
DA:139,0
DA:141,0
DA:146,0
DA:150,0
DA:154,0
DA:155,0
DA:156,0
DA:161,0
DA:162,0
DA:163,0
DA:164,0
DA:176,0
DA:177,0
DA:185,0
DA:186,0
DA:187,0
DA:194,0
DA:196,0
DA:198,0
DA:203,0
DA:204,0
DA:206,0
DA:211,0
DA:212,0
DA:214,0
LF:46
LH:1
BRDA:24,0,0,0
BRDA:24,1,0,0
BRDA:25,2,0,0
BRDA:25,2,1,0
BRDA:25,2,2,0
BRDA:25,2,3,0
BRDA:25,2,4,0
BRDA:25,2,5,0
BRDA:25,2,6,0
BRDA:25,2,7,0
BRDA:25,2,8,0
BRDA:25,2,9,0
BRDA:25,2,10,0
BRDA:25,2,11,0
BRDA:25,2,12,0
BRDA:114,3,0,0
BRDA:114,3,1,0
BRDA:122,4,0,0
BRDA:122,4,1,0
BRDA:126,5,0,0
BRDA:126,5,1,0
BRDA:131,6,0,0
BRDA:131,6,1,0
BRDA:139,7,0,0
BRDA:139,7,1,0
BRDA:146,8,0,0
BRDA:146,8,1,0
BRDA:146,8,2,0
BRDA:150,9,0,0
BRDA:150,9,1,0
BRDA:150,9,2,0
BRDA:154,10,0,0
BRDA:154,10,1,0
BRDA:170,11,0,0
BRDA:170,11,1,0
BRDA:170,12,0,0
BRDA:170,12,1,0
BRDA:187,13,0,0
BRDA:187,13,1,0
BRDA:188,14,0,0
BRDA:188,14,1,0
BRDA:188,14,2,0
BRDA:188,14,3,0
BRDA:188,14,4,0
BRDA:204,15,0,0
BRDA:204,15,1,0
BRDA:212,16,0,0
BRDA:212,16,1,0
BRF:48
BRH:0
end_of_record
TN:
SF:/home/tt/Desktop/trips3m_web/app/reducers/citySearch.js
FN:20,reducer
FN:62,(anonymous_1)
FN:64,(anonymous_2)
FN:66,(anonymous_3)
FN:68,(anonymous_4)
FN:82,(anonymous_5)
FN:84,(anonymous_6)
FNF:7
FNH:0
FNDA:0,reducer
FNDA:0,(anonymous_1)
FNDA:0,(anonymous_2)
FNDA:0,(anonymous_3)
FNDA:0,(anonymous_4)
FNDA:0,(anonymous_5)
FNDA:0,(anonymous_6)
DA:5,4
DA:6,4
DA:7,4
DA:8,4
DA:9,4
DA:10,4
DA:12,4
DA:21,0
DA:23,0
DA:28,0
DA:33,0
DA:39,0
DA:46,0
DA:51,0
DA:56,0
DA:62,4
DA:64,4
DA:66,4
DA:68,0
DA:82,4
DA:84,4
DA:85,0
DA:86,0
DA:91,0
DA:92,0
LF:25
LH:12
BRDA:20,0,0,0
BRDA:20,1,0,0
BRDA:21,2,0,0
BRDA:21,2,1,0
BRDA:21,2,2,0
BRDA:21,2,3,0
BRDA:21,2,4,0
BRDA:21,2,5,0
BRDA:21,2,6,0
BRDA:25,3,0,0
BRDA:25,3,1,0
BRDA:36,4,0,0
BRDA:36,4,1,0
BRDA:48,5,0,0
BRDA:48,5,1,0
BRDA:66,6,0,0
BRDA:66,7,0,0
BRDA:82,8,0,0
BRDA:82,8,1,0
BRDA:82,8,2,0
BRF:20
BRH:0
end_of_record
TN:
SF:/home/tt/Desktop/trips3m_web/app/reducers/formOneLead.js
FN:17,reducer
FN:55,isLoaded
FN:59,redirectUrl
FN:71,isLoading
FN:75,loadingError
FN:79,load
FN:86,(anonymous_6)
FN:90,reset
FN:96,updateFromOneProps
FN:103,rtData
FN:110,getFunnelUuid
FN:117,getNameType
FN:124,createTripOnRedis
FN:128,(anonymous_13)
FNF:14
FNH:0
FNDA:0,reducer
FNDA:0,isLoaded
FNDA:0,redirectUrl
FNDA:0,isLoading
FNDA:0,loadingError
FNDA:0,load
FNDA:0,(anonymous_6)
FNDA:0,reset
FNDA:0,updateFromOneProps
FNDA:0,rtData
FNDA:0,getFunnelUuid
FNDA:0,getNameType
FNDA:0,createTripOnRedis
FNDA:0,(anonymous_13)
DA:6,7
DA:7,7
DA:8,7
DA:9,7
DA:10,7
DA:12,7
DA:18,0
DA:20,0
DA:26,0
DA:34,0
DA:42,0
DA:46,0
DA:51,0
DA:56,0
DA:60,0
DA:66,0
DA:68,0
DA:72,0
DA:76,0
DA:80,0
DA:81,0
DA:84,0
DA:86,0
DA:91,0
DA:97,0
DA:104,0
DA:105,0
DA:107,0
DA:111,0
DA:112,0
DA:114,0
DA:118,0
DA:119,0
DA:121,0
DA:125,0
DA:126,0
DA:128,0
LF:37
LH:6
BRDA:17,0,0,0
BRDA:17,1,0,0
BRDA:18,2,0,0
BRDA:18,2,1,0
BRDA:18,2,2,0
BRDA:18,2,3,0
BRDA:18,2,4,0
BRDA:18,2,5,0
BRDA:56,3,0,0
BRDA:56,3,1,0
BRDA:60,4,0,0
BRDA:60,4,1,0
BRDA:61,5,0,0
BRDA:61,5,1,0
BRDA:61,5,2,0
BRDA:61,5,3,0
BRDA:72,6,0,0
BRDA:72,6,1,0
BRDA:72,6,2,0
BRDA:76,7,0,0
BRDA:76,7,1,0
BRDA:76,7,2,0
BRDA:80,8,0,0
BRDA:80,8,1,0
BRDA:81,9,0,0
BRDA:81,9,1,0
BRDA:104,10,0,0
BRDA:104,10,1,0
BRDA:104,11,0,0
BRDA:104,11,1,0
BRDA:111,12,0,0
BRDA:111,12,1,0
BRDA:111,13,0,0
BRDA:111,13,1,0
BRDA:118,14,0,0
BRDA:118,14,1,0
BRF:36
BRH:0
end_of_record
TN:
SF:/home/tt/Desktop/trips3m_web/app/reducers/search.js
FN:23,reducer
FN:86,(anonymous_1)
FN:88,(anonymous_2)
FN:92,(anonymous_3)
FN:95,(anonymous_4)
FN:108,(anonymous_5)
FN:136,(anonymous_6)
FNF:7
FNH:0
FNDA:0,reducer
FNDA:0,(anonymous_1)
FNDA:0,(anonymous_2)
FNDA:0,(anonymous_3)
FNDA:0,(anonymous_4)
FNDA:0,(anonymous_5)
FNDA:0,(anonymous_6)
DA:9,7
DA:10,7
DA:12,7
DA:24,0
DA:26,0
DA:31,0
DA:37,0
DA:44,0
DA:52,0
DA:58,0
DA:65,0
DA:73,0
DA:78,0
DA:80,0
DA:86,7
DA:88,7
DA:92,7
DA:93,0
DA:95,7
DA:96,0
DA:97,0
DA:99,0
DA:100,0
DA:102,0
DA:104,0
DA:108,7
DA:109,0
DA:110,0
DA:111,0
DA:112,0
DA:115,0
DA:124,0
DA:125,0
DA:126,0
DA:127,0
DA:130,0
DA:133,0
DA:136,7
DA:137,0
LF:39
LH:9
BRDA:23,0,0,0
BRDA:23,1,0,0
BRDA:24,2,0,0
BRDA:24,2,1,0
BRDA:24,2,2,0
BRDA:24,2,3,0
BRDA:24,2,4,0
BRDA:24,2,5,0
BRDA:24,2,6,0
BRDA:24,2,7,0
BRDA:24,2,8,0
BRDA:24,2,9,0
BRDA:28,3,0,0
BRDA:28,3,1,0
BRDA:75,4,0,0
BRDA:75,4,1,0
BRDA:93,5,0,0
BRDA:93,5,1,0
BRDA:93,5,2,0
BRDA:99,6,0,0
BRDA:99,6,1,0
BRDA:102,7,0,0
BRDA:102,7,1,0
BRDA:109,8,0,0
BRDA:109,8,1,0
BRDA:111,9,0,0
BRDA:111,9,1,0
BRDA:126,10,0,0
BRDA:126,10,1,0
BRDA:126,11,0,0
BRDA:126,11,1,0
BRF:31
BRH:0
end_of_record
TN:
SF:/home/tt/Desktop/trips3m_web/app/reducers/destinationListing/destinations.js
FN:19,generateWeekendOptions
FN:20,(anonymous_1)
FN:60,adaptDestinationList
FN:61,(anonymous_3)
FN:82,reducer
FN:123,destinationListingInformation
FN:124,(anonymous_6)
FN:133,getSelectionList
FN:140,getSelectedItem
FN:144,isSelectionListVisible
FN:148,getFiltersData
FNF:11
FNH:5
FNDA:7,generateWeekendOptions
FNDA:140,(anonymous_1)
FNDA:1,adaptDestinationList
FNDA:1,(anonymous_3)
FNDA:2,reducer
FNDA:0,destinationListingInformation
FNDA:0,(anonymous_6)
FNDA:0,getSelectionList
FNDA:0,getSelectedItem
FNDA:0,isSelectionListVisible
FNDA:0,getFiltersData
DA:13,7
DA:20,7
DA:21,140
DA:30,7
DA:61,1
DA:62,1
DA:79,1
DA:83,2
DA:85,0
DA:93,1
DA:104,0
DA:109,0
DA:114,0
DA:119,1
DA:124,0
DA:125,0
DA:134,0
DA:135,0
DA:137,0
DA:141,0
DA:145,0
DA:149,0
DA:150,0
DA:155,0
DA:156,0
LF:25
LH:10
BRDA:61,0,0,1
BRDA:61,0,1,0
BRDA:82,1,0,0
BRDA:82,2,0,0
BRDA:83,3,0,0
BRDA:83,3,1,1
BRDA:83,3,2,0
BRDA:83,3,3,0
BRDA:83,3,4,0
BRDA:83,3,5,1
BRDA:134,4,0,0
BRDA:134,4,1,0
BRF:12
BRH:3
end_of_record
TN:
SF:/home/tt/Desktop/trips3m_web/app/reducers/destinationListing/filter.js
FN:233,reducer
FN:337,selectedFilterCount
FN:338,(anonymous_2)
FN:341,(anonymous_3)
FN:342,(anonymous_4)
FN:354,isBadWeekendFilter
FNF:6
FNH:1
FNDA:6,reducer
FNDA:0,selectedFilterCount
FNDA:0,(anonymous_2)
FNDA:0,(anonymous_3)
FNDA:0,(anonymous_4)
FNDA:0,isBadWeekendFilter
DA:17,1
DA:203,1
DA:210,1
DA:224,1
DA:234,6
DA:236,0
DA:245,0
DA:250,0
DA:255,0
DA:263,0
DA:271,0
DA:272,0
DA:273,0
DA:282,1
DA:288,1
DA:297,1
DA:302,1
DA:310,0
DA:318,1
DA:323,0
DA:333,1
DA:338,0
DA:339,0
DA:340,0
DA:341,0
DA:342,0
DA:343,0
DA:344,0
DA:346,0
DA:348,0
DA:350,0
DA:355,0
LF:32
LH:11
BRDA:233,0,0,0
BRDA:233,1,0,0
BRDA:234,2,0,0
BRDA:234,2,1,0
BRDA:234,2,2,0
BRDA:234,2,3,0
BRDA:234,2,4,0
BRDA:234,2,5,0
BRDA:234,2,6,1
BRDA:234,2,7,1
BRDA:234,2,8,1
BRDA:234,2,9,1
BRDA:234,2,10,0
BRDA:234,2,11,1
BRDA:234,2,12,0
BRDA:234,2,13,1
BRDA:343,3,0,0
BRDA:343,3,1,0
BRDA:355,4,0,0
BRDA:355,4,1,0
BRDA:355,4,2,0
BRDA:355,4,3,0
BRDA:355,4,4,0
BRDA:355,4,5,0
BRF:24
BRH:6
end_of_record
TN:
SF:/home/tt/Desktop/trips3m_web/app/reducers/leadForm/common.js
FN:20,reducer
FN:62,getCommonProperties
FN:70,getFormValues
FN:78,updateFields
FNF:4
FNH:0
FNDA:0,reducer
FNDA:0,getCommonProperties
FNDA:0,getFormValues
FNDA:0,updateFields
DA:12,1
DA:21,0
DA:23,0
DA:28,0
DA:33,0
DA:38,0
DA:43,0
DA:48,0
DA:53,0
DA:58,0
DA:63,0
DA:64,0
DA:66,0
DA:71,0
DA:72,0
DA:74,0
DA:79,0
LF:17
LH:1
BRDA:20,0,0,0
BRDA:20,1,0,0
BRDA:21,2,0,0
BRDA:21,2,1,0
BRDA:21,2,2,0
BRDA:21,2,3,0
BRDA:21,2,4,0
BRDA:21,2,5,0
BRDA:21,2,6,0
BRDA:21,2,7,0
BRF:10
BRH:0
end_of_record
TN:
SF:/home/tt/Desktop/trips3m_web/app/reducers/leadForm/formTwoLead.js
FN:12,getBudgetOptions
FN:49,(anonymous_1)
FN:62,isFlightSelected
FN:67,getSelectedBudget
FN:77,reducer
FN:106,load
FN:109,(anonymous_6)
FN:119,getToDestination
FN:121,(anonymous_8)
FNF:9
FNH:0
FNDA:0,getBudgetOptions
FNDA:0,(anonymous_1)
FNDA:0,isFlightSelected
FNDA:0,getSelectedBudget
FNDA:0,reducer
FNDA:0,load
FNDA:0,(anonymous_6)
FNDA:0,getToDestination
FNDA:0,(anonymous_8)
DA:4,1
DA:5,1
DA:6,1
DA:8,1
DA:13,0
DA:14,0
DA:15,0
DA:16,0
DA:22,0
DA:24,0
DA:26,0
DA:28,0
DA:30,0
DA:31,0
DA:32,0
DA:34,0
DA:35,0
DA:37,0
DA:40,0
DA:44,0
DA:46,0
DA:48,0
DA:49,0
DA:51,0
DA:53,0
DA:55,0
DA:57,0
DA:63,0
DA:64,0
DA:68,0
DA:78,0
DA:80,0
DA:86,0
DA:94,0
DA:102,0
DA:107,0
DA:109,0
DA:120,0
DA:121,0
DA:122,0
DA:123,0
DA:125,0
LF:42
LH:4
BRDA:22,0,0,0
BRDA:22,0,1,0
BRDA:22,1,0,0
BRDA:22,1,1,0
BRDA:22,1,2,0
BRDA:26,2,0,0
BRDA:26,2,1,0
BRDA:26,2,2,0
BRDA:32,3,0,0
BRDA:32,3,1,0
BRDA:32,3,2,0
BRDA:35,4,0,0
BRDA:35,4,1,0
BRDA:40,5,0,0
BRDA:40,5,1,0
BRDA:40,6,0,0
BRDA:40,6,1,0
BRDA:40,6,2,0
BRDA:44,7,0,0
BRDA:44,7,1,0
BRDA:44,8,0,0
BRDA:44,8,1,0
BRDA:44,8,2,0
BRDA:63,9,0,0
BRDA:63,9,1,0
BRDA:63,9,2,0
BRDA:64,10,0,0
BRDA:64,10,1,0
BRDA:64,10,2,0
BRDA:68,11,0,0
BRDA:68,11,1,0
BRDA:68,11,2,0
BRDA:68,11,3,0
BRDA:68,11,4,0
BRDA:77,12,0,0
BRDA:77,13,0,0
BRDA:78,14,0,0
BRDA:78,14,1,0
BRDA:78,14,2,0
BRDA:78,14,3,0
BRDA:123,15,0,0
BRDA:123,15,1,0
BRF:42
BRH:0
end_of_record
TN:
SF:/home/tt/Desktop/trips3m_web/app/reducers/leadForm/sliderQuestions.js
FN:12,reducer
FN:41,getSliderQuestions
FN:54,load
FN:57,(anonymous_3)
FNF:4
FNH:0
FNDA:0,reducer
FNDA:0,getSliderQuestions
FNDA:0,load
FNDA:0,(anonymous_3)
DA:3,1
DA:4,1
DA:5,1
DA:7,1
DA:13,0
DA:15,0
DA:21,0
DA:29,0
DA:37,0
DA:42,0
DA:43,0
DA:44,0
DA:48,0
DA:49,0
DA:55,0
DA:57,0
LF:16
LH:4
BRDA:12,0,0,0
BRDA:12,1,0,0
BRDA:13,2,0,0
BRDA:13,2,1,0
BRDA:13,2,2,0
BRDA:13,2,3,0
BRDA:25,3,0,0
BRDA:25,3,1,0
BRF:8
BRH:0
end_of_record
TN:
SF:/home/tt/Desktop/trips3m_web/app/reducers/listing/filters.js
FN:309,reducer
FN:442,selectedFilterCount
FN:443,(anonymous_2)
FN:446,(anonymous_3)
FN:447,(anonymous_4)
FN:459,isTourFilterSelected
FN:461,(anonymous_6)
FN:465,(anonymous_7)
FN:467,(anonymous_8)
FN:505,(anonymous_9)
FN:513,(anonymous_10)
FN:527,(anonymous_11)
FN:538,(anonymous_12)
FN:556,(anonymous_13)
FN:574,(anonymous_14)
FN:580,(anonymous_15)
FN:586,isDestinationTypeAll
FNF:17
FNH:8
FNDA:6,reducer
FNDA:0,selectedFilterCount
FNDA:0,(anonymous_2)
FNDA:0,(anonymous_3)
FNDA:0,(anonymous_4)
FNDA:0,isTourFilterSelected
FNDA:0,(anonymous_6)
FNDA:0,(anonymous_7)
FNDA:9,(anonymous_8)
FNDA:4,(anonymous_9)
FNDA:2,(anonymous_10)
FNDA:0,(anonymous_11)
FNDA:3,(anonymous_12)
FNDA:2,(anonymous_13)
FNDA:2,(anonymous_14)
FNDA:2,(anonymous_15)
FNDA:0,isDestinationTypeAll
DA:24,3
DA:26,3
DA:27,3
DA:28,3
DA:29,3
DA:30,3
DA:31,3
DA:33,3
DA:38,3
DA:43,3
DA:310,6
DA:312,0
DA:321,0
DA:326,0
DA:331,0
DA:341,0
DA:349,0
DA:355,0
DA:362,0
DA:370,1
DA:375,1
DA:380,1
DA:385,1
DA:393,1
DA:401,0
DA:409,0
DA:417,0
DA:428,1
DA:431,0
DA:438,0
DA:443,0
DA:444,0
DA:445,0
DA:446,0
DA:447,0
DA:448,0
DA:449,0
DA:451,0
DA:453,0
DA:455,0
DA:460,0
DA:461,0
DA:462,0
DA:465,3
DA:467,3
DA:468,9
DA:474,9
DA:475,3
DA:476,1
DA:478,3
DA:479,3
DA:481,3
DA:482,0
DA:485,6
DA:486,1
DA:490,5
DA:491,2
DA:495,3
DA:496,1
DA:502,9
DA:505,3
DA:506,4
DA:507,4
DA:513,3
DA:514,2
DA:516,2
DA:517,2
DA:518,0
DA:519,0
DA:520,0
DA:521,0
DA:524,2
DA:527,3
DA:528,0
DA:529,0
DA:538,3
DA:539,3
DA:540,3
DA:541,1
DA:542,2
DA:543,1
DA:545,1
DA:547,3
DA:556,3
DA:557,2
DA:558,2
DA:559,1
DA:560,1
DA:561,1
DA:563,0
DA:565,2
DA:574,3
DA:575,2
DA:580,3
DA:581,2
DA:587,0
DA:588,0
DA:589,0
DA:591,0
LF:99
LH:61
BRDA:309,0,0,0
BRDA:309,1,0,0
BRDA:310,2,0,0
BRDA:310,2,1,0
BRDA:310,2,2,0
BRDA:310,2,3,0
BRDA:310,2,4,0
BRDA:310,2,5,0
BRDA:310,2,6,0
BRDA:310,2,7,1
BRDA:310,2,8,1
BRDA:310,2,9,1
BRDA:310,2,10,1
BRDA:310,2,11,1
BRDA:310,2,12,0
BRDA:310,2,13,0
BRDA:310,2,14,0
BRDA:310,2,15,1
BRDA:310,2,16,0
BRDA:310,2,17,0
BRDA:448,3,0,0
BRDA:448,3,1,0
BRDA:460,4,0,0
BRDA:460,4,1,0
BRDA:462,5,0,0
BRDA:462,5,1,0
BRDA:474,6,0,3
BRDA:474,6,1,6
BRDA:474,7,0,9
BRDA:474,7,1,5
BRDA:475,8,0,1
BRDA:475,8,1,2
BRDA:478,9,0,3
BRDA:478,9,1,0
BRDA:481,10,0,0
BRDA:481,10,1,3
BRDA:485,11,0,1
BRDA:485,11,1,5
BRDA:490,12,0,2
BRDA:490,12,1,3
BRDA:495,13,0,1
BRDA:495,13,1,2
BRDA:516,14,0,2
BRDA:516,14,1,0
BRDA:516,15,0,2
BRDA:516,15,1,0
BRDA:518,16,0,0
BRDA:518,16,1,0
BRDA:520,17,0,0
BRDA:520,17,1,0
BRDA:538,18,0,2
BRDA:540,19,0,1
BRDA:540,19,1,2
BRDA:540,20,0,3
BRDA:540,20,1,2
BRDA:542,21,0,1
BRDA:542,21,1,1
BRDA:542,22,0,2
BRDA:542,22,1,1
BRDA:542,23,0,1
BRDA:542,23,1,1
BRDA:548,24,0,1
BRDA:548,24,1,2
BRDA:556,25,0,2
BRDA:558,26,0,1
BRDA:558,26,1,1
BRDA:558,27,0,2
BRDA:558,27,1,2
BRDA:560,28,0,1
BRDA:560,28,1,0
BRDA:560,29,0,0
BRDA:560,29,1,1
BRDA:566,30,0,0
BRDA:566,30,1,2
BRDA:576,31,0,1
BRDA:576,31,1,1
BRDA:580,32,0,0
BRDA:582,33,0,1
BRDA:582,33,1,1
BRDA:589,34,0,0
BRDA:589,34,1,0
BRF:81
BRH:47
end_of_record
TN:
SF:/home/tt/Desktop/trips3m_web/app/utils/filter.js
FN:1,(anonymous_0)
FNF:1
FNH:1
FNDA:14,(anonymous_0)
DA:1,4
DA:2,14
DA:3,8
DA:5,6
LF:4
LH:4
BRDA:2,0,0,8
BRDA:2,0,1,6
BRF:2
BRH:2
end_of_record
TN:
SF:/home/tt/Desktop/trips3m_web/app/utils/formValidators.js
FN:3,(anonymous_0)
FN:5,(anonymous_1)
FN:5,(anonymous_2)
FN:15,(anonymous_3)
FN:23,(anonymous_4)
FN:30,(anonymous_5)
FN:36,(anonymous_6)
FN:50,(anonymous_7)
FN:50,(anonymous_8)
FN:52,(anonymous_9)
FN:52,(anonymous_10)
FN:56,(anonymous_11)
FN:56,(anonymous_12)
FN:58,(anonymous_13)
FNF:14
FNH:2
FNDA:0,(anonymous_0)
FNDA:0,(anonymous_1)
FNDA:0,(anonymous_2)
FNDA:0,(anonymous_3)
FNDA:0,(anonymous_4)
FNDA:0,(anonymous_5)
FNDA:0,(anonymous_6)
FNDA:0,(anonymous_7)
FNDA:0,(anonymous_8)
FNDA:9,(anonymous_9)
FNDA:0,(anonymous_10)
FNDA:15,(anonymous_11)
FNDA:0,(anonymous_12)
FNDA:0,(anonymous_13)
DA:3,9
DA:5,9
DA:7,0
DA:11,0
DA:12,0
DA:15,9
DA:17,0
DA:19,0
DA:20,0
DA:23,9
DA:24,0
DA:25,0
DA:27,0
DA:30,9
DA:31,0
DA:36,9
DA:37,0
DA:38,0
DA:40,0
DA:44,0
DA:46,0
DA:50,9
DA:52,9
DA:54,9
DA:56,15
DA:58,9
DA:59,0
DA:60,0
DA:62,0
DA:66,0
DA:68,0
LF:31
LH:11
BRDA:3,0,0,0
BRDA:3,0,1,0
BRDA:7,1,0,0
BRDA:7,1,1,0
BRDA:7,2,0,0
BRDA:7,2,1,0
BRDA:17,3,0,0
BRDA:17,3,1,0
BRDA:17,4,0,0
BRDA:17,4,1,0
BRDA:24,5,0,0
BRDA:24,5,1,0
BRDA:24,6,0,0
BRDA:24,6,1,0
BRDA:31,7,0,0
BRDA:31,7,1,0
BRDA:31,8,0,0
BRDA:31,8,1,0
BRDA:37,9,0,0
BRDA:37,9,1,0
BRDA:40,10,0,0
BRDA:40,10,1,0
BRDA:40,11,0,0
BRDA:40,11,1,0
BRDA:40,11,2,0
BRDA:50,12,0,0
BRDA:50,13,0,0
BRDA:50,13,1,0
BRDA:52,14,0,0
BRDA:52,14,1,0
BRDA:56,15,0,0
BRDA:56,15,1,0
BRDA:59,16,0,0
BRDA:59,16,1,0
BRDA:62,17,0,0
BRDA:62,17,1,0
BRDA:62,18,0,0
BRDA:62,18,1,0
BRDA:62,18,2,0
BRF:39
BRH:0
end_of_record
TN:
SF:/home/tt/Desktop/trips3m_web/app/utils/parsers.js
FN:27,(anonymous_0)
FN:41,(anonymous_1)
FN:48,(anonymous_2)
FN:50,(anonymous_3)
FN:52,(anonymous_4)
FN:54,(anonymous_5)
FN:56,(anonymous_6)
FN:58,(anonymous_7)
FN:73,(anonymous_8)
FN:103,(anonymous_9)
FN:134,(anonymous_10)
FN:140,(anonymous_11)
FN:146,(anonymous_12)
FN:149,(anonymous_13)
FN:155,(anonymous_14)
FN:166,(anonymous_15)
FN:180,(anonymous_16)
FN:186,(anonymous_17)
FN:188,(anonymous_18)
FN:190,(anonymous_19)
FN:198,(anonymous_20)
FN:201,(anonymous_21)
FN:206,(anonymous_22)
FN:209,(anonymous_23)
FNF:24
FNH:7
FNDA:12,(anonymous_0)
FNDA:0,(anonymous_1)
FNDA:5,(anonymous_2)
FNDA:5,(anonymous_3)
FNDA:0,(anonymous_4)
FNDA:79,(anonymous_5)
FNDA:0,(anonymous_6)
FNDA:2,(anonymous_7)
FNDA:31,(anonymous_8)
FNDA:0,(anonymous_9)
FNDA:0,(anonymous_10)
FNDA:0,(anonymous_11)
FNDA:0,(anonymous_12)
FNDA:0,(anonymous_13)
FNDA:0,(anonymous_14)
FNDA:0,(anonymous_15)
FNDA:5,(anonymous_16)
FNDA:0,(anonymous_17)
FNDA:0,(anonymous_18)
FNDA:0,(anonymous_19)
FNDA:0,(anonymous_20)
FNDA:0,(anonymous_21)
FNDA:0,(anonymous_22)
FNDA:0,(anonymous_23)
DA:6,72
DA:27,72
DA:28,12
DA:29,0
DA:32,12
DA:33,12
DA:34,12
DA:35,12
DA:36,12
DA:41,72
DA:42,0
DA:43,0
DA:45,0
DA:48,72
DA:50,72
DA:52,72
DA:54,79
DA:56,72
DA:58,72
DA:61,2
DA:63,2
DA:64,5
DA:65,0
DA:66,0
DA:67,0
DA:71,5
DA:72,5
DA:73,31
DA:74,11
DA:75,7
DA:81,2
DA:82,2
DA:83,2
DA:84,0
DA:85,0
DA:87,0
DA:88,0
DA:90,0
DA:91,0
DA:93,0
DA:95,2
DA:96,2
DA:97,2
DA:98,2
DA:100,2
DA:103,72
DA:104,0
DA:105,0
DA:106,0
DA:107,0
DA:108,0
DA:109,0
DA:110,0
DA:111,0
DA:112,0
DA:113,0
DA:115,0
DA:116,0
DA:118,0
DA:121,0
DA:122,0
DA:124,0
DA:125,0
DA:127,0
DA:128,0
DA:131,0
DA:134,72
DA:135,0
DA:136,0
DA:137,0
DA:140,72
DA:141,0
DA:143,0
DA:146,72
DA:147,0
DA:149,72
DA:150,0
DA:151,0
DA:152,0
DA:155,72
DA:156,0
DA:157,0
DA:158,0
DA:160,0
DA:166,72
DA:167,0
DA:169,0
DA:171,0
DA:172,0
DA:173,0
DA:174,0
DA:177,0
DA:180,72
DA:181,5
DA:182,5
DA:183,5
DA:186,72
DA:188,72
DA:189,0
DA:190,0
DA:193,0
DA:194,0
DA:195,0
DA:196,0
DA:198,0
DA:201,72
DA:202,0
DA:203,0
DA:204,0
DA:206,0
DA:209,72
DA:210,0
DA:211,0
DA:212,0
DA:213,0
DA:214,0
DA:217,0
LF:117
LH:46
BRDA:27,0,0,0
BRDA:28,1,0,0
BRDA:28,1,1,12
BRDA:32,2,0,0
BRDA:32,2,1,12
BRDA:33,3,0,0
BRDA:33,3,1,12
BRDA:34,4,0,0
BRDA:34,4,1,12
BRDA:35,5,0,0
BRDA:35,5,1,12
BRDA:48,6,0,5
BRDA:48,6,1,0
BRDA:50,7,0,0
BRDA:52,8,0,0
BRDA:52,9,0,0
BRDA:58,10,0,2
BRDA:64,11,0,0
BRDA:64,11,1,5
BRDA:66,12,0,0
BRDA:66,12,1,0
BRDA:74,13,0,7
BRDA:74,13,1,4
BRDA:74,14,0,11
BRDA:74,14,1,11
BRDA:83,15,0,0
BRDA:83,15,1,2
BRDA:84,16,0,0
BRDA:84,16,1,0
BRDA:87,17,0,0
BRDA:87,17,1,0
BRDA:90,18,0,0
BRDA:90,18,1,0
BRDA:95,19,0,2
BRDA:95,19,1,0
BRDA:95,20,0,2
BRDA:95,20,1,2
BRDA:103,21,0,0
BRDA:109,22,0,0
BRDA:109,22,1,0
BRDA:110,23,0,0
BRDA:110,23,1,0
BRDA:111,24,0,0
BRDA:111,24,1,0
BRDA:112,25,0,0
BRDA:112,25,1,0
BRDA:113,26,0,0
BRDA:113,26,1,0
BRDA:113,27,0,0
BRDA:113,27,1,0
BRDA:113,27,2,0
BRDA:113,27,3,0
BRDA:113,27,4,0
BRDA:113,27,5,0
BRDA:113,27,6,0
BRDA:113,27,7,0
BRDA:113,27,8,0
BRDA:115,28,0,0
BRDA:115,28,1,0
BRDA:121,29,0,0
BRDA:121,29,1,0
BRDA:124,30,0,0
BRDA:124,30,1,0
BRDA:127,31,0,0
BRDA:127,31,1,0
BRDA:134,32,0,0
BRDA:134,33,0,0
BRDA:134,34,0,0
BRDA:137,35,0,0
BRDA:137,35,1,0
BRDA:137,36,0,0
BRDA:137,36,1,0
BRDA:140,37,0,0
BRDA:140,38,0,0
BRDA:140,39,0,0
BRDA:140,40,0,0
BRDA:143,41,0,0
BRDA:143,41,1,0
BRDA:146,42,0,0
BRDA:146,43,0,0
BRDA:149,44,0,0
BRDA:149,45,0,0
BRDA:152,46,0,0
BRDA:152,46,1,0
BRDA:155,47,0,0
BRDA:155,48,0,0
BRDA:155,49,0,0
BRDA:157,50,0,0
BRDA:157,50,1,0
BRDA:169,51,0,0
BRDA:169,51,1,0
BRDA:181,52,0,5
BRDA:181,52,1,0
BRDA:186,53,0,0
BRDA:186,54,0,0
BRDA:189,55,0,0
BRDA:189,55,1,0
BRDA:193,56,0,0
BRDA:193,56,1,0
BRDA:193,56,2,0
BRDA:193,56,3,0
BRDA:195,57,0,0
BRDA:195,57,1,0
BRDA:203,58,0,0
BRDA:203,58,1,0
BRDA:211,59,0,0
BRDA:211,59,1,0
BRF:107
BRH:17
end_of_record
TN:
SF:/home/tt/Desktop/trips3m_web/config/index.js
FNF:0
FNH:0
DA:1,110
LF:1
LH:1
BRF:0
BRH:0
end_of_record
TN:
SF:/home/tt/Desktop/trips3m_web/middlewares/tourismUrls.js
FN:5,(anonymous_0)
FN:14,(anonymous_1)
FN:57,(anonymous_2)
FN:57,(anonymous_3)
FNF:4
FNH:2
FNDA:2,(anonymous_0)
FNDA:2,(anonymous_1)
FNDA:0,(anonymous_2)
FNDA:0,(anonymous_3)
DA:14,2
DA:16,2
DA:17,2
DA:18,0
DA:22,2
DA:25,2
DA:27,2
DA:28,2
DA:32,2
DA:34,1
DA:37,1
DA:38,1
DA:40,1
DA:41,2
DA:42,2
DA:44,2
DA:45,0
DA:46,0
DA:51,0
DA:52,0
DA:54,0
DA:55,0
DA:56,0
DA:57,0
DA:59,0
DA:63,0
DA:66,0
DA:67,0
DA:69,0
DA:74,1
DA:75,0
DA:77,0
DA:80,1
LF:33
LH:17
BRDA:17,0,0,0
BRDA:17,0,1,2
BRDA:17,1,0,2
BRDA:17,1,1,2
BRDA:32,2,0,1
BRDA:32,2,1,1
BRDA:44,3,0,0
BRDA:44,3,1,2
BRDA:51,4,0,0
BRDA:51,4,1,0
BRDA:52,5,0,0
BRDA:52,5,1,0
BRDA:55,6,0,0
BRDA:55,6,1,0
BRDA:59,7,0,0
BRDA:59,7,1,0
BRDA:66,8,0,0
BRDA:66,8,1,0
BRDA:74,9,0,0
BRDA:74,9,1,1
BRF:20
BRH:7
end_of_record
